gpasm-1.4.0 #1106 (Oct  6 2014) obj\Debug\cou   5-13-2022  16:36:37         PAGE  1


LOC    OBJECT CODE    LINE  SOURCE TEXT
  VALUE

                      00001 ;--------------------------------------------------------
                      00002 ; File Created by SDCC : free open source ANSI-C Compiler
                      00003 ; Version 3.5.0 #9253 (Jun 20 2015) (MINGW32)
                      00004 ; This file was generated Fri May 13 16:36:37 2022
                      00005 ;--------------------------------------------------------
                      00006 ; PIC port for the 14-bit core
                      00007 ;--------------------------------------------------------
                      00008         .file   "counter.c"
                      00009         list    p=16f877a
                      00010         radix dec
                      00011         include "p16f877a.inc"
                      00001         LIST
                      00002 
                      00003 ;==========================================================================
                      00004 ; Build date : Aug 07 2014
                      00005 ;  MPASM PIC16F877A processor include
                      00006 ; 
                      00007 ;  (c) Copyright 1999-2014 Microchip Technology, All rights reserved
                      00008 ;==========================================================================
                      00009 
                      00567         LIST
                      00012 ;--------------------------------------------------------
                      00013 ; external declarations
                      00014 ;--------------------------------------------------------
  0000                00015         extern  _SSD_Init
  0000                00016         extern  _SSD_Update
  0000                00017         extern  _SSD_SetState
  0000                00018         extern  _SSD_SetSymbol
  0000                00019         extern  _PB_Init
  0000                00020         extern  _PB_Update
  0000                00021         extern  _PB_GetState
  0000                00022         extern  _Delay_ms
  0000                00023         extern  __moduint
  0000                00024         extern  __divuint
                      00025 
  0000                00026         extern PSAVE
  0000                00027         extern SSAVE
  0000                00028         extern WSAVE
  0000                00029         extern STK12
  0000                00030         extern STK11
  0000                00031         extern STK10
  0000                00032         extern STK09
  0000                00033         extern STK08
  0000                00034         extern STK07
  0000                00035         extern STK06
  0000                00036         extern STK05
  0000                00037         extern STK04
  0000                00038         extern STK03
  0000                00039         extern STK02
  0000                00040         extern STK01
  0000                00041         extern STK00
                      00042 ;--------------------------------------------------------
                      00043 ; global declarations
gpasm-1.4.0 #1106 (Oct  6 2014) obj\Debug\cou   5-13-2022  16:36:37         PAGE  2


LOC    OBJECT CODE    LINE  SOURCE TEXT
  VALUE

                      00044 ;--------------------------------------------------------
  0000                00045         global  _COUNTER_GetCount
  0000                00046         global  _COUNTER_SetCount
  0000                00047         global  _COUNTER_Update
  0000                00048         global  _COUNTER_Init
  0000                00049         global  _currentCount
  0000                00050         global  _ii
                      00051 
                      00052 ;--------------------------------------------------------
                      00053 ; global definitions
                      00054 ;--------------------------------------------------------
                      00055 UD_counter_0    udata
0000                  00056 _currentCount   res     2
                      00057 
                      00058 ;--------------------------------------------------------
                      00059 ; absolute symbol definitions
                      00060 ;--------------------------------------------------------
                      00061 ;--------------------------------------------------------
                      00062 ; compiler-defined variables
                      00063 ;--------------------------------------------------------
                      00064 UDL_counter_0   udata
0000                  00065 r0x1004 res     1
0001                  00066 r0x1005 res     1
0002                  00067 r0x1006 res     1
0003                  00068 r0x1007 res     1
0004                  00069 r0x1009 res     1
0005                  00070 r0x1002 res     1
0006                  00071 r0x1003 res     1
                      00072 ;--------------------------------------------------------
                      00073 ; initialized data
                      00074 ;--------------------------------------------------------
                      00075 
                      00076 ID_counter_0    idata
0000                  00077 _ii
0000   00 00          00078         db      0x00, 0x00
                      00079 
                      00080 ;--------------------------------------------------------
                      00081 ; overlayable items in internal ram 
                      00082 ;--------------------------------------------------------
                      00083 ;       udata_ovr
                      00084 ;--------------------------------------------------------
                      00085 ; code
                      00086 ;--------------------------------------------------------
                      00087 code_counter    code
                      00088 ;***
                      00089 ;  pBlock Stats: dbName = C
                      00090 ;***
                      00091 ;entry:  _COUNTER_GetCount      ;Function start
                      00092 ; 2 exit points
                      00093 ;has an exit
                      00094 ;3 compiler assigned registers:
                      00095 ;   r0x1002
                      00096 ;   r0x1003
gpasm-1.4.0 #1106 (Oct  6 2014) obj\Debug\cou   5-13-2022  16:36:37         PAGE  3


LOC    OBJECT CODE    LINE  SOURCE TEXT
  VALUE

                      00097 ;   STK00
                      00098 ;; Starting pCode block
                      00099 ;;; /home/sdcc-builder/build/sdcc-build/orig/sdcc/src/pic14/gen.c:2316:resultRemat *{*
                      00100 ;;; /home/sdcc-builder/build/sdcc-build/orig/sdcc/src/pic14/gen.c:2760:genLabel *{*
                      00101 ;; ***  genLabel  2763
                      00102 ;;; /home/sdcc-builder/build/sdcc-build/orig/sdcc/src/pic14/gen.c:2316:resultRemat *{*
                      00103 ;;; /home/sdcc-builder/build/sdcc-build/orig/sdcc/src/pic14/gen.c:2340:genFunction *{*
                      00104 ;; ***  genFunction  2342 curr label offset=18previous max_key=0 
0000                  00105 _COUNTER_GetCount       ;Function start
                      00106 ; 2 exit points
                      00107 ;;; /home/sdcc-builder/build/sdcc-build/orig/sdcc/src/pic14/gen.c:2316:resultRemat *{*
                      00108 ;;; /home/sdcc-builder/build/sdcc-build/orig/sdcc/src/pic14/gen.c:6927:genAssign *{*
                      00109 ;; ***  genAssign  6928
                      00110 ;; ***  aopForSym 315
                      00111 ;;      327 sym->rname = _currentCount, size = 2
                      00112 ;;      694 register type nRegs=2
                      00113 ;;      line = 6937 result AOP_REG=r0x1050, size=2, left -=-, size=0, right AOP_DIR=_currentCount, size=
                            2
                      00114 ;; ***  genAssign  7023
                      00115 ;;; /home/sdcc-builder/build/sdcc-build/orig/sdcc/src/pic14/gen.c:1343:mov2w_op *{*
                      00116 ;; ***  mov2w  1381  offset=0
                      00117 ;; >>> /home/sdcc-builder/build/sdcc-build/orig/sdcc/src/pic14/gen.c:1386:mov2w
                      00118 ;;      1009
                      00119 ;;      1028  _currentCount   offset=0
                      00120         .line   44; "counter.c" ret = currentCount ;
0000   ???? ????      00121         BANKSEL _currentCount
0002   08??           00122         MOVF    _currentCount,W
                      00123 ;; >>> /home/sdcc-builder/build/sdcc-build/orig/sdcc/src/pic14/gen.c:7050:genAssign
                      00124 ;;      1109 rIdx = r0x1050 
0003   ???? ????      00125         BANKSEL r0x1002
0005   00??           00126         MOVWF   r0x1002
                      00127 ;; ***  genAssign  7023
                      00128 ;;; /home/sdcc-builder/build/sdcc-build/orig/sdcc/src/pic14/gen.c:1343:mov2w_op *{*
                      00129 ;; ***  mov2w  1381  offset=1
                      00130 ;; >>> /home/sdcc-builder/build/sdcc-build/orig/sdcc/src/pic14/gen.c:1386:mov2w
                      00131 ;;      1009
                      00132 ;;      1028  _currentCount   offset=1
0006   ???? ????      00133         BANKSEL _currentCount
0008   08??           00134         MOVF    (_currentCount + 1),W
                      00135 ;; >>> /home/sdcc-builder/build/sdcc-build/orig/sdcc/src/pic14/gen.c:7050:genAssign
                      00136 ;;      1109 rIdx = r0x1051 
0009   ???? ????      00137         BANKSEL r0x1003
000B   00??           00138         MOVWF   r0x1003
                      00139 ;;; /home/sdcc-builder/build/sdcc-build/orig/sdcc/src/pic14/gen.c:2316:resultRemat *{*
                      00140 ;;; /home/sdcc-builder/build/sdcc-build/orig/sdcc/src/pic14/gen.c:2683:genRet *{*
                      00141 ;; ***  genRet  2685
                      00142 ;;      694 register type nRegs=2
                      00143 ;;; /home/sdcc-builder/build/sdcc-build/orig/sdcc/src/pic14/gen.c:1343:mov2w_op *{*
                      00144 ;; ***  mov2w  1381  offset=0
                      00145 ;; >>> /home/sdcc-builder/build/sdcc-build/orig/sdcc/src/pic14/gen.c:1386:mov2w
                      00146 ;;      1109 rIdx = r0x1050 
                      00147         .line   45; "counter.c" return ret ;
000C   08??           00148         MOVF    r0x1002,W
gpasm-1.4.0 #1106 (Oct  6 2014) obj\Debug\cou   5-13-2022  16:36:37         PAGE  4


LOC    OBJECT CODE    LINE  SOURCE TEXT
  VALUE

                      00149 ;; >>> /home/sdcc-builder/build/sdcc-build/orig/sdcc/src/pic14/gen.c:1416:pass_argument
                      00150 ;; ***  popRegFromIdx,1042  , rIdx=0x7f
000D   00??           00151         MOVWF   STK00
                      00152 ;;; /home/sdcc-builder/build/sdcc-build/orig/sdcc/src/pic14/gen.c:1343:mov2w_op *{*
                      00153 ;; ***  mov2w  1381  offset=1
                      00154 ;; >>> /home/sdcc-builder/build/sdcc-build/orig/sdcc/src/pic14/gen.c:1386:mov2w
                      00155 ;;      1109 rIdx = r0x1051 
000E   08??           00156         MOVF    r0x1003,W
                      00157 ;;; /home/sdcc-builder/build/sdcc-build/orig/sdcc/src/pic14/gen.c:2316:resultRemat *{*
                      00158 ;;; /home/sdcc-builder/build/sdcc-build/orig/sdcc/src/pic14/gen.c:2760:genLabel *{*
                      00159 ;; ***  genLabel  2763
                      00160 ;;; /home/sdcc-builder/build/sdcc-build/orig/sdcc/src/pic14/gen.c:2316:resultRemat *{*
                      00161 ;;; /home/sdcc-builder/build/sdcc-build/orig/sdcc/src/pic14/gen.c:2528:genEndFunction *{*
                      00162 ;; ***  genEndFunction  2530
000F   0008           00163         RETURN  
                      00164 ; exit point of _COUNTER_GetCount
                      00165 
                      00166 ;***
                      00167 ;  pBlock Stats: dbName = C
                      00168 ;***
                      00169 ;entry:  _COUNTER_SetCount      ;Function start
                      00170 ; 2 exit points
                      00171 ;has an exit
                      00172 ;1 compiler assigned register :
                      00173 ;   STK00
                      00174 ;; Starting pCode block
                      00175 ;;; /home/sdcc-builder/build/sdcc-build/orig/sdcc/src/pic14/gen.c:2316:resultRemat *{*
                      00176 ;;; /home/sdcc-builder/build/sdcc-build/orig/sdcc/src/pic14/gen.c:2760:genLabel *{*
                      00177 ;; ***  genLabel  2763
                      00178 ;;; /home/sdcc-builder/build/sdcc-build/orig/sdcc/src/pic14/gen.c:2316:resultRemat *{*
                      00179 ;;; /home/sdcc-builder/build/sdcc-build/orig/sdcc/src/pic14/gen.c:2340:genFunction *{*
                      00180 ;; ***  genFunction  2342 curr label offset=8previous max_key=6 
0010                  00181 _COUNTER_SetCount       ;Function start
                      00182 ; 2 exit points
                      00183 ;;; /home/sdcc-builder/build/sdcc-build/orig/sdcc/src/pic14/gen.c:2316:resultRemat *{*
                      00184 ;;; /home/sdcc-builder/build/sdcc-build/orig/sdcc/src/pic14/gen.c:7358:genReceive *{*
                      00185 ;; ***  genReceive  7359
                      00186 ;; ***  aopForSym 315
                      00187 ;;      327 sym->rname = _currentCount, size = 2
                      00188 ;;; /home/sdcc-builder/build/sdcc-build/orig/sdcc/src/pic14/gen.c:1907:assignResultValue *{*
                      00189 ;; ***  assignResultValue  1909
                      00190 ;;      line = 1911 result -=-, size=0, left AOP_DIR=_currentCount, size=2, right -=-, size=0
                      00191 ;; >>> /home/sdcc-builder/build/sdcc-build/orig/sdcc/src/pic14/gen.c:1393:movwf
                      00192 ;;      1009
                      00193 ;;      1028  _currentCount   offset=1
                      00194         .line   37; "counter.c" void COUNTER_SetCount(unsigned int _Count)
0010   ???? ????      00195         BANKSEL _currentCount
0012   00??           00196         MOVWF   (_currentCount + 1)
                      00197 ;; >>> /home/sdcc-builder/build/sdcc-build/orig/sdcc/src/pic14/gen.c:1423:get_returnvalue
                      00198 ;; ***  popRegFromIdx,1042  , rIdx=0x7f
0013   08??           00199         MOVF    STK00,W
                      00200 ;; >>> /home/sdcc-builder/build/sdcc-build/orig/sdcc/src/pic14/gen.c:1393:movwf
                      00201 ;;      1009
gpasm-1.4.0 #1106 (Oct  6 2014) obj\Debug\cou   5-13-2022  16:36:37         PAGE  5


LOC    OBJECT CODE    LINE  SOURCE TEXT
  VALUE

                      00202 ;;      1028  _currentCount   offset=0
0014   00??           00203         MOVWF   _currentCount
                      00204 ;;; /home/sdcc-builder/build/sdcc-build/orig/sdcc/src/pic14/gen.c:2316:resultRemat *{*
                      00205 ;;; /home/sdcc-builder/build/sdcc-build/orig/sdcc/src/pic14/gen.c:2760:genLabel *{*
                      00206 ;; ***  genLabel  2763
                      00207 ;;; /home/sdcc-builder/build/sdcc-build/orig/sdcc/src/pic14/gen.c:2316:resultRemat *{*
                      00208 ;;; /home/sdcc-builder/build/sdcc-build/orig/sdcc/src/pic14/gen.c:2528:genEndFunction *{*
                      00209 ;; ***  genEndFunction  2530
                      00210         .line   39; "counter.c" currentCount = _Count ;
0015   0008           00211         RETURN  
                      00212 ; exit point of _COUNTER_SetCount
                      00213 ;;; /home/sdcc-builder/build/sdcc-build/orig/sdcc/src/pic14/gen.c:7426:genpic14Code *{*
                      00214 
                      00215 ;***
                      00216 ;  pBlock Stats: dbName = C
                      00217 ;***
                      00218 ;entry:  _COUNTER_Update        ;Function start
                      00219 ; 2 exit points
                      00220 ;has an exit
                      00221 ;functions called:
                      00222 ;   _PB_GetState
                      00223 ;   _PB_GetState
                      00224 ;   __moduint
                      00225 ;   __moduint
                      00226 ;   _SSD_SetSymbol
                      00227 ;   __divuint
                      00228 ;   _PB_GetState
                      00229 ;   _PB_GetState
                      00230 ;   __moduint
                      00231 ;   __moduint
                      00232 ;   _SSD_SetSymbol
                      00233 ;   __divuint
                      00234 ;10 compiler assigned registers:
                      00235 ;   r0x1004
                      00236 ;   r0x1005
                      00237 ;   STK02
                      00238 ;   STK01
                      00239 ;   STK00
                      00240 ;   r0x1006
                      00241 ;   r0x1007
                      00242 ;   r0x1008
                      00243 ;   r0x1009
                      00244 ;   r0x100A
                      00245 ;; Starting pCode block
                      00246 ;;; /home/sdcc-builder/build/sdcc-build/orig/sdcc/src/pic14/gen.c:2316:resultRemat *{*
                      00247 ;;; /home/sdcc-builder/build/sdcc-build/orig/sdcc/src/pic14/gen.c:2760:genLabel *{*
                      00248 ;; ***  genLabel  2763
                      00249 ;;; /home/sdcc-builder/build/sdcc-build/orig/sdcc/src/pic14/gen.c:2316:resultRemat *{*
                      00250 ;;; /home/sdcc-builder/build/sdcc-build/orig/sdcc/src/pic14/gen.c:2340:genFunction *{*
                      00251 ;; ***  genFunction  2342 curr label offset=4previous max_key=0 
0016                  00252 _COUNTER_Update ;Function start
                      00253 ; 2 exit points
                      00254 ;;; /home/sdcc-builder/build/sdcc-build/orig/sdcc/src/pic14/gen.c:2316:resultRemat *{*
gpasm-1.4.0 #1106 (Oct  6 2014) obj\Debug\cou   5-13-2022  16:36:37         PAGE  6


LOC    OBJECT CODE    LINE  SOURCE TEXT
  VALUE

                      00255 ;;; /home/sdcc-builder/build/sdcc-build/orig/sdcc/src/pic14/gen.c:2316:resultRemat *{*
                      00256 ;;; /home/sdcc-builder/build/sdcc-build/orig/sdcc/src/pic14/gen.c:2086:genCall *{*
                      00257 ;; ***  genCall  2088
                      00258 ;;; /home/sdcc-builder/build/sdcc-build/orig/sdcc/src/pic14/gen.c:1801:saveRegisters *{*
                      00259 ;; ***  saveRegisters  1803
                      00260 ;;      2135 left AOP_LIT
                      00261 ;;; /home/sdcc-builder/build/sdcc-build/orig/sdcc/src/pic14/gen.c:1343:mov2w_op *{*
                      00262 ;; >>> /home/sdcc-builder/build/sdcc-build/orig/sdcc/src/pic14/gen.c:1361:mov2w_op
                      00263         .line   18; "counter.c" plusState  = PB_GetState(PB_PLUS) ;
0016   3000           00264         MOVLW   0x00
                      00265 ;; >>> /home/sdcc-builder/build/sdcc-build/orig/sdcc/src/pic14/gen.c:2173:genCall
0017   ???? ????      00266         PAGESEL _PB_GetState
                      00267 ;; >>> /home/sdcc-builder/build/sdcc-build/orig/sdcc/src/pic14/gen.c:2175:genCall
0019   2???           00268         CALL    _PB_GetState
                      00269 ;; >>> /home/sdcc-builder/build/sdcc-build/orig/sdcc/src/pic14/gen.c:2181:genCall
001A   ???? ????      00270         PAGESEL $
                      00271 ;;      694 register type nRegs=1
                      00272 ;;; /home/sdcc-builder/build/sdcc-build/orig/sdcc/src/pic14/gen.c:1907:assignResultValue *{*
                      00273 ;; ***  assignResultValue  1909
                      00274 ;;      line = 1911 result -=-, size=0, left AOP_REG=r0x1049, size=1, right -=-, size=0
                      00275 ;; >>> /home/sdcc-builder/build/sdcc-build/orig/sdcc/src/pic14/gen.c:1393:movwf
                      00276 ;;      1109 rIdx = r0x1049 
001C   ???? ????      00277         BANKSEL r0x1004
001E   00??           00278         MOVWF   r0x1004
                      00279 ;;      2195 left AOP_REG
                      00280 ;;; /home/sdcc-builder/build/sdcc-build/orig/sdcc/src/pic14/gen.c:1845:unsaveRegisters *{*
                      00281 ;; ***  unsaveRegisters  1847
                      00282 ;;; /home/sdcc-builder/build/sdcc-build/orig/sdcc/src/pic14/gen.c:2316:resultRemat *{*
                      00283 ;;; /home/sdcc-builder/build/sdcc-build/orig/sdcc/src/pic14/gen.c:2316:resultRemat *{*
                      00284 ;;; /home/sdcc-builder/build/sdcc-build/orig/sdcc/src/pic14/gen.c:2086:genCall *{*
                      00285 ;; ***  genCall  2088
                      00286 ;;; /home/sdcc-builder/build/sdcc-build/orig/sdcc/src/pic14/gen.c:1801:saveRegisters *{*
                      00287 ;; ***  saveRegisters  1803
                      00288 ;;      2135 left AOP_LIT
                      00289 ;;; /home/sdcc-builder/build/sdcc-build/orig/sdcc/src/pic14/gen.c:1343:mov2w_op *{*
                      00290 ;; >>> /home/sdcc-builder/build/sdcc-build/orig/sdcc/src/pic14/gen.c:1361:mov2w_op
                      00291         .line   19; "counter.c" resetState = PB_GetState(PB_RESET) ;
001F   3001           00292         MOVLW   0x01
                      00293 ;; >>> /home/sdcc-builder/build/sdcc-build/orig/sdcc/src/pic14/gen.c:2173:genCall
0020   ???? ????      00294         PAGESEL _PB_GetState
                      00295 ;; >>> /home/sdcc-builder/build/sdcc-build/orig/sdcc/src/pic14/gen.c:2175:genCall
0022   2???           00296         CALL    _PB_GetState
                      00297 ;; >>> /home/sdcc-builder/build/sdcc-build/orig/sdcc/src/pic14/gen.c:2181:genCall
0023   ???? ????      00298         PAGESEL $
                      00299 ;;      694 register type nRegs=1
                      00300 ;;; /home/sdcc-builder/build/sdcc-build/orig/sdcc/src/pic14/gen.c:1907:assignResultValue *{*
                      00301 ;; ***  assignResultValue  1909
                      00302 ;;      line = 1911 result -=-, size=0, left AOP_REG=r0x104A, size=1, right -=-, size=0
                      00303 ;; >>> /home/sdcc-builder/build/sdcc-build/orig/sdcc/src/pic14/gen.c:1393:movwf
                      00304 ;;      1109 rIdx = r0x104A 
                      00305         .line   21; "counter.c" if(resetState == PB_PRE_RELEASED )
0025   ???? ????      00306         BANKSEL r0x1005
0027   00??           00307         MOVWF   r0x1005
gpasm-1.4.0 #1106 (Oct  6 2014) obj\Debug\cou   5-13-2022  16:36:37         PAGE  7


LOC    OBJECT CODE    LINE  SOURCE TEXT
  VALUE

0028   3A01           00308         XORLW   0x01
                      00309 ;; >>> /home/sdcc-builder/build/sdcc-build/orig/sdcc/src/pic14/gen.c:3687:genCmpEq
0029   1D03           00310         BTFSS   STATUS,2
                      00311 ;; >>> /home/sdcc-builder/build/sdcc-build/orig/sdcc/src/pic14/gen.c:3690:genCmpEq
                      00312 ;; ***  popGetLabel  key=2, label offset 8
002A   2???           00313         GOTO    _00110_DS_
                      00314 ;;; /home/sdcc-builder/build/sdcc-build/orig/sdcc/src/pic14/gen.c:2316:resultRemat *{*
                      00315 ;;; /home/sdcc-builder/build/sdcc-build/orig/sdcc/src/pic14/gen.c:2316:resultRemat *{*
                      00316 ;;; /home/sdcc-builder/build/sdcc-build/orig/sdcc/src/pic14/gen.c:6927:genAssign *{*
                      00317 ;; ***  genAssign  6928
                      00318 ;; ***  aopForSym 315
                      00319 ;;      327 sym->rname = _currentCount, size = 2
                      00320 ;;      line = 6937 result AOP_DIR=_currentCount, size=2, left -=-, size=0, right AOP_LIT=0x00, size=2
                      00321 ;; ***  genAssign  7023
                      00322 ;; >>> /home/sdcc-builder/build/sdcc-build/orig/sdcc/src/pic14/gen.c:7035:genAssign
                      00323 ;;      1009
                      00324 ;;      1028  _currentCount   offset=0
                      00325         .line   22; "counter.c" currentCount = 0 ;
002B   ???? ????      00326         BANKSEL _currentCount
002D   01??           00327         CLRF    _currentCount
                      00328 ;; ***  genAssign  7023
                      00329 ;; >>> /home/sdcc-builder/build/sdcc-build/orig/sdcc/src/pic14/gen.c:7035:genAssign
                      00330 ;;      1009
                      00331 ;;      1028  _currentCount   offset=1
002E   01??           00332         CLRF    (_currentCount + 1)
                      00333 ;;; /home/sdcc-builder/build/sdcc-build/orig/sdcc/src/pic14/gen.c:2316:resultRemat *{*
                      00334 ;;; /home/sdcc-builder/build/sdcc-build/orig/sdcc/src/pic14/gen.c:2760:genLabel *{*
                      00335 ;; ***  genLabel  2763
                      00336 ;;; /home/sdcc-builder/build/sdcc-build/orig/sdcc/src/pic14/gen.c:2316:resultRemat *{*
                      00337 ;;; /home/sdcc-builder/build/sdcc-build/orig/sdcc/src/pic14/gen.c:3619:genCmpEq *{*
                      00338 ;; ***  genCmpEq  3620
                      00339 ;; ifx is non-null
                      00340 ;;      694 register type nRegs=1
                      00341 ;;      line = 3631 result AOP_CRY=0x00, size=0, left AOP_REG=r0x1049, size=1, right AOP_LIT=0x03, size=
                            1
                      00342 ;; ***  mov2w  1381  offset=0
                      00343 ;; >>> /home/sdcc-builder/build/sdcc-build/orig/sdcc/src/pic14/gen.c:1386:mov2w
                      00344 ;;      1109 rIdx = r0x1049 
002F                  00345 _00110_DS_
                      00346         .line   23; "counter.c" if(plusState  == PB_PRE_PRESSED)
002F   ???? ????      00347         BANKSEL r0x1004
0031   08??           00348         MOVF    r0x1004,W
                      00349 ;; >>> /home/sdcc-builder/build/sdcc-build/orig/sdcc/src/pic14/gen.c:3685:genCmpEq
0032   3A03           00350         XORLW   0x03
                      00351 ;; >>> /home/sdcc-builder/build/sdcc-build/orig/sdcc/src/pic14/gen.c:3687:genCmpEq
0033   1D03           00352         BTFSS   STATUS,2
                      00353 ;; >>> /home/sdcc-builder/build/sdcc-build/orig/sdcc/src/pic14/gen.c:3690:genCmpEq
                      00354 ;; ***  popGetLabel  key=4, label offset 8
0034   2???           00355         GOTO    _00112_DS_
                      00356 ;;; /home/sdcc-builder/build/sdcc-build/orig/sdcc/src/pic14/gen.c:2316:resultRemat *{*
                      00357 ;;; /home/sdcc-builder/build/sdcc-build/orig/sdcc/src/pic14/gen.c:2316:resultRemat *{*
                      00358 ;; ***  genPlus  611
                      00359 ;;; /home/sdcc-builder/build/sdcc-build/orig/sdcc/src/pic14/genarith.c:612:genPlus *{*
gpasm-1.4.0 #1106 (Oct  6 2014) obj\Debug\cou   5-13-2022  16:36:37         PAGE  8


LOC    OBJECT CODE    LINE  SOURCE TEXT
  VALUE

                      00360 ;; ***  aopForSym 315
                      00361 ;;      327 sym->rname = _currentCount, size = 2
                      00362 ;;      694 register type nRegs=2
                      00363 ;;      line = 618 result AOP_REG=r0x1049, size=2, left AOP_DIR=_currentCount, size=2, right AOP_LIT=0x0
                            1, size=2
                      00364 ;;; /home/sdcc-builder/build/sdcc-build/orig/sdcc/src/pic14/genarith.c:142:genPlusIncr *{*
                      00365 ;; ***  genPlusIncr  144
                      00366 ;;      result AOP_REG, left AOP_DIR, right AOP_LIT
                      00367 ;;      genPlusIncr  156
                      00368 ;;      genPlusIncr  180
                      00369 ;;      adding lit to something. size 2
                      00370 ;;; /home/sdcc-builder/build/sdcc-build/orig/sdcc/src/pic14/genarith.c:269:genAddLit *{*
                      00371 ;; ***  genAddLit  270
                      00372 ;;  left and result aren't same genAddLit  514
                      00373 ;; >>> /home/sdcc-builder/build/sdcc-build/orig/sdcc/src/pic14/genarith.c:546:genAddLit
                      00374         .line   25; "counter.c" currentCount = (currentCount + 1 ) % 9999 ;
0035   3001           00375         MOVLW   0x01
                      00376 ;; >>> /home/sdcc-builder/build/sdcc-build/orig/sdcc/src/pic14/genarith.c:547:genAddLit
                      00377 ;;      1009
                      00378 ;;      1028  _currentCount   offset=0
0036   ???? ????      00379         BANKSEL _currentCount
0038   07??           00380         ADDWF   _currentCount,W
                      00381 ;;; /home/sdcc-builder/build/sdcc-build/orig/sdcc/src/pic14/genarith.c:253:emitMOVWF *{*
                      00382 ;; >>> /home/sdcc-builder/build/sdcc-build/orig/sdcc/src/pic14/genarith.c:257:emitMOVWF
                      00383 ;;      1109 rIdx = r0x1049 
0039   ???? ????      00384         BANKSEL r0x1004
003B   00??           00385         MOVWF   r0x1004
                      00386 ;; >>> /home/sdcc-builder/build/sdcc-build/orig/sdcc/src/pic14/genarith.c:584:genAddLit
                      00387 ;;      1109 rIdx = r0x104A 
003C   01??           00388         CLRF    r0x1005
                      00389 ;; >>> /home/sdcc-builder/build/sdcc-build/orig/sdcc/src/pic14/genarith.c:585:genAddLit
                      00390 ;;      1109 rIdx = r0x104A 
003D   0D??           00391         RLF     r0x1005,F
                      00392 ;; >>> /home/sdcc-builder/build/sdcc-build/orig/sdcc/src/pic14/genarith.c:586:genAddLit
                      00393 ;;      1009
                      00394 ;;      1028  _currentCount   offset=1
003E   ???? ????      00395         BANKSEL _currentCount
0040   08??           00396         MOVF    (_currentCount + 1),W
                      00397 ;; >>> /home/sdcc-builder/build/sdcc-build/orig/sdcc/src/pic14/genarith.c:587:genAddLit
                      00398 ;;      1109 rIdx = r0x104A 
0041   ???? ????      00399         BANKSEL r0x1005
0043   07??           00400         ADDWF   r0x1005,F
                      00401 ;; ***  addSign  861
                      00402 ;;; /home/sdcc-builder/build/sdcc-build/orig/sdcc/src/pic14/genarith.c:862:addSign *{*
                      00403 ;;; /home/sdcc-builder/build/sdcc-build/orig/sdcc/src/pic14/gen.c:2316:resultRemat *{*
                      00404 ;;; /home/sdcc-builder/build/sdcc-build/orig/sdcc/src/pic14/gen.c:2316:resultRemat *{*
                      00405 ;;; /home/sdcc-builder/build/sdcc-build/orig/sdcc/src/pic14/gen.c:2316:resultRemat *{*
                      00406 ;;; /home/sdcc-builder/build/sdcc-build/orig/sdcc/src/pic14/gen.c:2086:genCall *{*
                      00407 ;; ***  genCall  2088
                      00408 ;;; /home/sdcc-builder/build/sdcc-build/orig/sdcc/src/pic14/gen.c:1801:saveRegisters *{*
                      00409 ;; ***  saveRegisters  1803
                      00410 ;;      694 register type nRegs=2
                      00411 ;;      2135 left AOP_LIT
gpasm-1.4.0 #1106 (Oct  6 2014) obj\Debug\cou   5-13-2022  16:36:37         PAGE  9


LOC    OBJECT CODE    LINE  SOURCE TEXT
  VALUE

                      00412 ;;; /home/sdcc-builder/build/sdcc-build/orig/sdcc/src/pic14/gen.c:1343:mov2w_op *{*
                      00413 ;; >>> /home/sdcc-builder/build/sdcc-build/orig/sdcc/src/pic14/gen.c:1361:mov2w_op
0044   300F           00414         MOVLW   0x0f
                      00415 ;;      2135 left AOP_LIT
                      00416 ;; >>> /home/sdcc-builder/build/sdcc-build/orig/sdcc/src/pic14/gen.c:2143:genCall
                      00417 ;; ***  popRegFromIdx,1042  , rIdx=0x7d
0045   00??           00418         MOVWF   STK02
                      00419 ;;; /home/sdcc-builder/build/sdcc-build/orig/sdcc/src/pic14/gen.c:1343:mov2w_op *{*
                      00420 ;; >>> /home/sdcc-builder/build/sdcc-build/orig/sdcc/src/pic14/gen.c:1361:mov2w_op
0046   3027           00421         MOVLW   0x27
                      00422 ;;      694 register type nRegs=2
                      00423 ;;      2135 left AOP_REG
                      00424 ;; >>> /home/sdcc-builder/build/sdcc-build/orig/sdcc/src/pic14/gen.c:2143:genCall
                      00425 ;; ***  popRegFromIdx,1042  , rIdx=0x7e
0047   00??           00426         MOVWF   STK01
                      00427 ;;; /home/sdcc-builder/build/sdcc-build/orig/sdcc/src/pic14/gen.c:1343:mov2w_op *{*
                      00428 ;; ***  mov2w  1381  offset=0
                      00429 ;; >>> /home/sdcc-builder/build/sdcc-build/orig/sdcc/src/pic14/gen.c:1386:mov2w
                      00430 ;;      1109 rIdx = r0x1049 
0048   08??           00431         MOVF    r0x1004,W
                      00432 ;;      2135 left AOP_REG
                      00433 ;; >>> /home/sdcc-builder/build/sdcc-build/orig/sdcc/src/pic14/gen.c:2143:genCall
                      00434 ;; ***  popRegFromIdx,1042  , rIdx=0x7f
0049   00??           00435         MOVWF   STK00
                      00436 ;;; /home/sdcc-builder/build/sdcc-build/orig/sdcc/src/pic14/gen.c:1343:mov2w_op *{*
                      00437 ;; ***  mov2w  1381  offset=1
                      00438 ;; >>> /home/sdcc-builder/build/sdcc-build/orig/sdcc/src/pic14/gen.c:1386:mov2w
                      00439 ;;      1109 rIdx = r0x104A 
004A   08??           00440         MOVF    r0x1005,W
                      00441 ;; >>> /home/sdcc-builder/build/sdcc-build/orig/sdcc/src/pic14/gen.c:2173:genCall
004B   ???? ????      00442         PAGESEL __moduint
                      00443 ;; >>> /home/sdcc-builder/build/sdcc-build/orig/sdcc/src/pic14/gen.c:2175:genCall
004D   2???           00444         CALL    __moduint
                      00445 ;; >>> /home/sdcc-builder/build/sdcc-build/orig/sdcc/src/pic14/gen.c:2181:genCall
004E   ???? ????      00446         PAGESEL $
                      00447 ;; ***  aopForSym 315
                      00448 ;;      327 sym->rname = _currentCount, size = 2
                      00449 ;;; /home/sdcc-builder/build/sdcc-build/orig/sdcc/src/pic14/gen.c:1907:assignResultValue *{*
                      00450 ;; ***  assignResultValue  1909
                      00451 ;;      line = 1911 result -=-, size=0, left AOP_DIR=_currentCount, size=2, right -=-, size=0
                      00452 ;; >>> /home/sdcc-builder/build/sdcc-build/orig/sdcc/src/pic14/gen.c:1393:movwf
                      00453 ;;      1009
                      00454 ;;      1028  _currentCount   offset=1
0050   ???? ????      00455         BANKSEL _currentCount
0052   00??           00456         MOVWF   (_currentCount + 1)
                      00457 ;; >>> /home/sdcc-builder/build/sdcc-build/orig/sdcc/src/pic14/gen.c:1423:get_returnvalue
                      00458 ;; ***  popRegFromIdx,1042  , rIdx=0x7f
0053   08??           00459         MOVF    STK00,W
                      00460 ;; >>> /home/sdcc-builder/build/sdcc-build/orig/sdcc/src/pic14/gen.c:1393:movwf
                      00461 ;;      1009
                      00462 ;;      1028  _currentCount   offset=0
0054   00??           00463         MOVWF   _currentCount
                      00464 ;;      2195 left AOP_DIR
gpasm-1.4.0 #1106 (Oct  6 2014) obj\Debug\cou   5-13-2022  16:36:37         PAGE 10


LOC    OBJECT CODE    LINE  SOURCE TEXT
  VALUE

                      00465 ;;; /home/sdcc-builder/build/sdcc-build/orig/sdcc/src/pic14/gen.c:1845:unsaveRegisters *{*
                      00466 ;; ***  unsaveRegisters  1847
                      00467 ;;; /home/sdcc-builder/build/sdcc-build/orig/sdcc/src/pic14/gen.c:2316:resultRemat *{*
                      00468 ;;; /home/sdcc-builder/build/sdcc-build/orig/sdcc/src/pic14/gen.c:2760:genLabel *{*
                      00469 ;; ***  genLabel  2763
                      00470 ;;; /home/sdcc-builder/build/sdcc-build/orig/sdcc/src/pic14/gen.c:2316:resultRemat *{*
                      00471 ;;; /home/sdcc-builder/build/sdcc-build/orig/sdcc/src/pic14/gen.c:6927:genAssign *{*
                      00472 ;; ***  genAssign  6928
                      00473 ;; ***  aopForSym 315
                      00474 ;;      327 sym->rname = _currentCount, size = 2
                      00475 ;;      694 register type nRegs=2
                      00476 ;;      line = 6937 result AOP_REG=r0x1049, size=2, left -=-, size=0, right AOP_DIR=_currentCount, size=
                            2
                      00477 ;; ***  genAssign  7023
                      00478 ;;; /home/sdcc-builder/build/sdcc-build/orig/sdcc/src/pic14/gen.c:1343:mov2w_op *{*
                      00479 ;; ***  mov2w  1381  offset=0
                      00480 ;; >>> /home/sdcc-builder/build/sdcc-build/orig/sdcc/src/pic14/gen.c:1386:mov2w
                      00481 ;;      1009
                      00482 ;;      1028  _currentCount   offset=0
0055                  00483 _00112_DS_
                      00484         .line   28; "counter.c" tempCount = currentCount ;
0055   ???? ????      00485         BANKSEL _currentCount
0057   08??           00486         MOVF    _currentCount,W
                      00487 ;; >>> /home/sdcc-builder/build/sdcc-build/orig/sdcc/src/pic14/gen.c:7050:genAssign
                      00488 ;;      1109 rIdx = r0x1049 
0058   ???? ????      00489         BANKSEL r0x1004
005A   00??           00490         MOVWF   r0x1004
                      00491 ;; ***  genAssign  7023
                      00492 ;;; /home/sdcc-builder/build/sdcc-build/orig/sdcc/src/pic14/gen.c:1343:mov2w_op *{*
                      00493 ;; ***  mov2w  1381  offset=1
                      00494 ;; >>> /home/sdcc-builder/build/sdcc-build/orig/sdcc/src/pic14/gen.c:1386:mov2w
                      00495 ;;      1009
                      00496 ;;      1028  _currentCount   offset=1
005B   ???? ????      00497         BANKSEL _currentCount
005D   08??           00498         MOVF    (_currentCount + 1),W
                      00499 ;; >>> /home/sdcc-builder/build/sdcc-build/orig/sdcc/src/pic14/gen.c:7050:genAssign
                      00500 ;;      1109 rIdx = r0x104A 
005E   ???? ????      00501         BANKSEL r0x1005
0060   00??           00502         MOVWF   r0x1005
                      00503 ;;; /home/sdcc-builder/build/sdcc-build/orig/sdcc/src/pic14/gen.c:2316:resultRemat *{*
                      00504 ;;; /home/sdcc-builder/build/sdcc-build/orig/sdcc/src/pic14/gen.c:6927:genAssign *{*
                      00505 ;; ***  genAssign  6928
                      00506 ;;      694 register type nRegs=2
                      00507 ;;      line = 6937 result AOP_REG=r0x104B, size=2, left -=-, size=0, right AOP_LIT=0x03, size=2
                      00508 ;; ***  genAssign  7023
                      00509 ;; >>> /home/sdcc-builder/build/sdcc-build/orig/sdcc/src/pic14/gen.c:7030:genAssign
                      00510         .line   30; "counter.c" for(ssdIterator = SSD_R ;(signed)ssdIterator >= SSD_L ; ssdIterator -- )
0061   3003           00511         MOVLW   0x03
                      00512 ;; >>> /home/sdcc-builder/build/sdcc-build/orig/sdcc/src/pic14/gen.c:7032:genAssign
                      00513 ;;      1109 rIdx = r0x104B 
0062   00??           00514         MOVWF   r0x1006
                      00515 ;; ***  genAssign  7023
                      00516 ;; >>> /home/sdcc-builder/build/sdcc-build/orig/sdcc/src/pic14/gen.c:7035:genAssign
gpasm-1.4.0 #1106 (Oct  6 2014) obj\Debug\cou   5-13-2022  16:36:37         PAGE 11


LOC    OBJECT CODE    LINE  SOURCE TEXT
  VALUE

                      00517 ;;      1109 rIdx = r0x104C 
0063   01??           00518         CLRF    r0x1007
                      00519 ;;; /home/sdcc-builder/build/sdcc-build/orig/sdcc/src/pic14/gen.c:2316:resultRemat *{*
                      00520 ;;; /home/sdcc-builder/build/sdcc-build/orig/sdcc/src/pic14/gen.c:2760:genLabel *{*
                      00521 ;; ***  genLabel  2763
                      00522 ;;; /home/sdcc-builder/build/sdcc-build/orig/sdcc/src/pic14/gen.c:2316:resultRemat *{*
                      00523 ;;; /home/sdcc-builder/build/sdcc-build/orig/sdcc/src/pic14/gen.c:2316:resultRemat *{*
                      00524 ;;; /home/sdcc-builder/build/sdcc-build/orig/sdcc/src/pic14/gen.c:2316:resultRemat *{*
                      00525 ;;; /home/sdcc-builder/build/sdcc-build/orig/sdcc/src/pic14/gen.c:2086:genCall *{*
                      00526 ;; ***  genCall  2088
                      00527 ;;; /home/sdcc-builder/build/sdcc-build/orig/sdcc/src/pic14/gen.c:1801:saveRegisters *{*
                      00528 ;; ***  saveRegisters  1803
                      00529 ;;      694 register type nRegs=2
                      00530 ;;      2135 left AOP_LIT
                      00531 ;;; /home/sdcc-builder/build/sdcc-build/orig/sdcc/src/pic14/gen.c:1343:mov2w_op *{*
                      00532 ;; >>> /home/sdcc-builder/build/sdcc-build/orig/sdcc/src/pic14/gen.c:1361:mov2w_op
0064                  00533 _00114_DS_
                      00534         .line   32; "counter.c" digit = tempCount % 10 ;
0064   300A           00535         MOVLW   0x0a
                      00536 ;;      2135 left AOP_LIT
                      00537 ;; >>> /home/sdcc-builder/build/sdcc-build/orig/sdcc/src/pic14/gen.c:2143:genCall
                      00538 ;; ***  popRegFromIdx,1042  , rIdx=0x7d
0065   00??           00539         MOVWF   STK02
                      00540 ;;; /home/sdcc-builder/build/sdcc-build/orig/sdcc/src/pic14/gen.c:1343:mov2w_op *{*
                      00541 ;; >>> /home/sdcc-builder/build/sdcc-build/orig/sdcc/src/pic14/gen.c:1361:mov2w_op
0066   3000           00542         MOVLW   0x00
                      00543 ;;      694 register type nRegs=2
                      00544 ;;      2135 left AOP_REG
                      00545 ;; >>> /home/sdcc-builder/build/sdcc-build/orig/sdcc/src/pic14/gen.c:2143:genCall
                      00546 ;; ***  popRegFromIdx,1042  , rIdx=0x7e
0067   00??           00547         MOVWF   STK01
                      00548 ;;; /home/sdcc-builder/build/sdcc-build/orig/sdcc/src/pic14/gen.c:1343:mov2w_op *{*
                      00549 ;; ***  mov2w  1381  offset=0
                      00550 ;; >>> /home/sdcc-builder/build/sdcc-build/orig/sdcc/src/pic14/gen.c:1386:mov2w
                      00551 ;;      1109 rIdx = r0x1049 
0068   ???? ????      00552         BANKSEL r0x1004
006A   08??           00553         MOVF    r0x1004,W
                      00554 ;;      2135 left AOP_REG
                      00555 ;; >>> /home/sdcc-builder/build/sdcc-build/orig/sdcc/src/pic14/gen.c:2143:genCall
                      00556 ;; ***  popRegFromIdx,1042  , rIdx=0x7f
006B   00??           00557         MOVWF   STK00
                      00558 ;;; /home/sdcc-builder/build/sdcc-build/orig/sdcc/src/pic14/gen.c:1343:mov2w_op *{*
                      00559 ;; ***  mov2w  1381  offset=1
                      00560 ;; >>> /home/sdcc-builder/build/sdcc-build/orig/sdcc/src/pic14/gen.c:1386:mov2w
                      00561 ;;      1109 rIdx = r0x104A 
006C   08??           00562         MOVF    r0x1005,W
                      00563 ;; >>> /home/sdcc-builder/build/sdcc-build/orig/sdcc/src/pic14/gen.c:2173:genCall
006D   ???? ????      00564         PAGESEL __moduint
                      00565 ;; >>> /home/sdcc-builder/build/sdcc-build/orig/sdcc/src/pic14/gen.c:2175:genCall
006F   2???           00566         CALL    __moduint
                      00567 ;; >>> /home/sdcc-builder/build/sdcc-build/orig/sdcc/src/pic14/gen.c:2181:genCall
0070   ???? ????      00568         PAGESEL $
                      00569 ;;      694 register type nRegs=2
gpasm-1.4.0 #1106 (Oct  6 2014) obj\Debug\cou   5-13-2022  16:36:37         PAGE 12


LOC    OBJECT CODE    LINE  SOURCE TEXT
  VALUE

                      00570 ;;; /home/sdcc-builder/build/sdcc-build/orig/sdcc/src/pic14/gen.c:1907:assignResultValue *{*
                      00571 ;; ***  assignResultValue  1909
                      00572 ;;      line = 1911 result -=-, size=0, left AOP_REG=r0x104D, size=2, right -=-, size=0
                      00573 ;; >>> /home/sdcc-builder/build/sdcc-build/orig/sdcc/src/pic14/gen.c:1393:movwf
                      00574 ;;      1109 rIdx = r0x104E 
                      00575 ;;1     MOVWF   r0x1008
                      00576 ;; >>> /home/sdcc-builder/build/sdcc-build/orig/sdcc/src/pic14/gen.c:1423:get_returnvalue
                      00577 ;; ***  popRegFromIdx,1042  , rIdx=0x7f
0072   08??           00578         MOVF    STK00,W
                      00579 ;; >>> /home/sdcc-builder/build/sdcc-build/orig/sdcc/src/pic14/gen.c:1393:movwf
                      00580 ;;      1109 rIdx = r0x104D 
0073   ???? ????      00581         BANKSEL r0x1009
0075   00??           00582         MOVWF   r0x1009
                      00583 ;;1     MOVWF   r0x100A
                      00584         .line   33; "counter.c" SSD_SetSymbol(ssdIterator,digit) ;
0076   00??           00585         MOVWF   STK00
                      00586 ;;; /home/sdcc-builder/build/sdcc-build/orig/sdcc/src/pic14/gen.c:1343:mov2w_op *{*
                      00587 ;; ***  mov2w  1381  offset=0
                      00588 ;; >>> /home/sdcc-builder/build/sdcc-build/orig/sdcc/src/pic14/gen.c:1386:mov2w
                      00589 ;;      1109 rIdx = r0x104D 
                      00590 ;;99    MOVF    r0x1009,W
0077   08??           00591         MOVF    r0x1006,W
0078   00??           00592         MOVWF   r0x1009
                      00593 ;; >>> /home/sdcc-builder/build/sdcc-build/orig/sdcc/src/pic14/gen.c:2173:genCall
0079   ???? ????      00594         PAGESEL _SSD_SetSymbol
                      00595 ;; >>> /home/sdcc-builder/build/sdcc-build/orig/sdcc/src/pic14/gen.c:2175:genCall
007B   2???           00596         CALL    _SSD_SetSymbol
                      00597 ;; >>> /home/sdcc-builder/build/sdcc-build/orig/sdcc/src/pic14/gen.c:2181:genCall
007C   ???? ????      00598         PAGESEL $
                      00599 ;;; /home/sdcc-builder/build/sdcc-build/orig/sdcc/src/pic14/gen.c:1845:unsaveRegisters *{*
                      00600 ;; ***  unsaveRegisters  1847
                      00601 ;;; /home/sdcc-builder/build/sdcc-build/orig/sdcc/src/pic14/gen.c:2316:resultRemat *{*
                      00602 ;;; /home/sdcc-builder/build/sdcc-build/orig/sdcc/src/pic14/gen.c:2316:resultRemat *{*
                      00603 ;;; /home/sdcc-builder/build/sdcc-build/orig/sdcc/src/pic14/gen.c:2316:resultRemat *{*
                      00604 ;;; /home/sdcc-builder/build/sdcc-build/orig/sdcc/src/pic14/gen.c:2086:genCall *{*
                      00605 ;; ***  genCall  2088
                      00606 ;;; /home/sdcc-builder/build/sdcc-build/orig/sdcc/src/pic14/gen.c:1801:saveRegisters *{*
                      00607 ;; ***  saveRegisters  1803
                      00608 ;;      694 register type nRegs=2
                      00609 ;;      2135 left AOP_LIT
                      00610 ;;; /home/sdcc-builder/build/sdcc-build/orig/sdcc/src/pic14/gen.c:1343:mov2w_op *{*
                      00611 ;; >>> /home/sdcc-builder/build/sdcc-build/orig/sdcc/src/pic14/gen.c:1361:mov2w_op
                      00612         .line   34; "counter.c" tempCount /= 10 ;
007E   300A           00613         MOVLW   0x0a
                      00614 ;;      2135 left AOP_LIT
                      00615 ;; >>> /home/sdcc-builder/build/sdcc-build/orig/sdcc/src/pic14/gen.c:2143:genCall
                      00616 ;; ***  popRegFromIdx,1042  , rIdx=0x7d
007F   00??           00617         MOVWF   STK02
                      00618 ;;; /home/sdcc-builder/build/sdcc-build/orig/sdcc/src/pic14/gen.c:1343:mov2w_op *{*
                      00619 ;; >>> /home/sdcc-builder/build/sdcc-build/orig/sdcc/src/pic14/gen.c:1361:mov2w_op
0080   3000           00620         MOVLW   0x00
                      00621 ;;      694 register type nRegs=2
                      00622 ;;      2135 left AOP_REG
gpasm-1.4.0 #1106 (Oct  6 2014) obj\Debug\cou   5-13-2022  16:36:37         PAGE 13


LOC    OBJECT CODE    LINE  SOURCE TEXT
  VALUE

                      00623 ;; >>> /home/sdcc-builder/build/sdcc-build/orig/sdcc/src/pic14/gen.c:2143:genCall
                      00624 ;; ***  popRegFromIdx,1042  , rIdx=0x7e
0081   00??           00625         MOVWF   STK01
                      00626 ;;; /home/sdcc-builder/build/sdcc-build/orig/sdcc/src/pic14/gen.c:1343:mov2w_op *{*
                      00627 ;; ***  mov2w  1381  offset=0
                      00628 ;; >>> /home/sdcc-builder/build/sdcc-build/orig/sdcc/src/pic14/gen.c:1386:mov2w
                      00629 ;;      1109 rIdx = r0x1049 
0082   ???? ????      00630         BANKSEL r0x1004
0084   08??           00631         MOVF    r0x1004,W
                      00632 ;;      2135 left AOP_REG
                      00633 ;; >>> /home/sdcc-builder/build/sdcc-build/orig/sdcc/src/pic14/gen.c:2143:genCall
                      00634 ;; ***  popRegFromIdx,1042  , rIdx=0x7f
0085   00??           00635         MOVWF   STK00
                      00636 ;;; /home/sdcc-builder/build/sdcc-build/orig/sdcc/src/pic14/gen.c:1343:mov2w_op *{*
                      00637 ;; ***  mov2w  1381  offset=1
                      00638 ;; >>> /home/sdcc-builder/build/sdcc-build/orig/sdcc/src/pic14/gen.c:1386:mov2w
                      00639 ;;      1109 rIdx = r0x104A 
0086   08??           00640         MOVF    r0x1005,W
                      00641 ;; >>> /home/sdcc-builder/build/sdcc-build/orig/sdcc/src/pic14/gen.c:2173:genCall
0087   ???? ????      00642         PAGESEL __divuint
                      00643 ;; >>> /home/sdcc-builder/build/sdcc-build/orig/sdcc/src/pic14/gen.c:2175:genCall
0089   2???           00644         CALL    __divuint
                      00645 ;; >>> /home/sdcc-builder/build/sdcc-build/orig/sdcc/src/pic14/gen.c:2181:genCall
008A   ???? ????      00646         PAGESEL $
                      00647 ;;      694 register type nRegs=2
                      00648 ;;; /home/sdcc-builder/build/sdcc-build/orig/sdcc/src/pic14/gen.c:1907:assignResultValue *{*
                      00649 ;; ***  assignResultValue  1909
                      00650 ;;      line = 1911 result -=-, size=0, left AOP_REG=r0x1049, size=2, right -=-, size=0
                      00651 ;; >>> /home/sdcc-builder/build/sdcc-build/orig/sdcc/src/pic14/gen.c:1393:movwf
                      00652 ;;      1109 rIdx = r0x104A 
008C   ???? ????      00653         BANKSEL r0x1005
008E   00??           00654         MOVWF   r0x1005
                      00655 ;; >>> /home/sdcc-builder/build/sdcc-build/orig/sdcc/src/pic14/gen.c:1423:get_returnvalue
                      00656 ;; ***  popRegFromIdx,1042  , rIdx=0x7f
008F   08??           00657         MOVF    STK00,W
                      00658 ;; >>> /home/sdcc-builder/build/sdcc-build/orig/sdcc/src/pic14/gen.c:1393:movwf
                      00659 ;;      1109 rIdx = r0x1049 
0090   00??           00660         MOVWF   r0x1004
                      00661 ;;      2195 left AOP_REG
                      00662 ;;; /home/sdcc-builder/build/sdcc-build/orig/sdcc/src/pic14/gen.c:1845:unsaveRegisters *{*
                      00663 ;; ***  unsaveRegisters  1847
                      00664 ;;; /home/sdcc-builder/build/sdcc-build/orig/sdcc/src/pic14/gen.c:2316:resultRemat *{*
                      00665 ;;; /home/sdcc-builder/build/sdcc-build/orig/sdcc/src/pic14/gen.c:7317:genDjnz *{*
                      00666 ;; ***  genDjnz  7318
                      00667 ;;; /home/sdcc-builder/build/sdcc-build/orig/sdcc/src/pic14/genarith.c:896:genMinus *{*
                      00668 ;; ***  genMinus  897
                      00669 ;;      694 register type nRegs=2
                      00670 ;;      575
                      00671 ;;      result AOP_REG, left AOP_REG, right AOP_LIT
                      00672 ;;; /home/sdcc-builder/build/sdcc-build/orig/sdcc/src/pic14/genarith.c:269:genAddLit *{*
                      00673 ;; ***  genAddLit  270
                      00674 ;; hi = ff      genAddLit  383
                      00675 ;; >>> /home/sdcc-builder/build/sdcc-build/orig/sdcc/src/pic14/genarith.c:395:genAddLit
gpasm-1.4.0 #1106 (Oct  6 2014) obj\Debug\cou   5-13-2022  16:36:37         PAGE 14


LOC    OBJECT CODE    LINE  SOURCE TEXT
  VALUE

                      00676         .line   30; "counter.c" for(ssdIterator = SSD_R ;(signed)ssdIterator >= SSD_L ; ssdIterator -- )
0091   30FF           00677         MOVLW   0xff
                      00678 ;; >>> /home/sdcc-builder/build/sdcc-build/orig/sdcc/src/pic14/genarith.c:396:genAddLit
                      00679 ;;      1109 rIdx = r0x104B 
0092   07??           00680         ADDWF   r0x1006,F
                      00681 ;; >>> /home/sdcc-builder/build/sdcc-build/orig/sdcc/src/pic14/genarith.c:397:genAddLit
0093   1C03           00682         BTFSS   STATUS,0
                      00683 ;; >>> /home/sdcc-builder/build/sdcc-build/orig/sdcc/src/pic14/genarith.c:398:genAddLit
                      00684 ;;      1109 rIdx = r0x104C 
0094   03??           00685         DECF    r0x1007,F
                      00686 ;; ***  addSign  861
                      00687 ;;; /home/sdcc-builder/build/sdcc-build/orig/sdcc/src/pic14/genarith.c:862:addSign *{*
                      00688 ;;; /home/sdcc-builder/build/sdcc-build/orig/sdcc/src/pic14/gen.c:2316:resultRemat *{*
                      00689 ;;; /home/sdcc-builder/build/sdcc-build/orig/sdcc/src/pic14/gen.c:3583:genCmpLt *{*
                      00690 ;; ***  genCmpLt  3584
                      00691 ;;      694 register type nRegs=2
                      00692 ;;; /home/sdcc-builder/build/sdcc-build/orig/sdcc/src/pic14/gen.c:3294:genCmp *{*
                      00693 ;;signed compare: left < lit(0x0=0), size=2, mask=ffff
                      00694 ;; >>> /home/sdcc-builder/build/sdcc-build/orig/sdcc/src/pic14/gen.c:3409:genCmp
0095   1403           00695         BSF     STATUS,0
                      00696 ;; >>> /home/sdcc-builder/build/sdcc-build/orig/sdcc/src/pic14/gen.c:3412:genCmp
0096   1F??           00697         BTFSS   r0x1007,7
                      00698 ;; >>> /home/sdcc-builder/build/sdcc-build/orig/sdcc/src/pic14/gen.c:3414:genCmp
0097   1003           00699         BCF     STATUS,0
                      00700 ;;; /home/sdcc-builder/build/sdcc-build/orig/sdcc/src/pic14/gen.c:3237:genSkipc *{*
                      00701 ;; >>> /home/sdcc-builder/build/sdcc-build/orig/sdcc/src/pic14/gen.c:3244:genSkipc
0098   1C03           00702         BTFSS   STATUS,0
                      00703 ;; >>> /home/sdcc-builder/build/sdcc-build/orig/sdcc/src/pic14/gen.c:3246:genSkipc
                      00704 ;; ***  popGetLabel  key=6, label offset 8
0099   2???           00705         GOTO    _00114_DS_
                      00706 ;;genSkipc:3247: created from rifx:027A5DF4
                      00707 ;;; /home/sdcc-builder/build/sdcc-build/orig/sdcc/src/pic14/gen.c:2316:resultRemat *{*
                      00708 ;;; /home/sdcc-builder/build/sdcc-build/orig/sdcc/src/pic14/gen.c:2316:resultRemat *{*
                      00709 ;;; /home/sdcc-builder/build/sdcc-build/orig/sdcc/src/pic14/gen.c:2760:genLabel *{*
                      00710 ;; ***  genLabel  2763
                      00711 ;;; /home/sdcc-builder/build/sdcc-build/orig/sdcc/src/pic14/gen.c:2316:resultRemat *{*
                      00712 ;;; /home/sdcc-builder/build/sdcc-build/orig/sdcc/src/pic14/gen.c:2528:genEndFunction *{*
                      00713 ;; ***  genEndFunction  2530
009A   0008           00714         RETURN  
                      00715 ; exit point of _COUNTER_Update
                      00716 ;;; /home/sdcc-builder/build/sdcc-build/orig/sdcc/src/pic14/gen.c:7426:genpic14Code *{*
                      00717 
                      00718 ;***
                      00719 ;  pBlock Stats: dbName = C
                      00720 ;***
                      00721 ;entry:  _COUNTER_Init  ;Function start
                      00722 ; 2 exit points
                      00723 ;has an exit
                      00724 ;1 compiler assigned register :
                      00725 ;   STK00
                      00726 ;; Starting pCode block
                      00727 ;;; /home/sdcc-builder/build/sdcc-build/orig/sdcc/src/pic14/gen.c:2316:resultRemat *{*
                      00728 ;;; /home/sdcc-builder/build/sdcc-build/orig/sdcc/src/pic14/gen.c:2760:genLabel *{*
gpasm-1.4.0 #1106 (Oct  6 2014) obj\Debug\cou   5-13-2022  16:36:37         PAGE 15


LOC    OBJECT CODE    LINE  SOURCE TEXT
  VALUE

                      00729 ;; ***  genLabel  2763
                      00730 ;;; /home/sdcc-builder/build/sdcc-build/orig/sdcc/src/pic14/gen.c:2316:resultRemat *{*
                      00731 ;;; /home/sdcc-builder/build/sdcc-build/orig/sdcc/src/pic14/gen.c:2340:genFunction *{*
                      00732 ;; ***  genFunction  2342 curr label offset=0previous max_key=0 
009B                  00733 _COUNTER_Init   ;Function start
                      00734 ; 2 exit points
                      00735 ;;; /home/sdcc-builder/build/sdcc-build/orig/sdcc/src/pic14/gen.c:2316:resultRemat *{*
                      00736 ;;; /home/sdcc-builder/build/sdcc-build/orig/sdcc/src/pic14/gen.c:7358:genReceive *{*
                      00737 ;; ***  genReceive  7359
                      00738 ;; ***  aopForSym 315
                      00739 ;;      327 sym->rname = _currentCount, size = 2
                      00740 ;;; /home/sdcc-builder/build/sdcc-build/orig/sdcc/src/pic14/gen.c:1907:assignResultValue *{*
                      00741 ;; ***  assignResultValue  1909
                      00742 ;;      line = 1911 result -=-, size=0, left AOP_DIR=_currentCount, size=2, right -=-, size=0
                      00743 ;; >>> /home/sdcc-builder/build/sdcc-build/orig/sdcc/src/pic14/gen.c:1393:movwf
                      00744 ;;      1009
                      00745 ;;      1028  _currentCount   offset=1
                      00746         .line   7; "counter.c"  void COUNTER_Init(unsigned int initialCount)
009B   ???? ????      00747         BANKSEL _currentCount
009D   00??           00748         MOVWF   (_currentCount + 1)
                      00749 ;; >>> /home/sdcc-builder/build/sdcc-build/orig/sdcc/src/pic14/gen.c:1423:get_returnvalue
                      00750 ;; ***  popRegFromIdx,1042  , rIdx=0x7f
009E   08??           00751         MOVF    STK00,W
                      00752 ;; >>> /home/sdcc-builder/build/sdcc-build/orig/sdcc/src/pic14/gen.c:1393:movwf
                      00753 ;;      1009
                      00754 ;;      1028  _currentCount   offset=0
009F   00??           00755         MOVWF   _currentCount
                      00756 ;;; /home/sdcc-builder/build/sdcc-build/orig/sdcc/src/pic14/gen.c:2316:resultRemat *{*
                      00757 ;;; /home/sdcc-builder/build/sdcc-build/orig/sdcc/src/pic14/gen.c:2760:genLabel *{*
                      00758 ;; ***  genLabel  2763
                      00759 ;;; /home/sdcc-builder/build/sdcc-build/orig/sdcc/src/pic14/gen.c:2316:resultRemat *{*
                      00760 ;;; /home/sdcc-builder/build/sdcc-build/orig/sdcc/src/pic14/gen.c:2528:genEndFunction *{*
                      00761 ;; ***  genEndFunction  2530
                      00762         .line   9; "counter.c"  currentCount = initialCount ;
00A0   0008           00763         RETURN  
                      00764 ; exit point of _COUNTER_Init
                      00765 ;;; /home/sdcc-builder/build/sdcc-build/orig/sdcc/src/pic14/gen.c:7426:genpic14Code *{*
                      00766 
                      00767 
                      00768 ;       code size estimation:
                      00769 ;          91+   35 =   126 instructions (  322 byte)
                      00770 
                      00771         end
gpasm-1.4.0 #1106 (Oct  6 2014) obj\Debug\cou   5-13-2022  16:36:37         PAGE 16


SYMBOL TABLE
  LABEL                             VALUE

ACKDT                             00000005
ACKEN                             00000004
ACKSTAT                           00000006
ADCON0                            0000001F
ADCON1                            0000009F
ADCS0                             00000006
ADCS1                             00000007
ADCS2                             00000006
ADDEN                             00000003
ADFM                              00000007
ADIE                              00000006
ADIF                              00000006
ADON                              00000000
ADRESH                            0000001E
ADRESL                            0000009E
BCLIE                             00000003
BCLIF                             00000003
BF                                00000000
BRGH                              00000002
C                                 00000000
C1INV                             00000004
C1OUT                             00000006
C2INV                             00000005
C2OUT                             00000007
CCP1CON                           00000017
CCP1IE                            00000002
CCP1IF                            00000002
CCP1M0                            00000000
CCP1M1                            00000001
CCP1M2                            00000002
CCP1M3                            00000003
CCP1X                             00000005
CCP1Y                             00000004
CCP2CON                           0000001D
CCP2IE                            00000000
CCP2IF                            00000000
CCP2M0                            00000000
CCP2M1                            00000001
CCP2M2                            00000002
CCP2M3                            00000003
CCP2X                             00000005
CCP2Y                             00000004
CCPR1                             00000015
CCPR1H                            00000016
CCPR1L                            00000015
CCPR2                             0000001B
CCPR2H                            0000001C
CCPR2L                            0000001B
CHS0                              00000003
CHS1                              00000004
CHS2                              00000005
CIS                               00000003
CKE                               00000006
gpasm-1.4.0 #1106 (Oct  6 2014) obj\Debug\cou   5-13-2022  16:36:37         PAGE 17


SYMBOL TABLE
  LABEL                             VALUE 

CKP                               00000004
CM0                               00000000
CM1                               00000001
CM2                               00000002
CMCON                             0000009C
CMIE                              00000006
CMIF                              00000006
CREN                              00000004
CSRC                              00000007
CVR0                              00000000
CVR1                              00000001
CVR2                              00000002
CVR3                              00000003
CVRCON                            0000009D
CVREN                             00000007
CVROE                             00000006
CVRR                              00000005
D                                 00000005
DATA_ADDRESS                      00000005
DC                                00000001
D_A                               00000005
D_NOT_A                           00000005
EEADR                             0000010D
EEADRH                            0000010F
EECON1                            0000018C
EECON2                            0000018D
EEDATA                            0000010C
EEDATH                            0000010E
EEIE                              00000004
EEIF                              00000004
EEPGD                             00000007
F                                 00000001
FERR                              00000002
FSR                               00000004
GCEN                              00000007
GIE                               00000007
GO                                00000002
GO_DONE                           00000002
GO_NOT_DONE                       00000002
I2C_DATA                          00000005
I2C_READ                          00000002
I2C_START                         00000003
I2C_STOP                          00000004
IBF                               00000007
IBOV                              00000005
INDF                              00000000
INTCON                            0000000B
INTE                              00000004
INTEDG                            00000006
INTF                              00000001
IRP                               00000007
NOT_A                             00000005
NOT_ADDRESS                       00000005
gpasm-1.4.0 #1106 (Oct  6 2014) obj\Debug\cou   5-13-2022  16:36:37         PAGE 18


SYMBOL TABLE
  LABEL                             VALUE 

NOT_BO                            00000000
NOT_BOR                           00000000
NOT_DONE                          00000002
NOT_PD                            00000003
NOT_POR                           00000001
NOT_RBPU                          00000007
NOT_RC8                           00000006
NOT_T1SYNC                        00000002
NOT_TO                            00000004
NOT_TX8                           00000006
NOT_W                             00000002
NOT_WRITE                         00000002
OBF                               00000006
OERR                              00000001
OPTION_REG                        00000081
P                                 00000004
PCFG0                             00000000
PCFG1                             00000001
PCFG2                             00000002
PCFG3                             00000003
PCL                               00000002
PCLATH                            0000000A
PCON                              0000008E
PEIE                              00000006
PEN                               00000002
PIE1                              0000008C
PIE2                              0000008D
PIR1                              0000000C
PIR2                              0000000D
PORTA                             00000005
PORTB                             00000006
PORTC                             00000007
PORTD                             00000008
PORTE                             00000009
PR2                               00000092
PS0                               00000000
PS1                               00000001
PS2                               00000002
PSA                               00000003
PSAVE                             00000000
PSPIE                             00000007
PSPIF                             00000007
PSPMODE                           00000004
R                                 00000002
RA0                               00000000
RA1                               00000001
RA2                               00000002
RA3                               00000003
RA4                               00000004
RA5                               00000005
RB0                               00000000
RB1                               00000001
RB2                               00000002
gpasm-1.4.0 #1106 (Oct  6 2014) obj\Debug\cou   5-13-2022  16:36:37         PAGE 19


SYMBOL TABLE
  LABEL                             VALUE 

RB3                               00000003
RB4                               00000004
RB5                               00000005
RB6                               00000006
RB7                               00000007
RBIE                              00000003
RBIF                              00000000
RC0                               00000000
RC1                               00000001
RC2                               00000002
RC3                               00000003
RC4                               00000004
RC5                               00000005
RC6                               00000006
RC7                               00000007
RC8_9                             00000006
RC9                               00000006
RCD8                              00000000
RCEN                              00000003
RCIE                              00000005
RCIF                              00000005
RCREG                             0000001A
RCSTA                             00000018
RD                                00000000
RD0                               00000000
RD1                               00000001
RD2                               00000002
RD3                               00000003
RD4                               00000004
RD5                               00000005
RD6                               00000006
RD7                               00000007
RE0                               00000000
RE1                               00000001
RE2                               00000002
READ_WRITE                        00000002
RP0                               00000005
RP1                               00000006
RSEN                              00000001
RX9                               00000006
RX9D                              00000000
R_NOT_W                           00000002
R_W                               00000002
S                                 00000003
SEN                               00000000
SMP                               00000007
SPBRG                             00000099
SPEN                              00000007
SREN                              00000005
SSAVE                             00000000
SSPADD                            00000093
SSPBUF                            00000013
SSPCON                            00000014
gpasm-1.4.0 #1106 (Oct  6 2014) obj\Debug\cou   5-13-2022  16:36:37         PAGE 20


SYMBOL TABLE
  LABEL                             VALUE 

SSPCON2                           00000091
SSPEN                             00000005
SSPIE                             00000003
SSPIF                             00000003
SSPM0                             00000000
SSPM1                             00000001
SSPM2                             00000002
SSPM3                             00000003
SSPOV                             00000006
SSPSTAT                           00000094
STATUS                            00000003
STK00                             00000000
STK01                             00000000
STK02                             00000000
STK03                             00000000
STK04                             00000000
STK05                             00000000
STK06                             00000000
STK07                             00000000
STK08                             00000000
STK09                             00000000
STK10                             00000000
STK11                             00000000
STK12                             00000000
SYNC                              00000004
T0CS                              00000005
T0IE                              00000005
T0IF                              00000002
T0SE                              00000004
T1CKPS0                           00000004
T1CKPS1                           00000005
T1CON                             00000010
T1INSYNC                          00000002
T1OSCEN                           00000003
T1SYNC                            00000002
T2CKPS0                           00000000
T2CKPS1                           00000001
T2CON                             00000012
TMR0                              00000001
TMR0IE                            00000005
TMR0IF                            00000002
TMR1                              0000000E
TMR1CS                            00000001
TMR1H                             0000000F
TMR1IE                            00000000
TMR1IF                            00000000
TMR1L                             0000000E
TMR1ON                            00000000
TMR2                              00000011
TMR2IE                            00000001
TMR2IF                            00000001
TMR2ON                            00000002
TOUTPS0                           00000003
gpasm-1.4.0 #1106 (Oct  6 2014) obj\Debug\cou   5-13-2022  16:36:37         PAGE 21


SYMBOL TABLE
  LABEL                             VALUE 

TOUTPS1                           00000004
TOUTPS2                           00000005
TOUTPS3                           00000006
TRISA                             00000085
TRISA0                            00000000
TRISA1                            00000001
TRISA2                            00000002
TRISA3                            00000003
TRISA4                            00000004
TRISA5                            00000005
TRISB                             00000086
TRISB0                            00000000
TRISB1                            00000001
TRISB2                            00000002
TRISB3                            00000003
TRISB4                            00000004
TRISB5                            00000005
TRISB6                            00000006
TRISB7                            00000007
TRISC                             00000087
TRISC0                            00000000
TRISC1                            00000001
TRISC2                            00000002
TRISC3                            00000003
TRISC4                            00000004
TRISC5                            00000005
TRISC6                            00000006
TRISC7                            00000007
TRISD                             00000088
TRISD0                            00000000
TRISD1                            00000001
TRISD2                            00000002
TRISD3                            00000003
TRISD4                            00000004
TRISD5                            00000005
TRISD6                            00000006
TRISD7                            00000007
TRISE                             00000089
TRISE0                            00000000
TRISE1                            00000001
TRISE2                            00000002
TRMT                              00000001
TX8_9                             00000006
TX9                               00000006
TX9D                              00000000
TXD8                              00000000
TXEN                              00000005
TXIE                              00000004
TXIF                              00000004
TXREG                             00000019
TXSTA                             00000098
UA                                00000001
W                                 00000000
gpasm-1.4.0 #1106 (Oct  6 2014) obj\Debug\cou   5-13-2022  16:36:37         PAGE 22


SYMBOL TABLE
  LABEL                             VALUE 

WCOL                              00000007
WR                                00000001
WREN                              00000002
WRERR                             00000003
WSAVE                             00000000
Z                                 00000002
_00110_DS_                        0000002F
_00112_DS_                        00000055
_00114_DS_                        00000064
_BODEN_OFF                        00003FBF
_BODEN_ON                         00003FFF
_BOREN_OFF                        00003FBF
_BOREN_ON                         00003FFF
_CONFIG                           00002007
_COUNTER_GetCount                 00000000
_COUNTER_Init                     0000009B
_COUNTER_SetCount                 00000010
_COUNTER_Update                   00000016
_CPD_OFF                          00003FFF
_CPD_ON                           00003EFF
_CP_ALL                           00001FFF
_CP_OFF                           00003FFF
_CP_ON                            00001FFF
_DEBUG_OFF                        00003FFF
_DEBUG_ON                         000037FF
_DEVID1                           00002006
_Delay_ms                         00000000
_FOSC_EXTRC                       00003FFF
_FOSC_HS                          00003FFE
_FOSC_LP                          00003FFC
_FOSC_XT                          00003FFD
_HS_OSC                           00003FFE
_IDLOC0                           00002000
_IDLOC1                           00002001
_IDLOC2                           00002002
_IDLOC3                           00002003
_LP_OSC                           00003FFC
_LVP_OFF                          00003F7F
_LVP_ON                           00003FFF
_PB_GetState                      00000000
_PB_Init                          00000000
_PB_Update                        00000000
_PWRTE_OFF                        00003FFF
_PWRTE_ON                         00003FF7
_RC_OSC                           00003FFF
_SSD_Init                         00000000
_SSD_SetState                     00000000
_SSD_SetSymbol                    00000000
_SSD_Update                       00000000
_WDTE_OFF                         00003FFB
_WDTE_ON                          00003FFF
_WDT_OFF                          00003FFB
_WDT_ON                           00003FFF
gpasm-1.4.0 #1106 (Oct  6 2014) obj\Debug\cou   5-13-2022  16:36:37         PAGE 23


SYMBOL TABLE
  LABEL                             VALUE 

_WRT_1FOURTH                      00003BFF
_WRT_256                          00003DFF
_WRT_HALF                         000039FF
_WRT_OFF                          00003FFF
_XT_OSC                           00003FFD
__16F877A                         00000001
__CODE_END                        00001FFF
__CODE_START                      00000000
__COMMON_RAM_END                  0000007F
__COMMON_RAM_START                00000070
__EEPROM_END                      000021FF
__EEPROM_START                    00002100
__VECTOR_INT                      00000004
__VECTOR_RESET                    00000000
__divuint                         00000000
__moduint                         00000000
_code_counter_001A                0000001A
_code_counter_0023                00000023
_code_counter_004E                0000004E
_code_counter_0070                00000070
_code_counter_007C                0000007C
_code_counter_008A                0000008A
_currentCount                     00000000
_ii                               00000000
r0x1002                           00000005
r0x1003                           00000006
r0x1004                           00000000
r0x1005                           00000001
r0x1006                           00000002
r0x1007                           00000003
r0x1009                           00000004

Errors   :     0
Warnings :     0 reported,     0 suppressed
Messages :     0 reported,     0 suppressed

