gpasm-1.4.0 #1106 (Oct  6 2014) obj\Debug\Tim   5-13-2022  16:36:38         PAGE  1


LOC    OBJECT CODE    LINE  SOURCE TEXT
  VALUE

                      00001 ;--------------------------------------------------------
                      00002 ; File Created by SDCC : free open source ANSI-C Compiler
                      00003 ; Version 3.5.0 #9253 (Jun 20 2015) (MINGW32)
                      00004 ; This file was generated Fri May 13 16:36:38 2022
                      00005 ;--------------------------------------------------------
                      00006 ; PIC port for the 14-bit core
                      00007 ;--------------------------------------------------------
                      00008         .file   "Timer0.c"
                      00009         list    p=16f877a
                      00010         radix dec
                      00011         include "p16f877a.inc"
                      00001         LIST
                      00002 
                      00003 ;==========================================================================
                      00004 ; Build date : Aug 07 2014
                      00005 ;  MPASM PIC16F877A processor include
                      00006 ; 
                      00007 ;  (c) Copyright 1999-2014 Microchip Technology, All rights reserved
                      00008 ;==========================================================================
                      00009 
                      00567         LIST
                      00012 ;--------------------------------------------------------
                      00013 ; external declarations
                      00014 ;--------------------------------------------------------
  0000                00015         extern  _PB_Init
  0000                00016         extern  _PB_Update
  0000                00017         extern  _PB_GetState
  0000                00018         extern  _COUNTER_Init
  0000                00019         extern  _COUNTER_Update
  0000                00020         extern  _COUNTER_SetCount
  0000                00021         extern  _COUNTER_GetCount
  0000                00022         extern  _SSD_Init
  0000                00023         extern  _SSD_Update
  0000                00024         extern  _SSD_SetState
  0000                00025         extern  _SSD_SetSymbol
  0000                00026         extern  __modsint
  0000                00027         extern  _STATUSbits
  0000                00028         extern  _PORTAbits
  0000                00029         extern  _PORTBbits
  0000                00030         extern  _PORTCbits
  0000                00031         extern  _PORTDbits
  0000                00032         extern  _PORTEbits
  0000                00033         extern  _INTCONbits
  0000                00034         extern  _PIR1bits
  0000                00035         extern  _PIR2bits
  0000                00036         extern  _T1CONbits
  0000                00037         extern  _T2CONbits
  0000                00038         extern  _SSPCONbits
  0000                00039         extern  _CCP1CONbits
  0000                00040         extern  _RCSTAbits
  0000                00041         extern  _CCP2CONbits
  0000                00042         extern  _ADCON0bits
  0000                00043         extern  _OPTION_REGbits
gpasm-1.4.0 #1106 (Oct  6 2014) obj\Debug\Tim   5-13-2022  16:36:38         PAGE  2


LOC    OBJECT CODE    LINE  SOURCE TEXT
  VALUE

  0000                00044         extern  _TRISAbits
  0000                00045         extern  _TRISBbits
  0000                00046         extern  _TRISCbits
  0000                00047         extern  _TRISDbits
  0000                00048         extern  _TRISEbits
  0000                00049         extern  _PIE1bits
  0000                00050         extern  _PIE2bits
  0000                00051         extern  _PCONbits
  0000                00052         extern  _SSPCON2bits
  0000                00053         extern  _SSPSTATbits
  0000                00054         extern  _TXSTAbits
  0000                00055         extern  _CMCONbits
  0000                00056         extern  _CVRCONbits
  0000                00057         extern  _ADCON1bits
  0000                00058         extern  _EECON1bits
  0000                00059         extern  _INDF
  0000                00060         extern  _TMR0
  0000                00061         extern  _PCL
  0000                00062         extern  _STATUS
  0000                00063         extern  _FSR
  0000                00064         extern  _PORTA
  0000                00065         extern  _PORTB
  0000                00066         extern  _PORTC
  0000                00067         extern  _PORTD
  0000                00068         extern  _PORTE
  0000                00069         extern  _PCLATH
  0000                00070         extern  _INTCON
  0000                00071         extern  _PIR1
  0000                00072         extern  _PIR2
  0000                00073         extern  _TMR1
  0000                00074         extern  _TMR1L
  0000                00075         extern  _TMR1H
  0000                00076         extern  _T1CON
  0000                00077         extern  _TMR2
  0000                00078         extern  _T2CON
  0000                00079         extern  _SSPBUF
  0000                00080         extern  _SSPCON
  0000                00081         extern  _CCPR1
  0000                00082         extern  _CCPR1L
  0000                00083         extern  _CCPR1H
  0000                00084         extern  _CCP1CON
  0000                00085         extern  _RCSTA
  0000                00086         extern  _TXREG
  0000                00087         extern  _RCREG
  0000                00088         extern  _CCPR2
  0000                00089         extern  _CCPR2L
  0000                00090         extern  _CCPR2H
  0000                00091         extern  _CCP2CON
  0000                00092         extern  _ADRESH
  0000                00093         extern  _ADCON0
  0000                00094         extern  _OPTION_REG
  0000                00095         extern  _TRISA
  0000                00096         extern  _TRISB
gpasm-1.4.0 #1106 (Oct  6 2014) obj\Debug\Tim   5-13-2022  16:36:38         PAGE  3


LOC    OBJECT CODE    LINE  SOURCE TEXT
  VALUE

  0000                00097         extern  _TRISC
  0000                00098         extern  _TRISD
  0000                00099         extern  _TRISE
  0000                00100         extern  _PIE1
  0000                00101         extern  _PIE2
  0000                00102         extern  _PCON
  0000                00103         extern  _SSPCON2
  0000                00104         extern  _PR2
  0000                00105         extern  _SSPADD
  0000                00106         extern  _SSPSTAT
  0000                00107         extern  _TXSTA
  0000                00108         extern  _SPBRG
  0000                00109         extern  _CMCON
  0000                00110         extern  _CVRCON
  0000                00111         extern  _ADRESL
  0000                00112         extern  _ADCON1
  0000                00113         extern  _EEDATA
  0000                00114         extern  _EEADR
  0000                00115         extern  _EEDATH
  0000                00116         extern  _EEADRH
  0000                00117         extern  _EECON1
  0000                00118         extern  _EECON2
  0000                00119         extern  ___sdcc_saved_fsr
                      00120 
  0000                00121         extern PSAVE
  0000                00122         extern SSAVE
  0000                00123         extern WSAVE
  0000                00124         extern STK12
  0000                00125         extern STK11
  0000                00126         extern STK10
  0000                00127         extern STK09
  0000                00128         extern STK08
  0000                00129         extern STK07
  0000                00130         extern STK06
  0000                00131         extern STK05
  0000                00132         extern STK04
  0000                00133         extern STK03
  0000                00134         extern STK02
  0000                00135         extern STK01
  0000                00136         extern STK00
                      00137 ;--------------------------------------------------------
                      00138 ; global declarations
                      00139 ;--------------------------------------------------------
  0000                00140         global  _TMR0_Start
  0000                00141         global  _TMR0_Update
  0000                00142         global  _TMR0_Init
                      00143 
                      00144 ;--------------------------------------------------------
                      00145 ; global definitions
                      00146 ;--------------------------------------------------------
                      00147 ;--------------------------------------------------------
                      00148 ; absolute symbol definitions
                      00149 ;--------------------------------------------------------
gpasm-1.4.0 #1106 (Oct  6 2014) obj\Debug\Tim   5-13-2022  16:36:38         PAGE  4


LOC    OBJECT CODE    LINE  SOURCE TEXT
  VALUE

                      00150 ;--------------------------------------------------------
                      00151 ; compiler-defined variables
                      00152 ;--------------------------------------------------------
                      00153 UDL_Timer0_0    udata
0000                  00154 r0x1004 res     1
0001                  00155 r0x1003 res     1
0002                  00156 _TMR0_Update_sched_1_18 res     2
                      00157 ;--------------------------------------------------------
                      00158 ; initialized data
                      00159 ;--------------------------------------------------------
                      00160 ;--------------------------------------------------------
                      00161 ; overlayable items in internal ram 
                      00162 ;--------------------------------------------------------
                      00163 ;       udata_ovr
                      00164 ;--------------------------------------------------------
                      00165 ; interrupt and initialization code
                      00166 ;--------------------------------------------------------
                      00167 c_interrupt     code    0x4
0004                  00168 __sdcc_interrupt
                      00169 ;***
                      00170 ;  pBlock Stats: dbName = I
                      00171 ;***
                      00172 ;entry:  _TMR0_Update   ;Function start
                      00173 ; 0 exit points
                      00174 ;functions called:
                      00175 ;   __modsint
                      00176 ;   _PB_Update
                      00177 ;   _COUNTER_Update
                      00178 ;   _SSD_Update
                      00179 ;   __modsint
                      00180 ;   __modsint
                      00181 ;   _PB_Update
                      00182 ;   _COUNTER_Update
                      00183 ;   _SSD_Update
                      00184 ;   __modsint
                      00185 ;5 compiler assigned registers:
                      00186 ;   STK02
                      00187 ;   STK01
                      00188 ;   STK00
                      00189 ;   r0x1003
                      00190 ;   r0x1004
                      00191 ;; Starting pCode block
                      00192 ;;; /home/sdcc-builder/build/sdcc-build/orig/sdcc/src/pic14/gen.c:2316:resultRemat *{*
                      00193 ;;; /home/sdcc-builder/build/sdcc-build/orig/sdcc/src/pic14/gen.c:2760:genLabel *{*
                      00194 ;; ***  genLabel  2763
                      00195 ;;; /home/sdcc-builder/build/sdcc-build/orig/sdcc/src/pic14/gen.c:2316:resultRemat *{*
                      00196 ;;; /home/sdcc-builder/build/sdcc-build/orig/sdcc/src/pic14/gen.c:2340:genFunction *{*
                      00197 ;; ***  genFunction  2342 curr label offset=4previous max_key=0 
0004                  00198 _TMR0_Update    ;Function start
                      00199 ; 0 exit points
                      00200 ;; >>> /home/sdcc-builder/build/sdcc-build/orig/sdcc/src/pic14/gen.c:2407:genFunction
                      00201         .line   24; "Timer0.c"  void TMR0_Update(void) __interrupt 0
0004   00??           00202         MOVWF   WSAVE
gpasm-1.4.0 #1106 (Oct  6 2014) obj\Debug\Tim   5-13-2022  16:36:38         PAGE  5


LOC    OBJECT CODE    LINE  SOURCE TEXT
  VALUE

                      00203 ;; >>> /home/sdcc-builder/build/sdcc-build/orig/sdcc/src/pic14/gen.c:2408:genFunction
0005   0E03           00204         SWAPF   STATUS,W
                      00205 ;; >>> /home/sdcc-builder/build/sdcc-build/orig/sdcc/src/pic14/gen.c:2413:genFunction
0006   0183           00206         CLRF    STATUS
                      00207 ;; >>> /home/sdcc-builder/build/sdcc-build/orig/sdcc/src/pic14/gen.c:2414:genFunction
0007   00??           00208         MOVWF   SSAVE
                      00209 ;; >>> /home/sdcc-builder/build/sdcc-build/orig/sdcc/src/pic14/gen.c:2416:genFunction
0008   080A           00210         MOVF    PCLATH,W
                      00211 ;; >>> /home/sdcc-builder/build/sdcc-build/orig/sdcc/src/pic14/gen.c:2418:genFunction
0009   018A           00212         CLRF    PCLATH
                      00213 ;; >>> /home/sdcc-builder/build/sdcc-build/orig/sdcc/src/pic14/gen.c:2419:genFunction
000A   00??           00214         MOVWF   PSAVE
                      00215 ;; >>> /home/sdcc-builder/build/sdcc-build/orig/sdcc/src/pic14/gen.c:2421:genFunction
000B   0804           00216         MOVF    FSR,W
                      00217 ;; >>> /home/sdcc-builder/build/sdcc-build/orig/sdcc/src/pic14/gen.c:2422:genFunction
000C   ???? ????      00218         BANKSEL ___sdcc_saved_fsr
000E   00??           00219         MOVWF   ___sdcc_saved_fsr
                      00220 ;;; /home/sdcc-builder/build/sdcc-build/orig/sdcc/src/pic14/gen.c:2316:resultRemat *{*
                      00221 ;;; /home/sdcc-builder/build/sdcc-build/orig/sdcc/src/pic14/gen.c:2316:resultRemat *{*
                      00222 ;;; /home/sdcc-builder/build/sdcc-build/orig/sdcc/src/pic14/gen.c:2316:resultRemat *{*
                      00223 ;;; /home/sdcc-builder/build/sdcc-build/orig/sdcc/src/pic14/gen.c:2086:genCall *{*
                      00224 ;; ***  genCall  2088
                      00225 ;;; /home/sdcc-builder/build/sdcc-build/orig/sdcc/src/pic14/gen.c:1801:saveRegisters *{*
                      00226 ;; ***  saveRegisters  1803
                      00227 ;; ***  aopForSym 315
                      00228 ;;      327 sym->rname = _TMR0_Update_sched_1_18, size = 2
                      00229 ;;      2135 left AOP_LIT
                      00230 ;;; /home/sdcc-builder/build/sdcc-build/orig/sdcc/src/pic14/gen.c:1343:mov2w_op *{*
                      00231 ;; >>> /home/sdcc-builder/build/sdcc-build/orig/sdcc/src/pic14/gen.c:1361:mov2w_op
                      00232         .line   27; "Timer0.c"  if(sched % 20 == 0 )
000F   3014           00233         MOVLW   0x14
                      00234 ;;      2135 left AOP_LIT
                      00235 ;; >>> /home/sdcc-builder/build/sdcc-build/orig/sdcc/src/pic14/gen.c:2143:genCall
                      00236 ;; ***  popRegFromIdx,1042  , rIdx=0x7d
0010   00??           00237         MOVWF   STK02
                      00238 ;;; /home/sdcc-builder/build/sdcc-build/orig/sdcc/src/pic14/gen.c:1343:mov2w_op *{*
                      00239 ;; >>> /home/sdcc-builder/build/sdcc-build/orig/sdcc/src/pic14/gen.c:1361:mov2w_op
0011   3000           00240         MOVLW   0x00
                      00241 ;; ***  aopForSym 315
                      00242 ;;      327 sym->rname = _TMR0_Update_sched_1_18, size = 2
                      00243 ;;      2135 left AOP_DIR
                      00244 ;; >>> /home/sdcc-builder/build/sdcc-build/orig/sdcc/src/pic14/gen.c:2143:genCall
                      00245 ;; ***  popRegFromIdx,1042  , rIdx=0x7e
0012   00??           00246         MOVWF   STK01
                      00247 ;;; /home/sdcc-builder/build/sdcc-build/orig/sdcc/src/pic14/gen.c:1343:mov2w_op *{*
                      00248 ;; ***  mov2w  1381  offset=0
                      00249 ;; >>> /home/sdcc-builder/build/sdcc-build/orig/sdcc/src/pic14/gen.c:1386:mov2w
                      00250 ;;      1009
                      00251 ;;      1028  _TMR0_Update_sched_1_18   offset=0
0013   ???? ????      00252         BANKSEL _TMR0_Update_sched_1_18
0015   08??           00253         MOVF    _TMR0_Update_sched_1_18,W
                      00254 ;;      2135 left AOP_DIR
                      00255 ;; >>> /home/sdcc-builder/build/sdcc-build/orig/sdcc/src/pic14/gen.c:2143:genCall
gpasm-1.4.0 #1106 (Oct  6 2014) obj\Debug\Tim   5-13-2022  16:36:38         PAGE  6


LOC    OBJECT CODE    LINE  SOURCE TEXT
  VALUE

                      00256 ;; ***  popRegFromIdx,1042  , rIdx=0x7f
0016   00??           00257         MOVWF   STK00
                      00258 ;;; /home/sdcc-builder/build/sdcc-build/orig/sdcc/src/pic14/gen.c:1343:mov2w_op *{*
                      00259 ;; ***  mov2w  1381  offset=1
                      00260 ;; >>> /home/sdcc-builder/build/sdcc-build/orig/sdcc/src/pic14/gen.c:1386:mov2w
                      00261 ;;      1009
                      00262 ;;      1028  _TMR0_Update_sched_1_18   offset=1
0017   08??           00263         MOVF    (_TMR0_Update_sched_1_18 + 1),W
                      00264 ;; >>> /home/sdcc-builder/build/sdcc-build/orig/sdcc/src/pic14/gen.c:2173:genCall
0018   ???? ????      00265         PAGESEL __modsint
                      00266 ;; >>> /home/sdcc-builder/build/sdcc-build/orig/sdcc/src/pic14/gen.c:2175:genCall
001A   2???           00267         CALL    __modsint
                      00268 ;; >>> /home/sdcc-builder/build/sdcc-build/orig/sdcc/src/pic14/gen.c:2181:genCall
001B   ???? ????      00269         PAGESEL $
                      00270 ;;      694 register type nRegs=2
                      00271 ;;; /home/sdcc-builder/build/sdcc-build/orig/sdcc/src/pic14/gen.c:1907:assignResultValue *{*
                      00272 ;; ***  assignResultValue  1909
                      00273 ;;      line = 1911 result -=-, size=0, left AOP_REG=r0x1049, size=2, right -=-, size=0
                      00274 ;; >>> /home/sdcc-builder/build/sdcc-build/orig/sdcc/src/pic14/gen.c:1393:movwf
                      00275 ;;      1109 rIdx = r0x104A 
001D   ???? ????      00276         BANKSEL r0x1003
001F   00??           00277         MOVWF   r0x1003
                      00278 ;; >>> /home/sdcc-builder/build/sdcc-build/orig/sdcc/src/pic14/gen.c:1423:get_returnvalue
                      00279 ;; ***  popRegFromIdx,1042  , rIdx=0x7f
0020   08??           00280         MOVF    STK00,W
                      00281 ;; >>> /home/sdcc-builder/build/sdcc-build/orig/sdcc/src/pic14/gen.c:1393:movwf
                      00282 ;;      1109 rIdx = r0x1049 
0021   00??           00283         MOVWF   r0x1004
0022   04??           00284         IORWF   r0x1003,W
                      00285 ;; >>> /home/sdcc-builder/build/sdcc-build/orig/sdcc/src/pic14/gen.c:6808:genIfx
0023   1D03           00286         BTFSS   STATUS,2
                      00287 ;; >>> /home/sdcc-builder/build/sdcc-build/orig/sdcc/src/pic14/gen.c:6809:genIfx
                      00288 ;; ***  popGetLabel  key=2, label offset 8
0024   2???           00289         GOTO    _00110_DS_
                      00290 ;;; /home/sdcc-builder/build/sdcc-build/orig/sdcc/src/pic14/gen.c:2316:resultRemat *{*
                      00291 ;;; /home/sdcc-builder/build/sdcc-build/orig/sdcc/src/pic14/gen.c:2086:genCall *{*
                      00292 ;; ***  genCall  2088
                      00293 ;;; /home/sdcc-builder/build/sdcc-build/orig/sdcc/src/pic14/gen.c:1801:saveRegisters *{*
                      00294 ;; ***  saveRegisters  1803
                      00295 ;; >>> /home/sdcc-builder/build/sdcc-build/orig/sdcc/src/pic14/gen.c:2173:genCall
                      00296         .line   29; "Timer0.c"  PB_Update() ;
0025   ???? ????      00297         PAGESEL _PB_Update
                      00298 ;; >>> /home/sdcc-builder/build/sdcc-build/orig/sdcc/src/pic14/gen.c:2175:genCall
0027   2???           00299         CALL    _PB_Update
                      00300 ;; >>> /home/sdcc-builder/build/sdcc-build/orig/sdcc/src/pic14/gen.c:2181:genCall
0028   ???? ????      00301         PAGESEL $
                      00302 ;;; /home/sdcc-builder/build/sdcc-build/orig/sdcc/src/pic14/gen.c:1845:unsaveRegisters *{*
                      00303 ;; ***  unsaveRegisters  1847
                      00304 ;;; /home/sdcc-builder/build/sdcc-build/orig/sdcc/src/pic14/gen.c:2316:resultRemat *{*
                      00305 ;;; /home/sdcc-builder/build/sdcc-build/orig/sdcc/src/pic14/gen.c:2086:genCall *{*
                      00306 ;; ***  genCall  2088
                      00307 ;;; /home/sdcc-builder/build/sdcc-build/orig/sdcc/src/pic14/gen.c:1801:saveRegisters *{*
                      00308 ;; ***  saveRegisters  1803
gpasm-1.4.0 #1106 (Oct  6 2014) obj\Debug\Tim   5-13-2022  16:36:38         PAGE  7


LOC    OBJECT CODE    LINE  SOURCE TEXT
  VALUE

                      00309 ;; >>> /home/sdcc-builder/build/sdcc-build/orig/sdcc/src/pic14/gen.c:2173:genCall
                      00310         .line   30; "Timer0.c"  COUNTER_Update() ;
002A   ???? ????      00311         PAGESEL _COUNTER_Update
                      00312 ;; >>> /home/sdcc-builder/build/sdcc-build/orig/sdcc/src/pic14/gen.c:2175:genCall
002C   2???           00313         CALL    _COUNTER_Update
                      00314 ;; >>> /home/sdcc-builder/build/sdcc-build/orig/sdcc/src/pic14/gen.c:2181:genCall
002D   ???? ????      00315         PAGESEL $
                      00316 ;;; /home/sdcc-builder/build/sdcc-build/orig/sdcc/src/pic14/gen.c:1845:unsaveRegisters *{*
                      00317 ;; ***  unsaveRegisters  1847
                      00318 ;;; /home/sdcc-builder/build/sdcc-build/orig/sdcc/src/pic14/gen.c:2316:resultRemat *{*
                      00319 ;;; /home/sdcc-builder/build/sdcc-build/orig/sdcc/src/pic14/gen.c:2760:genLabel *{*
                      00320 ;; ***  genLabel  2763
                      00321 ;;; /home/sdcc-builder/build/sdcc-build/orig/sdcc/src/pic14/gen.c:2316:resultRemat *{*
                      00322 ;;; /home/sdcc-builder/build/sdcc-build/orig/sdcc/src/pic14/gen.c:2086:genCall *{*
                      00323 ;; ***  genCall  2088
                      00324 ;;; /home/sdcc-builder/build/sdcc-build/orig/sdcc/src/pic14/gen.c:1801:saveRegisters *{*
                      00325 ;; ***  saveRegisters  1803
                      00326 ;; >>> /home/sdcc-builder/build/sdcc-build/orig/sdcc/src/pic14/gen.c:2173:genCall
002F                  00327 _00110_DS_
                      00328         .line   32; "Timer0.c"  SSD_Update() ;
002F   ???? ????      00329         PAGESEL _SSD_Update
                      00330 ;; >>> /home/sdcc-builder/build/sdcc-build/orig/sdcc/src/pic14/gen.c:2175:genCall
0031   2???           00331         CALL    _SSD_Update
                      00332 ;; >>> /home/sdcc-builder/build/sdcc-build/orig/sdcc/src/pic14/gen.c:2181:genCall
0032   ???? ????      00333         PAGESEL $
                      00334 ;;; /home/sdcc-builder/build/sdcc-build/orig/sdcc/src/pic14/gen.c:1845:unsaveRegisters *{*
                      00335 ;; ***  unsaveRegisters  1847
                      00336 ;;; /home/sdcc-builder/build/sdcc-build/orig/sdcc/src/pic14/gen.c:2316:resultRemat *{*
                      00337 ;; ***  genPlus  611
                      00338 ;;; /home/sdcc-builder/build/sdcc-build/orig/sdcc/src/pic14/genarith.c:612:genPlus *{*
                      00339 ;; ***  aopForSym 315
                      00340 ;;      327 sym->rname = _TMR0_Update_sched_1_18, size = 2
                      00341 ;;      694 register type nRegs=2
                      00342 ;;      line = 618 result AOP_REG=r0x1049, size=2, left AOP_DIR=_TMR0_Update_sched_1_18, size=2, right A
                            OP_LIT=0x04, size=2
                      00343 ;;; /home/sdcc-builder/build/sdcc-build/orig/sdcc/src/pic14/genarith.c:142:genPlusIncr *{*
                      00344 ;; ***  genPlusIncr  144
                      00345 ;;      result AOP_REG, left AOP_DIR, right AOP_LIT
                      00346 ;;      genPlusIncr  156
                      00347 ;;      adding lit to something. size 2
                      00348 ;;; /home/sdcc-builder/build/sdcc-build/orig/sdcc/src/pic14/genarith.c:269:genAddLit *{*
                      00349 ;; ***  genAddLit  270
                      00350 ;;  left and result aren't same genAddLit  514
                      00351 ;; >>> /home/sdcc-builder/build/sdcc-build/orig/sdcc/src/pic14/genarith.c:546:genAddLit
                      00352         .line   33; "Timer0.c"  sched = (sched + TICK_TIME ) % 20 ;
0034   3004           00353         MOVLW   0x04
                      00354 ;; >>> /home/sdcc-builder/build/sdcc-build/orig/sdcc/src/pic14/genarith.c:547:genAddLit
                      00355 ;;      1009
                      00356 ;;      1028  _TMR0_Update_sched_1_18   offset=0
0035   ???? ????      00357         BANKSEL _TMR0_Update_sched_1_18
0037   07??           00358         ADDWF   _TMR0_Update_sched_1_18,W
                      00359 ;;; /home/sdcc-builder/build/sdcc-build/orig/sdcc/src/pic14/genarith.c:253:emitMOVWF *{*
                      00360 ;; >>> /home/sdcc-builder/build/sdcc-build/orig/sdcc/src/pic14/genarith.c:257:emitMOVWF
gpasm-1.4.0 #1106 (Oct  6 2014) obj\Debug\Tim   5-13-2022  16:36:38         PAGE  8


LOC    OBJECT CODE    LINE  SOURCE TEXT
  VALUE

                      00361 ;;      1109 rIdx = r0x1049 
0038   ???? ????      00362         BANKSEL r0x1004
003A   00??           00363         MOVWF   r0x1004
                      00364 ;; >>> /home/sdcc-builder/build/sdcc-build/orig/sdcc/src/pic14/genarith.c:584:genAddLit
                      00365 ;;      1109 rIdx = r0x104A 
003B   01??           00366         CLRF    r0x1003
                      00367 ;; >>> /home/sdcc-builder/build/sdcc-build/orig/sdcc/src/pic14/genarith.c:585:genAddLit
                      00368 ;;      1109 rIdx = r0x104A 
003C   0D??           00369         RLF     r0x1003,F
                      00370 ;; >>> /home/sdcc-builder/build/sdcc-build/orig/sdcc/src/pic14/genarith.c:586:genAddLit
                      00371 ;;      1009
                      00372 ;;      1028  _TMR0_Update_sched_1_18   offset=1
003D   ???? ????      00373         BANKSEL _TMR0_Update_sched_1_18
003F   08??           00374         MOVF    (_TMR0_Update_sched_1_18 + 1),W
                      00375 ;; >>> /home/sdcc-builder/build/sdcc-build/orig/sdcc/src/pic14/genarith.c:587:genAddLit
                      00376 ;;      1109 rIdx = r0x104A 
0040   ???? ????      00377         BANKSEL r0x1003
0042   07??           00378         ADDWF   r0x1003,F
                      00379 ;; ***  addSign  861
                      00380 ;;; /home/sdcc-builder/build/sdcc-build/orig/sdcc/src/pic14/genarith.c:862:addSign *{*
                      00381 ;;; /home/sdcc-builder/build/sdcc-build/orig/sdcc/src/pic14/gen.c:2316:resultRemat *{*
                      00382 ;;; /home/sdcc-builder/build/sdcc-build/orig/sdcc/src/pic14/gen.c:2316:resultRemat *{*
                      00383 ;;; /home/sdcc-builder/build/sdcc-build/orig/sdcc/src/pic14/gen.c:2316:resultRemat *{*
                      00384 ;;; /home/sdcc-builder/build/sdcc-build/orig/sdcc/src/pic14/gen.c:2086:genCall *{*
                      00385 ;; ***  genCall  2088
                      00386 ;;; /home/sdcc-builder/build/sdcc-build/orig/sdcc/src/pic14/gen.c:1801:saveRegisters *{*
                      00387 ;; ***  saveRegisters  1803
                      00388 ;;      694 register type nRegs=2
                      00389 ;;      2135 left AOP_LIT
                      00390 ;;; /home/sdcc-builder/build/sdcc-build/orig/sdcc/src/pic14/gen.c:1343:mov2w_op *{*
                      00391 ;; >>> /home/sdcc-builder/build/sdcc-build/orig/sdcc/src/pic14/gen.c:1361:mov2w_op
0043   3014           00392         MOVLW   0x14
                      00393 ;;      2135 left AOP_LIT
                      00394 ;; >>> /home/sdcc-builder/build/sdcc-build/orig/sdcc/src/pic14/gen.c:2143:genCall
                      00395 ;; ***  popRegFromIdx,1042  , rIdx=0x7d
0044   00??           00396         MOVWF   STK02
                      00397 ;;; /home/sdcc-builder/build/sdcc-build/orig/sdcc/src/pic14/gen.c:1343:mov2w_op *{*
                      00398 ;; >>> /home/sdcc-builder/build/sdcc-build/orig/sdcc/src/pic14/gen.c:1361:mov2w_op
0045   3000           00399         MOVLW   0x00
                      00400 ;;      694 register type nRegs=2
                      00401 ;;      2135 left AOP_REG
                      00402 ;; >>> /home/sdcc-builder/build/sdcc-build/orig/sdcc/src/pic14/gen.c:2143:genCall
                      00403 ;; ***  popRegFromIdx,1042  , rIdx=0x7e
0046   00??           00404         MOVWF   STK01
                      00405 ;;; /home/sdcc-builder/build/sdcc-build/orig/sdcc/src/pic14/gen.c:1343:mov2w_op *{*
                      00406 ;; ***  mov2w  1381  offset=0
                      00407 ;; >>> /home/sdcc-builder/build/sdcc-build/orig/sdcc/src/pic14/gen.c:1386:mov2w
                      00408 ;;      1109 rIdx = r0x1049 
0047   08??           00409         MOVF    r0x1004,W
                      00410 ;;      2135 left AOP_REG
                      00411 ;; >>> /home/sdcc-builder/build/sdcc-build/orig/sdcc/src/pic14/gen.c:2143:genCall
                      00412 ;; ***  popRegFromIdx,1042  , rIdx=0x7f
0048   00??           00413         MOVWF   STK00
gpasm-1.4.0 #1106 (Oct  6 2014) obj\Debug\Tim   5-13-2022  16:36:38         PAGE  9


LOC    OBJECT CODE    LINE  SOURCE TEXT
  VALUE

                      00414 ;;; /home/sdcc-builder/build/sdcc-build/orig/sdcc/src/pic14/gen.c:1343:mov2w_op *{*
                      00415 ;; ***  mov2w  1381  offset=1
                      00416 ;; >>> /home/sdcc-builder/build/sdcc-build/orig/sdcc/src/pic14/gen.c:1386:mov2w
                      00417 ;;      1109 rIdx = r0x104A 
0049   08??           00418         MOVF    r0x1003,W
                      00419 ;; >>> /home/sdcc-builder/build/sdcc-build/orig/sdcc/src/pic14/gen.c:2173:genCall
004A   ???? ????      00420         PAGESEL __modsint
                      00421 ;; >>> /home/sdcc-builder/build/sdcc-build/orig/sdcc/src/pic14/gen.c:2175:genCall
004C   2???           00422         CALL    __modsint
                      00423 ;; >>> /home/sdcc-builder/build/sdcc-build/orig/sdcc/src/pic14/gen.c:2181:genCall
004D   ???? ????      00424         PAGESEL $
                      00425 ;; ***  aopForSym 315
                      00426 ;;      327 sym->rname = _TMR0_Update_sched_1_18, size = 2
                      00427 ;;; /home/sdcc-builder/build/sdcc-build/orig/sdcc/src/pic14/gen.c:1907:assignResultValue *{*
                      00428 ;; ***  assignResultValue  1909
                      00429 ;;      line = 1911 result -=-, size=0, left AOP_DIR=_TMR0_Update_sched_1_18, size=2, right -=-, size=0
                      00430 ;; >>> /home/sdcc-builder/build/sdcc-build/orig/sdcc/src/pic14/gen.c:1393:movwf
                      00431 ;;      1009
                      00432 ;;      1028  _TMR0_Update_sched_1_18   offset=1
004F   ???? ????      00433         BANKSEL _TMR0_Update_sched_1_18
0051   00??           00434         MOVWF   (_TMR0_Update_sched_1_18 + 1)
                      00435 ;; >>> /home/sdcc-builder/build/sdcc-build/orig/sdcc/src/pic14/gen.c:1423:get_returnvalue
                      00436 ;; ***  popRegFromIdx,1042  , rIdx=0x7f
0052   08??           00437         MOVF    STK00,W
                      00438 ;; >>> /home/sdcc-builder/build/sdcc-build/orig/sdcc/src/pic14/gen.c:1393:movwf
                      00439 ;;      1009
                      00440 ;;      1028  _TMR0_Update_sched_1_18   offset=0
0053   00??           00441         MOVWF   _TMR0_Update_sched_1_18
                      00442 ;;      2195 left AOP_DIR
                      00443 ;;; /home/sdcc-builder/build/sdcc-build/orig/sdcc/src/pic14/gen.c:1845:unsaveRegisters *{*
                      00444 ;; ***  unsaveRegisters  1847
                      00445 ;;; /home/sdcc-builder/build/sdcc-build/orig/sdcc/src/pic14/gen.c:2316:resultRemat *{*
                      00446 ;;; /home/sdcc-builder/build/sdcc-build/orig/sdcc/src/pic14/gen.c:2316:resultRemat *{*
                      00447 ;;; /home/sdcc-builder/build/sdcc-build/orig/sdcc/src/pic14/gen.c:6686:genPointerSet *{*
                      00448 ;; ***  genPointerSet  6687
                      00449 ;;; /home/sdcc-builder/build/sdcc-build/orig/sdcc/src/pic14/gen.c:6505:genNearPointerSet *{*
                      00450 ;; ***  genNearPointerSet  6506
                      00451 ;;      613
                      00452 ;;      aopForRemat 392
                      00453 ;;      418: rname _INTCONbits, val 0, const = 0
                      00454 ;; ***  genNearPointerSet  6521
                      00455 ;;      833: aopGet AOP_PCODE type PO_IMMEDIATE
                      00456 ;;      _INTCONbits
                      00457 ;;      line = 6523 result AOP_PCODE=_INTCONbits, size=2, left -=-, size=0, right AOP_LIT=0x00, size=1
                      00458 ;;; /home/sdcc-builder/build/sdcc-build/orig/sdcc/src/pic14/gen.c:6249:genPackBits *{*
                      00459 ;; ***  genPackBits  6250
                      00460 ;;      833: aopGet AOP_PCODE type PO_IMMEDIATE
                      00461 ;;      _INTCONbits
                      00462 ;; >>> /home/sdcc-builder/build/sdcc-build/orig/sdcc/src/pic14/gen.c:6275:genPackBits
                      00463         .line   35; "Timer0.c"  CLEAR_TMR0_FLAG ;
0054   ???? ????      00464         BANKSEL _INTCONbits
0056   11??           00465         BCF     _INTCONbits,2
                      00466 ;;; /home/sdcc-builder/build/sdcc-build/orig/sdcc/src/pic14/gen.c:2316:resultRemat *{*
gpasm-1.4.0 #1106 (Oct  6 2014) obj\Debug\Tim   5-13-2022  16:36:38         PAGE 10


LOC    OBJECT CODE    LINE  SOURCE TEXT
  VALUE

                      00467 ;;; /home/sdcc-builder/build/sdcc-build/orig/sdcc/src/pic14/gen.c:6927:genAssign *{*
                      00468 ;; ***  genAssign  6928
                      00469 ;; ***  aopForSym 315
                      00470 ;;      327 sym->rname = _TMR0, size = 1
                      00471 ;;      line = 6937 result AOP_DIR=_TMR0, size=1, left -=-, size=0, right AOP_LIT=0xe0, size=1
                      00472 ;; ***  genAssign  7023
                      00473 ;; >>> /home/sdcc-builder/build/sdcc-build/orig/sdcc/src/pic14/gen.c:7030:genAssign
                      00474         .line   36; "Timer0.c"  SET_TMR0_TIME_MS(TICK_TIME)  ;
0057   30E0           00475         MOVLW   0xe0
                      00476 ;; >>> /home/sdcc-builder/build/sdcc-build/orig/sdcc/src/pic14/gen.c:7032:genAssign
                      00477 ;;      1009
                      00478 ;;      1028  _TMR0   offset=0
0058   00??           00479         MOVWF   _TMR0
                      00480 ;;; /home/sdcc-builder/build/sdcc-build/orig/sdcc/src/pic14/gen.c:2316:resultRemat *{*
                      00481 ;;; /home/sdcc-builder/build/sdcc-build/orig/sdcc/src/pic14/gen.c:2760:genLabel *{*
                      00482 ;; ***  genLabel  2763
                      00483 ;;; /home/sdcc-builder/build/sdcc-build/orig/sdcc/src/pic14/gen.c:2316:resultRemat *{*
                      00484 ;;; /home/sdcc-builder/build/sdcc-build/orig/sdcc/src/pic14/gen.c:2528:genEndFunction *{*
                      00485 ;; ***  genEndFunction  2530
                      00486 ;;; /home/sdcc-builder/build/sdcc-build/orig/sdcc/src/pic14/gen.c:2023:unsaverbank *{*
                      00487 ;; ***  unsaverbank  2025 - WARNING no code generated
                      00488 ;; >>> /home/sdcc-builder/build/sdcc-build/orig/sdcc/src/pic14/gen.c:2622:genEndFunction
0059   ???? ????      00489         BANKSEL ___sdcc_saved_fsr
005B   08??           00490         MOVF    ___sdcc_saved_fsr,W
                      00491 ;; >>> /home/sdcc-builder/build/sdcc-build/orig/sdcc/src/pic14/gen.c:2623:genEndFunction
005C   1283 1303      00492         BANKSEL FSR
005E   0084           00493         MOVWF   FSR
                      00494 ;; >>> /home/sdcc-builder/build/sdcc-build/orig/sdcc/src/pic14/gen.c:2625:genEndFunction
005F   08??           00495         MOVF    PSAVE,W
                      00496 ;; >>> /home/sdcc-builder/build/sdcc-build/orig/sdcc/src/pic14/gen.c:2626:genEndFunction
0060   008A           00497         MOVWF   PCLATH
                      00498 ;; >>> /home/sdcc-builder/build/sdcc-build/orig/sdcc/src/pic14/gen.c:2627:genEndFunction
0061   0183           00499         CLRF    STATUS
                      00500 ;; >>> /home/sdcc-builder/build/sdcc-build/orig/sdcc/src/pic14/gen.c:2629:genEndFunction
0062   0E??           00501         SWAPF   SSAVE,W
                      00502 ;; >>> /home/sdcc-builder/build/sdcc-build/orig/sdcc/src/pic14/gen.c:2630:genEndFunction
0063   0083           00503         MOVWF   STATUS
                      00504 ;; >>> /home/sdcc-builder/build/sdcc-build/orig/sdcc/src/pic14/gen.c:2631:genEndFunction
0064   0E??           00505         SWAPF   WSAVE,F
                      00506 ;; >>> /home/sdcc-builder/build/sdcc-build/orig/sdcc/src/pic14/gen.c:2632:genEndFunction
0065   0E??           00507         SWAPF   WSAVE,W
0066                  00508 END_OF_INTERRUPT
0066   0009           00509         RETFIE  
                      00510 ;;; /home/sdcc-builder/build/sdcc-build/orig/sdcc/src/pic14/gen.c:7426:genpic14Code *{*
                      00511 
                      00512 ;--------------------------------------------------------
                      00513 ; code
                      00514 ;--------------------------------------------------------
                      00515 code_Timer0     code
                      00516 ;***
                      00517 ;  pBlock Stats: dbName = C
                      00518 ;***
                      00519 ;entry:  _TMR0_Start    ;Function start
gpasm-1.4.0 #1106 (Oct  6 2014) obj\Debug\Tim   5-13-2022  16:36:38         PAGE 11


LOC    OBJECT CODE    LINE  SOURCE TEXT
  VALUE

                      00520 ; 2 exit points
                      00521 ;has an exit
                      00522 ;; Starting pCode block
                      00523 ;;; /home/sdcc-builder/build/sdcc-build/orig/sdcc/src/pic14/gen.c:2316:resultRemat *{*
                      00524 ;;; /home/sdcc-builder/build/sdcc-build/orig/sdcc/src/pic14/gen.c:2760:genLabel *{*
                      00525 ;; ***  genLabel  2763
                      00526 ;;; /home/sdcc-builder/build/sdcc-build/orig/sdcc/src/pic14/gen.c:2316:resultRemat *{*
                      00527 ;;; /home/sdcc-builder/build/sdcc-build/orig/sdcc/src/pic14/gen.c:2340:genFunction *{*
                      00528 ;; ***  genFunction  2342 curr label offset=8previous max_key=2 
0000                  00529 _TMR0_Start     ;Function start
                      00530 ; 2 exit points
                      00531 ;;; /home/sdcc-builder/build/sdcc-build/orig/sdcc/src/pic14/gen.c:2316:resultRemat *{*
                      00532 ;;; /home/sdcc-builder/build/sdcc-build/orig/sdcc/src/pic14/gen.c:2316:resultRemat *{*
                      00533 ;;; /home/sdcc-builder/build/sdcc-build/orig/sdcc/src/pic14/gen.c:6686:genPointerSet *{*
                      00534 ;; ***  genPointerSet  6687
                      00535 ;;; /home/sdcc-builder/build/sdcc-build/orig/sdcc/src/pic14/gen.c:6505:genNearPointerSet *{*
                      00536 ;; ***  genNearPointerSet  6506
                      00537 ;;      613
                      00538 ;;      aopForRemat 392
                      00539 ;;      418: rname _INTCONbits, val 0, const = 0
                      00540 ;; ***  genNearPointerSet  6521
                      00541 ;;      833: aopGet AOP_PCODE type PO_IMMEDIATE
                      00542 ;;      _INTCONbits
                      00543 ;;      line = 6523 result AOP_PCODE=_INTCONbits, size=2, left -=-, size=0, right AOP_LIT=0x01, size=1
                      00544 ;;; /home/sdcc-builder/build/sdcc-build/orig/sdcc/src/pic14/gen.c:6249:genPackBits *{*
                      00545 ;; ***  genPackBits  6250
                      00546 ;;      833: aopGet AOP_PCODE type PO_IMMEDIATE
                      00547 ;;      _INTCONbits
                      00548 ;; >>> /home/sdcc-builder/build/sdcc-build/orig/sdcc/src/pic14/gen.c:6275:genPackBits
                      00549         .line   40; "Timer0.c"  SET_TMR0_INT_STATE(1) ;
0000   ???? ????      00550         BANKSEL _INTCONbits
0002   16??           00551         BSF     _INTCONbits,5
                      00552 ;;; /home/sdcc-builder/build/sdcc-build/orig/sdcc/src/pic14/gen.c:2316:resultRemat *{*
                      00553 ;;; /home/sdcc-builder/build/sdcc-build/orig/sdcc/src/pic14/gen.c:2316:resultRemat *{*
                      00554 ;;; /home/sdcc-builder/build/sdcc-build/orig/sdcc/src/pic14/gen.c:6686:genPointerSet *{*
                      00555 ;; ***  genPointerSet  6687
                      00556 ;;; /home/sdcc-builder/build/sdcc-build/orig/sdcc/src/pic14/gen.c:6505:genNearPointerSet *{*
                      00557 ;; ***  genNearPointerSet  6506
                      00558 ;;      613
                      00559 ;;      aopForRemat 392
                      00560 ;;      418: rname _INTCONbits, val 0, const = 0
                      00561 ;; ***  genNearPointerSet  6521
                      00562 ;;      833: aopGet AOP_PCODE type PO_IMMEDIATE
                      00563 ;;      _INTCONbits
                      00564 ;;      line = 6523 result AOP_PCODE=_INTCONbits, size=2, left -=-, size=0, right AOP_LIT=0x01, size=1
                      00565 ;;; /home/sdcc-builder/build/sdcc-build/orig/sdcc/src/pic14/gen.c:6249:genPackBits *{*
                      00566 ;; ***  genPackBits  6250
                      00567 ;;      833: aopGet AOP_PCODE type PO_IMMEDIATE
                      00568 ;;      _INTCONbits
                      00569 ;; >>> /home/sdcc-builder/build/sdcc-build/orig/sdcc/src/pic14/gen.c:6275:genPackBits
                      00570         .line   41; "Timer0.c"  SET_GIE_STATE(1) ;
0003   17??           00571         BSF     _INTCONbits,7
                      00572 ;;; /home/sdcc-builder/build/sdcc-build/orig/sdcc/src/pic14/gen.c:2316:resultRemat *{*
gpasm-1.4.0 #1106 (Oct  6 2014) obj\Debug\Tim   5-13-2022  16:36:38         PAGE 12


LOC    OBJECT CODE    LINE  SOURCE TEXT
  VALUE

                      00573 ;;; /home/sdcc-builder/build/sdcc-build/orig/sdcc/src/pic14/gen.c:2316:resultRemat *{*
                      00574 ;;; /home/sdcc-builder/build/sdcc-build/orig/sdcc/src/pic14/gen.c:6686:genPointerSet *{*
                      00575 ;; ***  genPointerSet  6687
                      00576 ;;; /home/sdcc-builder/build/sdcc-build/orig/sdcc/src/pic14/gen.c:6505:genNearPointerSet *{*
                      00577 ;; ***  genNearPointerSet  6506
                      00578 ;;      613
                      00579 ;;      aopForRemat 392
                      00580 ;;      418: rname _OPTION_REGbits, val 0, const = 0
                      00581 ;; ***  genNearPointerSet  6521
                      00582 ;;      833: aopGet AOP_PCODE type PO_IMMEDIATE
                      00583 ;;      _OPTION_REGbits
                      00584 ;;      line = 6523 result AOP_PCODE=_OPTION_REGbits, size=2, left -=-, size=0, right AOP_LIT=0x01, size
                            =1
                      00585 ;;; /home/sdcc-builder/build/sdcc-build/orig/sdcc/src/pic14/gen.c:6249:genPackBits *{*
                      00586 ;; ***  genPackBits  6250
                      00587 ;;      833: aopGet AOP_PCODE type PO_IMMEDIATE
                      00588 ;;      _OPTION_REGbits
                      00589 ;; >>> /home/sdcc-builder/build/sdcc-build/orig/sdcc/src/pic14/gen.c:6275:genPackBits
                      00590         .line   42; "Timer0.c"  SET_TMR0_EDGE(1) ;
0004   ???? ????      00591         BANKSEL _OPTION_REGbits
0006   16??           00592         BSF     _OPTION_REGbits,4
                      00593 ;;; /home/sdcc-builder/build/sdcc-build/orig/sdcc/src/pic14/gen.c:2316:resultRemat *{*
                      00594 ;;; /home/sdcc-builder/build/sdcc-build/orig/sdcc/src/pic14/gen.c:2316:resultRemat *{*
                      00595 ;;; /home/sdcc-builder/build/sdcc-build/orig/sdcc/src/pic14/gen.c:6686:genPointerSet *{*
                      00596 ;; ***  genPointerSet  6687
                      00597 ;;; /home/sdcc-builder/build/sdcc-build/orig/sdcc/src/pic14/gen.c:6505:genNearPointerSet *{*
                      00598 ;; ***  genNearPointerSet  6506
                      00599 ;;      613
                      00600 ;;      aopForRemat 392
                      00601 ;;      418: rname _OPTION_REGbits, val 0, const = 0
                      00602 ;; ***  genNearPointerSet  6521
                      00603 ;;      833: aopGet AOP_PCODE type PO_IMMEDIATE
                      00604 ;;      _OPTION_REGbits
                      00605 ;;      line = 6523 result AOP_PCODE=_OPTION_REGbits, size=2, left -=-, size=0, right AOP_LIT=0x00, size
                            =1
                      00606 ;;; /home/sdcc-builder/build/sdcc-build/orig/sdcc/src/pic14/gen.c:6249:genPackBits *{*
                      00607 ;; ***  genPackBits  6250
                      00608 ;;      833: aopGet AOP_PCODE type PO_IMMEDIATE
                      00609 ;;      _OPTION_REGbits
                      00610 ;; >>> /home/sdcc-builder/build/sdcc-build/orig/sdcc/src/pic14/gen.c:6275:genPackBits
                      00611         .line   43; "Timer0.c"  SET_TMR0_CLKS(0) ;
0007   12??           00612         BCF     _OPTION_REGbits,5
                      00613 ;;; /home/sdcc-builder/build/sdcc-build/orig/sdcc/src/pic14/gen.c:2316:resultRemat *{*
                      00614 ;;; /home/sdcc-builder/build/sdcc-build/orig/sdcc/src/pic14/gen.c:6927:genAssign *{*
                      00615 ;; ***  genAssign  6928
                      00616 ;; ***  aopForSym 315
                      00617 ;;      327 sym->rname = _TMR0, size = 1
                      00618 ;;      line = 6937 result AOP_DIR=_TMR0, size=1, left -=-, size=0, right AOP_LIT=0xe0, size=1
                      00619 ;; ***  genAssign  7023
                      00620 ;; >>> /home/sdcc-builder/build/sdcc-build/orig/sdcc/src/pic14/gen.c:7030:genAssign
                      00621         .line   44; "Timer0.c"  SET_TMR0_TIME_MS(TICK_TIME)  ;
0008   30E0           00622         MOVLW   0xe0
                      00623 ;; >>> /home/sdcc-builder/build/sdcc-build/orig/sdcc/src/pic14/gen.c:7032:genAssign
gpasm-1.4.0 #1106 (Oct  6 2014) obj\Debug\Tim   5-13-2022  16:36:38         PAGE 13


LOC    OBJECT CODE    LINE  SOURCE TEXT
  VALUE

                      00624 ;;      1009
                      00625 ;;      1028  _TMR0   offset=0
0009   ???? ????      00626         BANKSEL _TMR0
000B   00??           00627         MOVWF   _TMR0
                      00628 ;;; /home/sdcc-builder/build/sdcc-build/orig/sdcc/src/pic14/gen.c:2316:resultRemat *{*
                      00629 ;;; /home/sdcc-builder/build/sdcc-build/orig/sdcc/src/pic14/gen.c:2760:genLabel *{*
                      00630 ;; ***  genLabel  2763
                      00631 ;;; /home/sdcc-builder/build/sdcc-build/orig/sdcc/src/pic14/gen.c:2316:resultRemat *{*
                      00632 ;;; /home/sdcc-builder/build/sdcc-build/orig/sdcc/src/pic14/gen.c:2528:genEndFunction *{*
                      00633 ;; ***  genEndFunction  2530
000C   0008           00634         RETURN  
                      00635 ; exit point of _TMR0_Start
                      00636 
                      00637 ;***
                      00638 ;  pBlock Stats: dbName = C
                      00639 ;***
                      00640 ;entry:  _TMR0_Init     ;Function start
                      00641 ; 2 exit points
                      00642 ;has an exit
                      00643 ;; Starting pCode block
                      00644 ;;; /home/sdcc-builder/build/sdcc-build/orig/sdcc/src/pic14/gen.c:2316:resultRemat *{*
                      00645 ;;; /home/sdcc-builder/build/sdcc-build/orig/sdcc/src/pic14/gen.c:2760:genLabel *{*
                      00646 ;; ***  genLabel  2763
                      00647 ;;; /home/sdcc-builder/build/sdcc-build/orig/sdcc/src/pic14/gen.c:2316:resultRemat *{*
                      00648 ;;; /home/sdcc-builder/build/sdcc-build/orig/sdcc/src/pic14/gen.c:2340:genFunction *{*
                      00649 ;; ***  genFunction  2342 curr label offset=0previous max_key=0 
000D                  00650 _TMR0_Init      ;Function start
                      00651 ; 2 exit points
                      00652 ;;; /home/sdcc-builder/build/sdcc-build/orig/sdcc/src/pic14/gen.c:2316:resultRemat *{*
                      00653 ;;; /home/sdcc-builder/build/sdcc-build/orig/sdcc/src/pic14/gen.c:2316:resultRemat *{*
                      00654 ;;; /home/sdcc-builder/build/sdcc-build/orig/sdcc/src/pic14/gen.c:6686:genPointerSet *{*
                      00655 ;; ***  genPointerSet  6687
                      00656 ;;; /home/sdcc-builder/build/sdcc-build/orig/sdcc/src/pic14/gen.c:6505:genNearPointerSet *{*
                      00657 ;; ***  genNearPointerSet  6506
                      00658 ;;      613
                      00659 ;;      aopForRemat 392
                      00660 ;;      418: rname _OPTION_REGbits, val 0, const = 0
                      00661 ;; ***  genNearPointerSet  6521
                      00662 ;;      833: aopGet AOP_PCODE type PO_IMMEDIATE
                      00663 ;;      _OPTION_REGbits
                      00664 ;;      line = 6523 result AOP_PCODE=_OPTION_REGbits, size=2, left -=-, size=0, right AOP_LIT=0x01, size
                            =1
                      00665 ;;; /home/sdcc-builder/build/sdcc-build/orig/sdcc/src/pic14/gen.c:6249:genPackBits *{*
                      00666 ;; ***  genPackBits  6250
                      00667 ;;      833: aopGet AOP_PCODE type PO_IMMEDIATE
                      00668 ;;      _OPTION_REGbits
                      00669 ;; >>> /home/sdcc-builder/build/sdcc-build/orig/sdcc/src/pic14/gen.c:6275:genPackBits
                      00670         .line   21; "Timer0.c"  SET_TMR0_CLKS(1) ;
000D   ???? ????      00671         BANKSEL _OPTION_REGbits
000F   16??           00672         BSF     _OPTION_REGbits,5
                      00673 ;;; /home/sdcc-builder/build/sdcc-build/orig/sdcc/src/pic14/gen.c:2316:resultRemat *{*
                      00674 ;;; /home/sdcc-builder/build/sdcc-build/orig/sdcc/src/pic14/gen.c:2316:resultRemat *{*
                      00675 ;;; /home/sdcc-builder/build/sdcc-build/orig/sdcc/src/pic14/gen.c:6686:genPointerSet *{*
gpasm-1.4.0 #1106 (Oct  6 2014) obj\Debug\Tim   5-13-2022  16:36:38         PAGE 14


LOC    OBJECT CODE    LINE  SOURCE TEXT
  VALUE

                      00676 ;; ***  genPointerSet  6687
                      00677 ;;; /home/sdcc-builder/build/sdcc-build/orig/sdcc/src/pic14/gen.c:6505:genNearPointerSet *{*
                      00678 ;; ***  genNearPointerSet  6506
                      00679 ;;      613
                      00680 ;;      aopForRemat 392
                      00681 ;;      418: rname _OPTION_REGbits, val 0, const = 0
                      00682 ;; ***  genNearPointerSet  6521
                      00683 ;;      833: aopGet AOP_PCODE type PO_IMMEDIATE
                      00684 ;;      _OPTION_REGbits
                      00685 ;;      line = 6523 result AOP_PCODE=_OPTION_REGbits, size=2, left -=-, size=0, right AOP_LIT=0x00, size
                            =1
                      00686 ;;; /home/sdcc-builder/build/sdcc-build/orig/sdcc/src/pic14/gen.c:6249:genPackBits *{*
                      00687 ;; ***  genPackBits  6250
                      00688 ;;      833: aopGet AOP_PCODE type PO_IMMEDIATE
                      00689 ;;      _OPTION_REGbits
                      00690 ;; >>> /home/sdcc-builder/build/sdcc-build/orig/sdcc/src/pic14/gen.c:6275:genPackBits
                      00691         .line   22; "Timer0.c"  SET_TMR0_PRESCALER(7)
0010   11??           00692         BCF     _OPTION_REGbits,3
                      00693 ;;; /home/sdcc-builder/build/sdcc-build/orig/sdcc/src/pic14/gen.c:2316:resultRemat *{*
                      00694 ;;; /home/sdcc-builder/build/sdcc-build/orig/sdcc/src/pic14/gen.c:2316:resultRemat *{*
                      00695 ;;; /home/sdcc-builder/build/sdcc-build/orig/sdcc/src/pic14/gen.c:6686:genPointerSet *{*
                      00696 ;; ***  genPointerSet  6687
                      00697 ;;; /home/sdcc-builder/build/sdcc-build/orig/sdcc/src/pic14/gen.c:6505:genNearPointerSet *{*
                      00698 ;; ***  genNearPointerSet  6506
                      00699 ;;      613
                      00700 ;;      aopForRemat 392
                      00701 ;;      418: rname _OPTION_REGbits, val 0, const = 0
                      00702 ;; ***  genNearPointerSet  6521
                      00703 ;;      833: aopGet AOP_PCODE type PO_IMMEDIATE
                      00704 ;;      _OPTION_REGbits
                      00705 ;;      line = 6523 result AOP_PCODE=_OPTION_REGbits, size=2, left -=-, size=0, right AOP_LIT=0x01, size
                            =1
                      00706 ;;; /home/sdcc-builder/build/sdcc-build/orig/sdcc/src/pic14/gen.c:6249:genPackBits *{*
                      00707 ;; ***  genPackBits  6250
                      00708 ;;      833: aopGet AOP_PCODE type PO_IMMEDIATE
                      00709 ;;      _OPTION_REGbits
                      00710 ;; >>> /home/sdcc-builder/build/sdcc-build/orig/sdcc/src/pic14/gen.c:6275:genPackBits
0011   14??           00711         BSF     _OPTION_REGbits,0
                      00712 ;;; /home/sdcc-builder/build/sdcc-build/orig/sdcc/src/pic14/gen.c:2316:resultRemat *{*
                      00713 ;;; /home/sdcc-builder/build/sdcc-build/orig/sdcc/src/pic14/gen.c:2316:resultRemat *{*
                      00714 ;;; /home/sdcc-builder/build/sdcc-build/orig/sdcc/src/pic14/gen.c:6686:genPointerSet *{*
                      00715 ;; ***  genPointerSet  6687
                      00716 ;;; /home/sdcc-builder/build/sdcc-build/orig/sdcc/src/pic14/gen.c:6505:genNearPointerSet *{*
                      00717 ;; ***  genNearPointerSet  6506
                      00718 ;;      613
                      00719 ;;      aopForRemat 392
                      00720 ;;      418: rname _OPTION_REGbits, val 0, const = 0
                      00721 ;; ***  genNearPointerSet  6521
                      00722 ;;      833: aopGet AOP_PCODE type PO_IMMEDIATE
                      00723 ;;      _OPTION_REGbits
                      00724 ;;      line = 6523 result AOP_PCODE=_OPTION_REGbits, size=2, left -=-, size=0, right AOP_LIT=0x01, size
                            =1
                      00725 ;;; /home/sdcc-builder/build/sdcc-build/orig/sdcc/src/pic14/gen.c:6249:genPackBits *{*
gpasm-1.4.0 #1106 (Oct  6 2014) obj\Debug\Tim   5-13-2022  16:36:38         PAGE 15


LOC    OBJECT CODE    LINE  SOURCE TEXT
  VALUE

                      00726 ;; ***  genPackBits  6250
                      00727 ;;      833: aopGet AOP_PCODE type PO_IMMEDIATE
                      00728 ;;      _OPTION_REGbits
                      00729 ;; >>> /home/sdcc-builder/build/sdcc-build/orig/sdcc/src/pic14/gen.c:6275:genPackBits
0012   14??           00730         BSF     _OPTION_REGbits,1
                      00731 ;;; /home/sdcc-builder/build/sdcc-build/orig/sdcc/src/pic14/gen.c:2316:resultRemat *{*
                      00732 ;;; /home/sdcc-builder/build/sdcc-build/orig/sdcc/src/pic14/gen.c:2316:resultRemat *{*
                      00733 ;;; /home/sdcc-builder/build/sdcc-build/orig/sdcc/src/pic14/gen.c:6686:genPointerSet *{*
                      00734 ;; ***  genPointerSet  6687
                      00735 ;;; /home/sdcc-builder/build/sdcc-build/orig/sdcc/src/pic14/gen.c:6505:genNearPointerSet *{*
                      00736 ;; ***  genNearPointerSet  6506
                      00737 ;;      613
                      00738 ;;      aopForRemat 392
                      00739 ;;      418: rname _OPTION_REGbits, val 0, const = 0
                      00740 ;; ***  genNearPointerSet  6521
                      00741 ;;      833: aopGet AOP_PCODE type PO_IMMEDIATE
                      00742 ;;      _OPTION_REGbits
                      00743 ;;      line = 6523 result AOP_PCODE=_OPTION_REGbits, size=2, left -=-, size=0, right AOP_LIT=0x01, size
                            =1
                      00744 ;;; /home/sdcc-builder/build/sdcc-build/orig/sdcc/src/pic14/gen.c:6249:genPackBits *{*
                      00745 ;; ***  genPackBits  6250
                      00746 ;;      833: aopGet AOP_PCODE type PO_IMMEDIATE
                      00747 ;;      _OPTION_REGbits
                      00748 ;; >>> /home/sdcc-builder/build/sdcc-build/orig/sdcc/src/pic14/gen.c:6275:genPackBits
0013   15??           00749         BSF     _OPTION_REGbits,2
                      00750 ;;; /home/sdcc-builder/build/sdcc-build/orig/sdcc/src/pic14/gen.c:2316:resultRemat *{*
                      00751 ;;; /home/sdcc-builder/build/sdcc-build/orig/sdcc/src/pic14/gen.c:2760:genLabel *{*
                      00752 ;; ***  genLabel  2763
                      00753 ;;; /home/sdcc-builder/build/sdcc-build/orig/sdcc/src/pic14/gen.c:2316:resultRemat *{*
                      00754 ;;; /home/sdcc-builder/build/sdcc-build/orig/sdcc/src/pic14/gen.c:2528:genEndFunction *{*
                      00755 ;; ***  genEndFunction  2530
0014   0008           00756         RETURN  
                      00757 ; exit point of _TMR0_Init
                      00758 ;;; /home/sdcc-builder/build/sdcc-build/orig/sdcc/src/pic14/gen.c:7426:genpic14Code *{*
                      00759 
                      00760 
                      00761 ;       code size estimation:
                      00762 ;          70+   25 =    95 instructions (  240 byte)
                      00763 
                      00764         end
gpasm-1.4.0 #1106 (Oct  6 2014) obj\Debug\Tim   5-13-2022  16:36:38         PAGE 16


SYMBOL TABLE
  LABEL                             VALUE

ACKDT                             00000005
ACKEN                             00000004
ACKSTAT                           00000006
ADCON0                            0000001F
ADCON1                            0000009F
ADCS0                             00000006
ADCS1                             00000007
ADCS2                             00000006
ADDEN                             00000003
ADFM                              00000007
ADIE                              00000006
ADIF                              00000006
ADON                              00000000
ADRESH                            0000001E
ADRESL                            0000009E
BCLIE                             00000003
BCLIF                             00000003
BF                                00000000
BRGH                              00000002
C                                 00000000
C1INV                             00000004
C1OUT                             00000006
C2INV                             00000005
C2OUT                             00000007
CCP1CON                           00000017
CCP1IE                            00000002
CCP1IF                            00000002
CCP1M0                            00000000
CCP1M1                            00000001
CCP1M2                            00000002
CCP1M3                            00000003
CCP1X                             00000005
CCP1Y                             00000004
CCP2CON                           0000001D
CCP2IE                            00000000
CCP2IF                            00000000
CCP2M0                            00000000
CCP2M1                            00000001
CCP2M2                            00000002
CCP2M3                            00000003
CCP2X                             00000005
CCP2Y                             00000004
CCPR1                             00000015
CCPR1H                            00000016
CCPR1L                            00000015
CCPR2                             0000001B
CCPR2H                            0000001C
CCPR2L                            0000001B
CHS0                              00000003
CHS1                              00000004
CHS2                              00000005
CIS                               00000003
CKE                               00000006
gpasm-1.4.0 #1106 (Oct  6 2014) obj\Debug\Tim   5-13-2022  16:36:38         PAGE 17


SYMBOL TABLE
  LABEL                             VALUE 

CKP                               00000004
CM0                               00000000
CM1                               00000001
CM2                               00000002
CMCON                             0000009C
CMIE                              00000006
CMIF                              00000006
CREN                              00000004
CSRC                              00000007
CVR0                              00000000
CVR1                              00000001
CVR2                              00000002
CVR3                              00000003
CVRCON                            0000009D
CVREN                             00000007
CVROE                             00000006
CVRR                              00000005
D                                 00000005
DATA_ADDRESS                      00000005
DC                                00000001
D_A                               00000005
D_NOT_A                           00000005
EEADR                             0000010D
EEADRH                            0000010F
EECON1                            0000018C
EECON2                            0000018D
EEDATA                            0000010C
EEDATH                            0000010E
EEIE                              00000004
EEIF                              00000004
EEPGD                             00000007
END_OF_INTERRUPT                  00000066
F                                 00000001
FERR                              00000002
FSR                               00000004
GCEN                              00000007
GIE                               00000007
GO                                00000002
GO_DONE                           00000002
GO_NOT_DONE                       00000002
I2C_DATA                          00000005
I2C_READ                          00000002
I2C_START                         00000003
I2C_STOP                          00000004
IBF                               00000007
IBOV                              00000005
INDF                              00000000
INTCON                            0000000B
INTE                              00000004
INTEDG                            00000006
INTF                              00000001
IRP                               00000007
NOT_A                             00000005
gpasm-1.4.0 #1106 (Oct  6 2014) obj\Debug\Tim   5-13-2022  16:36:38         PAGE 18


SYMBOL TABLE
  LABEL                             VALUE 

NOT_ADDRESS                       00000005
NOT_BO                            00000000
NOT_BOR                           00000000
NOT_DONE                          00000002
NOT_PD                            00000003
NOT_POR                           00000001
NOT_RBPU                          00000007
NOT_RC8                           00000006
NOT_T1SYNC                        00000002
NOT_TO                            00000004
NOT_TX8                           00000006
NOT_W                             00000002
NOT_WRITE                         00000002
OBF                               00000006
OERR                              00000001
OPTION_REG                        00000081
P                                 00000004
PCFG0                             00000000
PCFG1                             00000001
PCFG2                             00000002
PCFG3                             00000003
PCL                               00000002
PCLATH                            0000000A
PCON                              0000008E
PEIE                              00000006
PEN                               00000002
PIE1                              0000008C
PIE2                              0000008D
PIR1                              0000000C
PIR2                              0000000D
PORTA                             00000005
PORTB                             00000006
PORTC                             00000007
PORTD                             00000008
PORTE                             00000009
PR2                               00000092
PS0                               00000000
PS1                               00000001
PS2                               00000002
PSA                               00000003
PSAVE                             00000000
PSPIE                             00000007
PSPIF                             00000007
PSPMODE                           00000004
R                                 00000002
RA0                               00000000
RA1                               00000001
RA2                               00000002
RA3                               00000003
RA4                               00000004
RA5                               00000005
RB0                               00000000
RB1                               00000001
gpasm-1.4.0 #1106 (Oct  6 2014) obj\Debug\Tim   5-13-2022  16:36:38         PAGE 19


SYMBOL TABLE
  LABEL                             VALUE 

RB2                               00000002
RB3                               00000003
RB4                               00000004
RB5                               00000005
RB6                               00000006
RB7                               00000007
RBIE                              00000003
RBIF                              00000000
RC0                               00000000
RC1                               00000001
RC2                               00000002
RC3                               00000003
RC4                               00000004
RC5                               00000005
RC6                               00000006
RC7                               00000007
RC8_9                             00000006
RC9                               00000006
RCD8                              00000000
RCEN                              00000003
RCIE                              00000005
RCIF                              00000005
RCREG                             0000001A
RCSTA                             00000018
RD                                00000000
RD0                               00000000
RD1                               00000001
RD2                               00000002
RD3                               00000003
RD4                               00000004
RD5                               00000005
RD6                               00000006
RD7                               00000007
RE0                               00000000
RE1                               00000001
RE2                               00000002
READ_WRITE                        00000002
RP0                               00000005
RP1                               00000006
RSEN                              00000001
RX9                               00000006
RX9D                              00000000
R_NOT_W                           00000002
R_W                               00000002
S                                 00000003
SEN                               00000000
SMP                               00000007
SPBRG                             00000099
SPEN                              00000007
SREN                              00000005
SSAVE                             00000000
SSPADD                            00000093
SSPBUF                            00000013
gpasm-1.4.0 #1106 (Oct  6 2014) obj\Debug\Tim   5-13-2022  16:36:38         PAGE 20


SYMBOL TABLE
  LABEL                             VALUE 

SSPCON                            00000014
SSPCON2                           00000091
SSPEN                             00000005
SSPIE                             00000003
SSPIF                             00000003
SSPM0                             00000000
SSPM1                             00000001
SSPM2                             00000002
SSPM3                             00000003
SSPOV                             00000006
SSPSTAT                           00000094
STATUS                            00000003
STK00                             00000000
STK01                             00000000
STK02                             00000000
STK03                             00000000
STK04                             00000000
STK05                             00000000
STK06                             00000000
STK07                             00000000
STK08                             00000000
STK09                             00000000
STK10                             00000000
STK11                             00000000
STK12                             00000000
SYNC                              00000004
T0CS                              00000005
T0IE                              00000005
T0IF                              00000002
T0SE                              00000004
T1CKPS0                           00000004
T1CKPS1                           00000005
T1CON                             00000010
T1INSYNC                          00000002
T1OSCEN                           00000003
T1SYNC                            00000002
T2CKPS0                           00000000
T2CKPS1                           00000001
T2CON                             00000012
TMR0                              00000001
TMR0IE                            00000005
TMR0IF                            00000002
TMR1                              0000000E
TMR1CS                            00000001
TMR1H                             0000000F
TMR1IE                            00000000
TMR1IF                            00000000
TMR1L                             0000000E
TMR1ON                            00000000
TMR2                              00000011
TMR2IE                            00000001
TMR2IF                            00000001
TMR2ON                            00000002
gpasm-1.4.0 #1106 (Oct  6 2014) obj\Debug\Tim   5-13-2022  16:36:38         PAGE 21


SYMBOL TABLE
  LABEL                             VALUE 

TOUTPS0                           00000003
TOUTPS1                           00000004
TOUTPS2                           00000005
TOUTPS3                           00000006
TRISA                             00000085
TRISA0                            00000000
TRISA1                            00000001
TRISA2                            00000002
TRISA3                            00000003
TRISA4                            00000004
TRISA5                            00000005
TRISB                             00000086
TRISB0                            00000000
TRISB1                            00000001
TRISB2                            00000002
TRISB3                            00000003
TRISB4                            00000004
TRISB5                            00000005
TRISB6                            00000006
TRISB7                            00000007
TRISC                             00000087
TRISC0                            00000000
TRISC1                            00000001
TRISC2                            00000002
TRISC3                            00000003
TRISC4                            00000004
TRISC5                            00000005
TRISC6                            00000006
TRISC7                            00000007
TRISD                             00000088
TRISD0                            00000000
TRISD1                            00000001
TRISD2                            00000002
TRISD3                            00000003
TRISD4                            00000004
TRISD5                            00000005
TRISD6                            00000006
TRISD7                            00000007
TRISE                             00000089
TRISE0                            00000000
TRISE1                            00000001
TRISE2                            00000002
TRMT                              00000001
TX8_9                             00000006
TX9                               00000006
TX9D                              00000000
TXD8                              00000000
TXEN                              00000005
TXIE                              00000004
TXIF                              00000004
TXREG                             00000019
TXSTA                             00000098
UA                                00000001
gpasm-1.4.0 #1106 (Oct  6 2014) obj\Debug\Tim   5-13-2022  16:36:38         PAGE 22


SYMBOL TABLE
  LABEL                             VALUE 

W                                 00000000
WCOL                              00000007
WR                                00000001
WREN                              00000002
WRERR                             00000003
WSAVE                             00000000
Z                                 00000002
_00110_DS_                        0000002F
_ADCON0                           00000000
_ADCON0bits                       00000000
_ADCON1                           00000000
_ADCON1bits                       00000000
_ADRESH                           00000000
_ADRESL                           00000000
_BODEN_OFF                        00003FBF
_BODEN_ON                         00003FFF
_BOREN_OFF                        00003FBF
_BOREN_ON                         00003FFF
_CCP1CON                          00000000
_CCP1CONbits                      00000000
_CCP2CON                          00000000
_CCP2CONbits                      00000000
_CCPR1                            00000000
_CCPR1H                           00000000
_CCPR1L                           00000000
_CCPR2                            00000000
_CCPR2H                           00000000
_CCPR2L                           00000000
_CMCON                            00000000
_CMCONbits                        00000000
_CONFIG                           00002007
_COUNTER_GetCount                 00000000
_COUNTER_Init                     00000000
_COUNTER_SetCount                 00000000
_COUNTER_Update                   00000000
_CPD_OFF                          00003FFF
_CPD_ON                           00003EFF
_CP_ALL                           00001FFF
_CP_OFF                           00003FFF
_CP_ON                            00001FFF
_CVRCON                           00000000
_CVRCONbits                       00000000
_DEBUG_OFF                        00003FFF
_DEBUG_ON                         000037FF
_DEVID1                           00002006
_EEADR                            00000000
_EEADRH                           00000000
_EECON1                           00000000
_EECON1bits                       00000000
_EECON2                           00000000
_EEDATA                           00000000
_EEDATH                           00000000
_FOSC_EXTRC                       00003FFF
gpasm-1.4.0 #1106 (Oct  6 2014) obj\Debug\Tim   5-13-2022  16:36:38         PAGE 23


SYMBOL TABLE
  LABEL                             VALUE 

_FOSC_HS                          00003FFE
_FOSC_LP                          00003FFC
_FOSC_XT                          00003FFD
_FSR                              00000000
_HS_OSC                           00003FFE
_IDLOC0                           00002000
_IDLOC1                           00002001
_IDLOC2                           00002002
_IDLOC3                           00002003
_INDF                             00000000
_INTCON                           00000000
_INTCONbits                       00000000
_LP_OSC                           00003FFC
_LVP_OFF                          00003F7F
_LVP_ON                           00003FFF
_OPTION_REG                       00000000
_OPTION_REGbits                   00000000
_PB_GetState                      00000000
_PB_Init                          00000000
_PB_Update                        00000000
_PCL                              00000000
_PCLATH                           00000000
_PCON                             00000000
_PCONbits                         00000000
_PIE1                             00000000
_PIE1bits                         00000000
_PIE2                             00000000
_PIE2bits                         00000000
_PIR1                             00000000
_PIR1bits                         00000000
_PIR2                             00000000
_PIR2bits                         00000000
_PORTA                            00000000
_PORTAbits                        00000000
_PORTB                            00000000
_PORTBbits                        00000000
_PORTC                            00000000
_PORTCbits                        00000000
_PORTD                            00000000
_PORTDbits                        00000000
_PORTE                            00000000
_PORTEbits                        00000000
_PR2                              00000000
_PWRTE_OFF                        00003FFF
_PWRTE_ON                         00003FF7
_RCREG                            00000000
_RCSTA                            00000000
_RCSTAbits                        00000000
_RC_OSC                           00003FFF
_SPBRG                            00000000
_SSD_Init                         00000000
_SSD_SetState                     00000000
_SSD_SetSymbol                    00000000
gpasm-1.4.0 #1106 (Oct  6 2014) obj\Debug\Tim   5-13-2022  16:36:38         PAGE 24


SYMBOL TABLE
  LABEL                             VALUE 

_SSD_Update                       00000000
_SSPADD                           00000000
_SSPBUF                           00000000
_SSPCON                           00000000
_SSPCON2                          00000000
_SSPCON2bits                      00000000
_SSPCONbits                       00000000
_SSPSTAT                          00000000
_SSPSTATbits                      00000000
_STATUS                           00000000
_STATUSbits                       00000000
_T1CON                            00000000
_T1CONbits                        00000000
_T2CON                            00000000
_T2CONbits                        00000000
_TMR0                             00000000
_TMR0_Init                        0000000D
_TMR0_Start                       00000000
_TMR0_Update                      00000004
_TMR0_Update_sched_1_18           00000002
_TMR1                             00000000
_TMR1H                            00000000
_TMR1L                            00000000
_TMR2                             00000000
_TRISA                            00000000
_TRISAbits                        00000000
_TRISB                            00000000
_TRISBbits                        00000000
_TRISC                            00000000
_TRISCbits                        00000000
_TRISD                            00000000
_TRISDbits                        00000000
_TRISE                            00000000
_TRISEbits                        00000000
_TXREG                            00000000
_TXSTA                            00000000
_TXSTAbits                        00000000
_WDTE_OFF                         00003FFB
_WDTE_ON                          00003FFF
_WDT_OFF                          00003FFB
_WDT_ON                           00003FFF
_WRT_1FOURTH                      00003BFF
_WRT_256                          00003DFF
_WRT_HALF                         000039FF
_WRT_OFF                          00003FFF
_XT_OSC                           00003FFD
__16F877A                         00000001
__CODE_END                        00001FFF
__CODE_START                      00000000
__COMMON_RAM_END                  0000007F
__COMMON_RAM_START                00000070
__EEPROM_END                      000021FF
__EEPROM_START                    00002100
gpasm-1.4.0 #1106 (Oct  6 2014) obj\Debug\Tim   5-13-2022  16:36:38         PAGE 25


SYMBOL TABLE
  LABEL                             VALUE 

__VECTOR_INT                      00000004
__VECTOR_RESET                    00000000
___sdcc_saved_fsr                 00000000
__modsint                         00000000
__sdcc_interrupt                  00000004
_c_interrupt_001B                 0000001B
_c_interrupt_0028                 00000028
_c_interrupt_002D                 0000002D
_c_interrupt_0032                 00000032
_c_interrupt_004D                 0000004D
r0x1003                           00000001
r0x1004                           00000000

Errors   :     0
Warnings :     0 reported,     0 suppressed
Messages :     0 reported,     0 suppressed

