gpasm-1.4.0 #1106 (Oct  6 2014) obj\Debug\Seb   5-12-2022  04:44:42         PAGE  1


LOC    OBJECT CODE    LINE  SOURCE TEXT
  VALUE

                      00001 ;--------------------------------------------------------
                      00002 ; File Created by SDCC : free open source ANSI-C Compiler
                      00003 ; Version 3.5.0 #9253 (Jun 20 2015) (MINGW32)
                      00004 ; This file was generated Thu May 12 04:44:42 2022
                      00005 ;--------------------------------------------------------
                      00006 ; PIC port for the 14-bit core
                      00007 ;--------------------------------------------------------
                      00008         .file   "Sebha.c"
                      00009         list    p=16f877a
                      00010         radix dec
                      00011         include "p16f877a.inc"
                      00001         LIST
                      00002 
                      00003 ;==========================================================================
                      00004 ; Build date : Aug 07 2014
                      00005 ;  MPASM PIC16F877A processor include
                      00006 ; 
                      00007 ;  (c) Copyright 1999-2014 Microchip Technology, All rights reserved
                      00008 ;==========================================================================
                      00009 
                      00567         LIST
                      00012 ;--------------------------------------------------------
                      00013 ; config word(s)
                      00014 ;--------------------------------------------------------
2007   0000           00015         __config 0x3f32
                      00016 ;--------------------------------------------------------
                      00017 ; external declarations
                      00018 ;--------------------------------------------------------
  0000                00019         extern  _PB_Init
  0000                00020         extern  _PB_Update
  0000                00021         extern  _PB_GetState
  0000                00022         extern  _COUNTER_Init
  0000                00023         extern  _COUNTER_Update
  0000                00024         extern  _COUNTER_SetCount
  0000                00025         extern  _COUNTER_GetCount
  0000                00026         extern  _SSD_Init
  0000                00027         extern  _SSD_Update
  0000                00028         extern  _SSD_SetState
  0000                00029         extern  _SSD_SetSymbol
  0000                00030         extern  _STATUSbits
  0000                00031         extern  _PORTAbits
  0000                00032         extern  _PORTBbits
  0000                00033         extern  _PORTCbits
  0000                00034         extern  _PORTDbits
  0000                00035         extern  _PORTEbits
  0000                00036         extern  _INTCONbits
  0000                00037         extern  _PIR1bits
  0000                00038         extern  _PIR2bits
  0000                00039         extern  _T1CONbits
  0000                00040         extern  _T2CONbits
  0000                00041         extern  _SSPCONbits
  0000                00042         extern  _CCP1CONbits
  0000                00043         extern  _RCSTAbits
gpasm-1.4.0 #1106 (Oct  6 2014) obj\Debug\Seb   5-12-2022  04:44:42         PAGE  2


LOC    OBJECT CODE    LINE  SOURCE TEXT
  VALUE

  0000                00044         extern  _CCP2CONbits
  0000                00045         extern  _ADCON0bits
  0000                00046         extern  _OPTION_REGbits
  0000                00047         extern  _TRISAbits
  0000                00048         extern  _TRISBbits
  0000                00049         extern  _TRISCbits
  0000                00050         extern  _TRISDbits
  0000                00051         extern  _TRISEbits
  0000                00052         extern  _PIE1bits
  0000                00053         extern  _PIE2bits
  0000                00054         extern  _PCONbits
  0000                00055         extern  _SSPCON2bits
  0000                00056         extern  _SSPSTATbits
  0000                00057         extern  _TXSTAbits
  0000                00058         extern  _CMCONbits
  0000                00059         extern  _CVRCONbits
  0000                00060         extern  _ADCON1bits
  0000                00061         extern  _EECON1bits
  0000                00062         extern  _INDF
  0000                00063         extern  _TMR0
  0000                00064         extern  _PCL
  0000                00065         extern  _STATUS
  0000                00066         extern  _FSR
  0000                00067         extern  _PORTA
  0000                00068         extern  _PORTB
  0000                00069         extern  _PORTC
  0000                00070         extern  _PORTD
  0000                00071         extern  _PORTE
  0000                00072         extern  _PCLATH
  0000                00073         extern  _INTCON
  0000                00074         extern  _PIR1
  0000                00075         extern  _PIR2
  0000                00076         extern  _TMR1
  0000                00077         extern  _TMR1L
  0000                00078         extern  _TMR1H
  0000                00079         extern  _T1CON
  0000                00080         extern  _TMR2
  0000                00081         extern  _T2CON
  0000                00082         extern  _SSPBUF
  0000                00083         extern  _SSPCON
  0000                00084         extern  _CCPR1
  0000                00085         extern  _CCPR1L
  0000                00086         extern  _CCPR1H
  0000                00087         extern  _CCP1CON
  0000                00088         extern  _RCSTA
  0000                00089         extern  _TXREG
  0000                00090         extern  _RCREG
  0000                00091         extern  _CCPR2
  0000                00092         extern  _CCPR2L
  0000                00093         extern  _CCPR2H
  0000                00094         extern  _CCP2CON
  0000                00095         extern  _ADRESH
  0000                00096         extern  _ADCON0
gpasm-1.4.0 #1106 (Oct  6 2014) obj\Debug\Seb   5-12-2022  04:44:42         PAGE  3


LOC    OBJECT CODE    LINE  SOURCE TEXT
  VALUE

  0000                00097         extern  _OPTION_REG
  0000                00098         extern  _TRISA
  0000                00099         extern  _TRISB
  0000                00100         extern  _TRISC
  0000                00101         extern  _TRISD
  0000                00102         extern  _TRISE
  0000                00103         extern  _PIE1
  0000                00104         extern  _PIE2
  0000                00105         extern  _PCON
  0000                00106         extern  _SSPCON2
  0000                00107         extern  _PR2
  0000                00108         extern  _SSPADD
  0000                00109         extern  _SSPSTAT
  0000                00110         extern  _TXSTA
  0000                00111         extern  _SPBRG
  0000                00112         extern  _CMCON
  0000                00113         extern  _CVRCON
  0000                00114         extern  _ADRESL
  0000                00115         extern  _ADCON1
  0000                00116         extern  _EEDATA
  0000                00117         extern  _EEADR
  0000                00118         extern  _EEDATH
  0000                00119         extern  _EEADRH
  0000                00120         extern  _EECON1
  0000                00121         extern  _EECON2
  0000                00122         extern  __sdcc_gsinit_startup
                      00123 ;--------------------------------------------------------
                      00124 ; global declarations
                      00125 ;--------------------------------------------------------
  0000                00126         global  _main
                      00127 
  0000                00128         global PSAVE
  0000                00129         global SSAVE
  0000                00130         global WSAVE
  0000                00131         global STK12
  0000                00132         global STK11
  0000                00133         global STK10
  0000                00134         global STK09
  0000                00135         global STK08
  0000                00136         global STK07
  0000                00137         global STK06
  0000                00138         global STK05
  0000                00139         global STK04
  0000                00140         global STK03
  0000                00141         global STK02
  0000                00142         global STK01
  0000                00143         global STK00
                      00144 
                      00145 sharebank udata_ovr 0x0070
0070                  00146 PSAVE   res 1
0071                  00147 SSAVE   res 1
0072                  00148 WSAVE   res 1
0073                  00149 STK12   res 1
gpasm-1.4.0 #1106 (Oct  6 2014) obj\Debug\Seb   5-12-2022  04:44:42         PAGE  4


LOC    OBJECT CODE    LINE  SOURCE TEXT
  VALUE

0074                  00150 STK11   res 1
0075                  00151 STK10   res 1
0076                  00152 STK09   res 1
0077                  00153 STK08   res 1
0078                  00154 STK07   res 1
0079                  00155 STK06   res 1
007A                  00156 STK05   res 1
007B                  00157 STK04   res 1
007C                  00158 STK03   res 1
007D                  00159 STK02   res 1
007E                  00160 STK01   res 1
007F                  00161 STK00   res 1
                      00162 
                      00163 ;--------------------------------------------------------
                      00164 ; global definitions
                      00165 ;--------------------------------------------------------
                      00166 ;--------------------------------------------------------
                      00167 ; absolute symbol definitions
                      00168 ;--------------------------------------------------------
                      00169 ;--------------------------------------------------------
                      00170 ; compiler-defined variables
                      00171 ;--------------------------------------------------------
                      00172 ;--------------------------------------------------------
                      00173 ; initialized data
                      00174 ;--------------------------------------------------------
                      00175 ;--------------------------------------------------------
                      00176 ; overlayable items in internal ram 
                      00177 ;--------------------------------------------------------
                      00178 ;       udata_ovr
                      00179 ;--------------------------------------------------------
                      00180 ; reset vector 
                      00181 ;--------------------------------------------------------
                      00182 STARTUP code 0x0000
0000   0000           00183         nop
0001   ???? ????      00184         pagesel __sdcc_gsinit_startup
0003   2???           00185         goto    __sdcc_gsinit_startup
                      00186 ;--------------------------------------------------------
                      00187 ; code
                      00188 ;--------------------------------------------------------
                      00189 code_Sebha      code
                      00190 ;***
                      00191 ;  pBlock Stats: dbName = M
                      00192 ;***
                      00193 ;entry:  _main  ;Function start
                      00194 ; 2 exit points
                      00195 ;has an exit
                      00196 ;functions called:
                      00197 ;   _PB_Init
                      00198 ;   _PB_Init
                      00199 ;   _COUNTER_Init
                      00200 ;   _SSD_Init
                      00201 ;   _SSD_Init
                      00202 ;   _SSD_Init
gpasm-1.4.0 #1106 (Oct  6 2014) obj\Debug\Seb   5-12-2022  04:44:42         PAGE  5


LOC    OBJECT CODE    LINE  SOURCE TEXT
  VALUE

                      00203 ;   _SSD_Init
                      00204 ;   _PB_Update
                      00205 ;   _COUNTER_Update
                      00206 ;   _SSD_Update
                      00207 ;   _PB_Init
                      00208 ;   _PB_Init
                      00209 ;   _COUNTER_Init
                      00210 ;   _SSD_Init
                      00211 ;   _SSD_Init
                      00212 ;   _SSD_Init
                      00213 ;   _SSD_Init
                      00214 ;   _PB_Update
                      00215 ;   _COUNTER_Update
                      00216 ;   _SSD_Update
                      00217 ;2 compiler assigned registers:
                      00218 ;   STK00
                      00219 ;   STK01
                      00220 ;; Starting pCode block
                      00221 ;;; /home/sdcc-builder/build/sdcc-build/orig/sdcc/src/pic14/gen.c:2316:resultRemat *{*
                      00222 ;;; /home/sdcc-builder/build/sdcc-build/orig/sdcc/src/pic14/gen.c:2760:genLabel *{*
                      00223 ;; ***  genLabel  2763
                      00224 ;;; /home/sdcc-builder/build/sdcc-build/orig/sdcc/src/pic14/gen.c:2316:resultRemat *{*
                      00225 ;;; /home/sdcc-builder/build/sdcc-build/orig/sdcc/src/pic14/gen.c:2340:genFunction *{*
                      00226 ;; ***  genFunction  2342 curr label offset=0previous max_key=0 
0000                  00227 _main   ;Function start
                      00228 ; 2 exit points
                      00229 ;;; /home/sdcc-builder/build/sdcc-build/orig/sdcc/src/pic14/gen.c:2316:resultRemat *{*
                      00230 ;;; /home/sdcc-builder/build/sdcc-build/orig/sdcc/src/pic14/gen.c:2316:resultRemat *{*
                      00231 ;;; /home/sdcc-builder/build/sdcc-build/orig/sdcc/src/pic14/gen.c:2316:resultRemat *{*
                      00232 ;;; /home/sdcc-builder/build/sdcc-build/orig/sdcc/src/pic14/gen.c:2086:genCall *{*
                      00233 ;; ***  genCall  2088
                      00234 ;;; /home/sdcc-builder/build/sdcc-build/orig/sdcc/src/pic14/gen.c:1801:saveRegisters *{*
                      00235 ;; ***  saveRegisters  1803
                      00236 ;;      2135 left AOP_LIT
                      00237 ;;; /home/sdcc-builder/build/sdcc-build/orig/sdcc/src/pic14/gen.c:1343:mov2w_op *{*
                      00238 ;; >>> /home/sdcc-builder/build/sdcc-build/orig/sdcc/src/pic14/gen.c:1361:mov2w_op
                      00239         .line   9; "Sebha.c"    PB_Init(PB_RESET,PB_RELEASED) ;
0000   3000           00240         MOVLW   0x00
                      00241 ;;      2135 left AOP_LIT
                      00242 ;; >>> /home/sdcc-builder/build/sdcc-build/orig/sdcc/src/pic14/gen.c:2143:genCall
                      00243 ;; ***  popRegFromIdx,1042  , rIdx=0x7f
0001   00??           00244         MOVWF   STK00
                      00245 ;;; /home/sdcc-builder/build/sdcc-build/orig/sdcc/src/pic14/gen.c:1343:mov2w_op *{*
                      00246 ;; >>> /home/sdcc-builder/build/sdcc-build/orig/sdcc/src/pic14/gen.c:1361:mov2w_op
0002   3001           00247         MOVLW   0x01
                      00248 ;; >>> /home/sdcc-builder/build/sdcc-build/orig/sdcc/src/pic14/gen.c:2173:genCall
0003   ???? ????      00249         PAGESEL _PB_Init
                      00250 ;; >>> /home/sdcc-builder/build/sdcc-build/orig/sdcc/src/pic14/gen.c:2175:genCall
0005   2???           00251         CALL    _PB_Init
                      00252 ;; >>> /home/sdcc-builder/build/sdcc-build/orig/sdcc/src/pic14/gen.c:2181:genCall
0006   ???? ????      00253         PAGESEL $
                      00254 ;;; /home/sdcc-builder/build/sdcc-build/orig/sdcc/src/pic14/gen.c:1845:unsaveRegisters *{*
                      00255 ;; ***  unsaveRegisters  1847
gpasm-1.4.0 #1106 (Oct  6 2014) obj\Debug\Seb   5-12-2022  04:44:42         PAGE  6


LOC    OBJECT CODE    LINE  SOURCE TEXT
  VALUE

                      00256 ;;; /home/sdcc-builder/build/sdcc-build/orig/sdcc/src/pic14/gen.c:2316:resultRemat *{*
                      00257 ;;; /home/sdcc-builder/build/sdcc-build/orig/sdcc/src/pic14/gen.c:2316:resultRemat *{*
                      00258 ;;; /home/sdcc-builder/build/sdcc-build/orig/sdcc/src/pic14/gen.c:2316:resultRemat *{*
                      00259 ;;; /home/sdcc-builder/build/sdcc-build/orig/sdcc/src/pic14/gen.c:2086:genCall *{*
                      00260 ;; ***  genCall  2088
                      00261 ;;; /home/sdcc-builder/build/sdcc-build/orig/sdcc/src/pic14/gen.c:1801:saveRegisters *{*
                      00262 ;; ***  saveRegisters  1803
                      00263 ;;      2135 left AOP_LIT
                      00264 ;;; /home/sdcc-builder/build/sdcc-build/orig/sdcc/src/pic14/gen.c:1343:mov2w_op *{*
                      00265 ;; >>> /home/sdcc-builder/build/sdcc-build/orig/sdcc/src/pic14/gen.c:1361:mov2w_op
                      00266         .line   10; "Sebha.c"   PB_Init(PB_PLUS,PB_RELEASED) ;
0008   3000           00267         MOVLW   0x00
                      00268 ;;      2135 left AOP_LIT
                      00269 ;; >>> /home/sdcc-builder/build/sdcc-build/orig/sdcc/src/pic14/gen.c:2143:genCall
                      00270 ;; ***  popRegFromIdx,1042  , rIdx=0x7f
0009   00??           00271         MOVWF   STK00
                      00272 ;;; /home/sdcc-builder/build/sdcc-build/orig/sdcc/src/pic14/gen.c:1343:mov2w_op *{*
                      00273 ;; >>> /home/sdcc-builder/build/sdcc-build/orig/sdcc/src/pic14/gen.c:1361:mov2w_op
000A   3000           00274         MOVLW   0x00
                      00275 ;; >>> /home/sdcc-builder/build/sdcc-build/orig/sdcc/src/pic14/gen.c:2173:genCall
000B   ???? ????      00276         PAGESEL _PB_Init
                      00277 ;; >>> /home/sdcc-builder/build/sdcc-build/orig/sdcc/src/pic14/gen.c:2175:genCall
000D   2???           00278         CALL    _PB_Init
                      00279 ;; >>> /home/sdcc-builder/build/sdcc-build/orig/sdcc/src/pic14/gen.c:2181:genCall
000E   ???? ????      00280         PAGESEL $
                      00281 ;;; /home/sdcc-builder/build/sdcc-build/orig/sdcc/src/pic14/gen.c:1845:unsaveRegisters *{*
                      00282 ;; ***  unsaveRegisters  1847
                      00283 ;;; /home/sdcc-builder/build/sdcc-build/orig/sdcc/src/pic14/gen.c:2316:resultRemat *{*
                      00284 ;;; /home/sdcc-builder/build/sdcc-build/orig/sdcc/src/pic14/gen.c:2316:resultRemat *{*
                      00285 ;;; /home/sdcc-builder/build/sdcc-build/orig/sdcc/src/pic14/gen.c:2086:genCall *{*
                      00286 ;; ***  genCall  2088
                      00287 ;;; /home/sdcc-builder/build/sdcc-build/orig/sdcc/src/pic14/gen.c:1801:saveRegisters *{*
                      00288 ;; ***  saveRegisters  1803
                      00289 ;;      2135 left AOP_LIT
                      00290 ;;; /home/sdcc-builder/build/sdcc-build/orig/sdcc/src/pic14/gen.c:1343:mov2w_op *{*
                      00291 ;; >>> /home/sdcc-builder/build/sdcc-build/orig/sdcc/src/pic14/gen.c:1361:mov2w_op
                      00292         .line   11; "Sebha.c"   COUNTER_Init(0) ;
0010   3000           00293         MOVLW   0x00
                      00294 ;;      2135 left AOP_LIT
                      00295 ;; >>> /home/sdcc-builder/build/sdcc-build/orig/sdcc/src/pic14/gen.c:2143:genCall
                      00296 ;; ***  popRegFromIdx,1042  , rIdx=0x7f
0011   00??           00297         MOVWF   STK00
                      00298 ;;; /home/sdcc-builder/build/sdcc-build/orig/sdcc/src/pic14/gen.c:1343:mov2w_op *{*
                      00299 ;; >>> /home/sdcc-builder/build/sdcc-build/orig/sdcc/src/pic14/gen.c:1361:mov2w_op
0012   3000           00300         MOVLW   0x00
                      00301 ;; >>> /home/sdcc-builder/build/sdcc-build/orig/sdcc/src/pic14/gen.c:2173:genCall
0013   ???? ????      00302         PAGESEL _COUNTER_Init
                      00303 ;; >>> /home/sdcc-builder/build/sdcc-build/orig/sdcc/src/pic14/gen.c:2175:genCall
0015   2???           00304         CALL    _COUNTER_Init
                      00305 ;; >>> /home/sdcc-builder/build/sdcc-build/orig/sdcc/src/pic14/gen.c:2181:genCall
0016   ???? ????      00306         PAGESEL $
                      00307 ;;; /home/sdcc-builder/build/sdcc-build/orig/sdcc/src/pic14/gen.c:1845:unsaveRegisters *{*
                      00308 ;; ***  unsaveRegisters  1847
gpasm-1.4.0 #1106 (Oct  6 2014) obj\Debug\Seb   5-12-2022  04:44:42         PAGE  7


LOC    OBJECT CODE    LINE  SOURCE TEXT
  VALUE

                      00309 ;;; /home/sdcc-builder/build/sdcc-build/orig/sdcc/src/pic14/gen.c:2316:resultRemat *{*
                      00310 ;;; /home/sdcc-builder/build/sdcc-build/orig/sdcc/src/pic14/gen.c:2316:resultRemat *{*
                      00311 ;;; /home/sdcc-builder/build/sdcc-build/orig/sdcc/src/pic14/gen.c:2316:resultRemat *{*
                      00312 ;;; /home/sdcc-builder/build/sdcc-build/orig/sdcc/src/pic14/gen.c:2316:resultRemat *{*
                      00313 ;;; /home/sdcc-builder/build/sdcc-build/orig/sdcc/src/pic14/gen.c:2086:genCall *{*
                      00314 ;; ***  genCall  2088
                      00315 ;;; /home/sdcc-builder/build/sdcc-build/orig/sdcc/src/pic14/gen.c:1801:saveRegisters *{*
                      00316 ;; ***  saveRegisters  1803
                      00317 ;;      2135 left AOP_LIT
                      00318 ;;; /home/sdcc-builder/build/sdcc-build/orig/sdcc/src/pic14/gen.c:1343:mov2w_op *{*
                      00319 ;; >>> /home/sdcc-builder/build/sdcc-build/orig/sdcc/src/pic14/gen.c:1361:mov2w_op
                      00320         .line   12; "Sebha.c"   SSD_Init(SSD_L,SSD_ON,SSD_0) ;
0018   3000           00321         MOVLW   0x00
                      00322 ;;      2135 left AOP_LIT
                      00323 ;; >>> /home/sdcc-builder/build/sdcc-build/orig/sdcc/src/pic14/gen.c:2143:genCall
                      00324 ;; ***  popRegFromIdx,1042  , rIdx=0x7e
0019   00??           00325         MOVWF   STK01
                      00326 ;;; /home/sdcc-builder/build/sdcc-build/orig/sdcc/src/pic14/gen.c:1343:mov2w_op *{*
                      00327 ;; >>> /home/sdcc-builder/build/sdcc-build/orig/sdcc/src/pic14/gen.c:1361:mov2w_op
001A   3001           00328         MOVLW   0x01
                      00329 ;;      2135 left AOP_LIT
                      00330 ;; >>> /home/sdcc-builder/build/sdcc-build/orig/sdcc/src/pic14/gen.c:2143:genCall
                      00331 ;; ***  popRegFromIdx,1042  , rIdx=0x7f
001B   00??           00332         MOVWF   STK00
                      00333 ;;; /home/sdcc-builder/build/sdcc-build/orig/sdcc/src/pic14/gen.c:1343:mov2w_op *{*
                      00334 ;; >>> /home/sdcc-builder/build/sdcc-build/orig/sdcc/src/pic14/gen.c:1361:mov2w_op
001C   3000           00335         MOVLW   0x00
                      00336 ;; >>> /home/sdcc-builder/build/sdcc-build/orig/sdcc/src/pic14/gen.c:2173:genCall
001D   ???? ????      00337         PAGESEL _SSD_Init
                      00338 ;; >>> /home/sdcc-builder/build/sdcc-build/orig/sdcc/src/pic14/gen.c:2175:genCall
001F   2???           00339         CALL    _SSD_Init
                      00340 ;; >>> /home/sdcc-builder/build/sdcc-build/orig/sdcc/src/pic14/gen.c:2181:genCall
0020   ???? ????      00341         PAGESEL $
                      00342 ;;; /home/sdcc-builder/build/sdcc-build/orig/sdcc/src/pic14/gen.c:1845:unsaveRegisters *{*
                      00343 ;; ***  unsaveRegisters  1847
                      00344 ;;; /home/sdcc-builder/build/sdcc-build/orig/sdcc/src/pic14/gen.c:2316:resultRemat *{*
                      00345 ;;; /home/sdcc-builder/build/sdcc-build/orig/sdcc/src/pic14/gen.c:2316:resultRemat *{*
                      00346 ;;; /home/sdcc-builder/build/sdcc-build/orig/sdcc/src/pic14/gen.c:2316:resultRemat *{*
                      00347 ;;; /home/sdcc-builder/build/sdcc-build/orig/sdcc/src/pic14/gen.c:2316:resultRemat *{*
                      00348 ;;; /home/sdcc-builder/build/sdcc-build/orig/sdcc/src/pic14/gen.c:2086:genCall *{*
                      00349 ;; ***  genCall  2088
                      00350 ;;; /home/sdcc-builder/build/sdcc-build/orig/sdcc/src/pic14/gen.c:1801:saveRegisters *{*
                      00351 ;; ***  saveRegisters  1803
                      00352 ;;      2135 left AOP_LIT
                      00353 ;;; /home/sdcc-builder/build/sdcc-build/orig/sdcc/src/pic14/gen.c:1343:mov2w_op *{*
                      00354 ;; >>> /home/sdcc-builder/build/sdcc-build/orig/sdcc/src/pic14/gen.c:1361:mov2w_op
                      00355         .line   13; "Sebha.c"   SSD_Init(SSD_M,SSD_ON,SSD_0) ;
0022   3000           00356         MOVLW   0x00
                      00357 ;;      2135 left AOP_LIT
                      00358 ;; >>> /home/sdcc-builder/build/sdcc-build/orig/sdcc/src/pic14/gen.c:2143:genCall
                      00359 ;; ***  popRegFromIdx,1042  , rIdx=0x7e
0023   00??           00360         MOVWF   STK01
                      00361 ;;; /home/sdcc-builder/build/sdcc-build/orig/sdcc/src/pic14/gen.c:1343:mov2w_op *{*
gpasm-1.4.0 #1106 (Oct  6 2014) obj\Debug\Seb   5-12-2022  04:44:42         PAGE  8


LOC    OBJECT CODE    LINE  SOURCE TEXT
  VALUE

                      00362 ;; >>> /home/sdcc-builder/build/sdcc-build/orig/sdcc/src/pic14/gen.c:1361:mov2w_op
0024   3001           00363         MOVLW   0x01
                      00364 ;;      2135 left AOP_LIT
                      00365 ;; >>> /home/sdcc-builder/build/sdcc-build/orig/sdcc/src/pic14/gen.c:2143:genCall
                      00366 ;; ***  popRegFromIdx,1042  , rIdx=0x7f
0025   00??           00367         MOVWF   STK00
                      00368 ;;; /home/sdcc-builder/build/sdcc-build/orig/sdcc/src/pic14/gen.c:1343:mov2w_op *{*
                      00369 ;; >>> /home/sdcc-builder/build/sdcc-build/orig/sdcc/src/pic14/gen.c:1361:mov2w_op
0026   3001           00370         MOVLW   0x01
                      00371 ;; >>> /home/sdcc-builder/build/sdcc-build/orig/sdcc/src/pic14/gen.c:2173:genCall
0027   ???? ????      00372         PAGESEL _SSD_Init
                      00373 ;; >>> /home/sdcc-builder/build/sdcc-build/orig/sdcc/src/pic14/gen.c:2175:genCall
0029   2???           00374         CALL    _SSD_Init
                      00375 ;; >>> /home/sdcc-builder/build/sdcc-build/orig/sdcc/src/pic14/gen.c:2181:genCall
002A   ???? ????      00376         PAGESEL $
                      00377 ;;; /home/sdcc-builder/build/sdcc-build/orig/sdcc/src/pic14/gen.c:1845:unsaveRegisters *{*
                      00378 ;; ***  unsaveRegisters  1847
                      00379 ;;; /home/sdcc-builder/build/sdcc-build/orig/sdcc/src/pic14/gen.c:2316:resultRemat *{*
                      00380 ;;; /home/sdcc-builder/build/sdcc-build/orig/sdcc/src/pic14/gen.c:2316:resultRemat *{*
                      00381 ;;; /home/sdcc-builder/build/sdcc-build/orig/sdcc/src/pic14/gen.c:2316:resultRemat *{*
                      00382 ;;; /home/sdcc-builder/build/sdcc-build/orig/sdcc/src/pic14/gen.c:2316:resultRemat *{*
                      00383 ;;; /home/sdcc-builder/build/sdcc-build/orig/sdcc/src/pic14/gen.c:2086:genCall *{*
                      00384 ;; ***  genCall  2088
                      00385 ;;; /home/sdcc-builder/build/sdcc-build/orig/sdcc/src/pic14/gen.c:1801:saveRegisters *{*
                      00386 ;; ***  saveRegisters  1803
                      00387 ;;      2135 left AOP_LIT
                      00388 ;;; /home/sdcc-builder/build/sdcc-build/orig/sdcc/src/pic14/gen.c:1343:mov2w_op *{*
                      00389 ;; >>> /home/sdcc-builder/build/sdcc-build/orig/sdcc/src/pic14/gen.c:1361:mov2w_op
                      00390         .line   14; "Sebha.c"   SSD_Init(SSD_N,SSD_ON,SSD_0) ;
002C   3000           00391         MOVLW   0x00
                      00392 ;;      2135 left AOP_LIT
                      00393 ;; >>> /home/sdcc-builder/build/sdcc-build/orig/sdcc/src/pic14/gen.c:2143:genCall
                      00394 ;; ***  popRegFromIdx,1042  , rIdx=0x7e
002D   00??           00395         MOVWF   STK01
                      00396 ;;; /home/sdcc-builder/build/sdcc-build/orig/sdcc/src/pic14/gen.c:1343:mov2w_op *{*
                      00397 ;; >>> /home/sdcc-builder/build/sdcc-build/orig/sdcc/src/pic14/gen.c:1361:mov2w_op
002E   3001           00398         MOVLW   0x01
                      00399 ;;      2135 left AOP_LIT
                      00400 ;; >>> /home/sdcc-builder/build/sdcc-build/orig/sdcc/src/pic14/gen.c:2143:genCall
                      00401 ;; ***  popRegFromIdx,1042  , rIdx=0x7f
002F   00??           00402         MOVWF   STK00
                      00403 ;;; /home/sdcc-builder/build/sdcc-build/orig/sdcc/src/pic14/gen.c:1343:mov2w_op *{*
                      00404 ;; >>> /home/sdcc-builder/build/sdcc-build/orig/sdcc/src/pic14/gen.c:1361:mov2w_op
0030   3002           00405         MOVLW   0x02
                      00406 ;; >>> /home/sdcc-builder/build/sdcc-build/orig/sdcc/src/pic14/gen.c:2173:genCall
0031   ???? ????      00407         PAGESEL _SSD_Init
                      00408 ;; >>> /home/sdcc-builder/build/sdcc-build/orig/sdcc/src/pic14/gen.c:2175:genCall
0033   2???           00409         CALL    _SSD_Init
                      00410 ;; >>> /home/sdcc-builder/build/sdcc-build/orig/sdcc/src/pic14/gen.c:2181:genCall
0034   ???? ????      00411         PAGESEL $
                      00412 ;;; /home/sdcc-builder/build/sdcc-build/orig/sdcc/src/pic14/gen.c:1845:unsaveRegisters *{*
                      00413 ;; ***  unsaveRegisters  1847
                      00414 ;;; /home/sdcc-builder/build/sdcc-build/orig/sdcc/src/pic14/gen.c:2316:resultRemat *{*
gpasm-1.4.0 #1106 (Oct  6 2014) obj\Debug\Seb   5-12-2022  04:44:42         PAGE  9


LOC    OBJECT CODE    LINE  SOURCE TEXT
  VALUE

                      00415 ;;; /home/sdcc-builder/build/sdcc-build/orig/sdcc/src/pic14/gen.c:2316:resultRemat *{*
                      00416 ;;; /home/sdcc-builder/build/sdcc-build/orig/sdcc/src/pic14/gen.c:2316:resultRemat *{*
                      00417 ;;; /home/sdcc-builder/build/sdcc-build/orig/sdcc/src/pic14/gen.c:2316:resultRemat *{*
                      00418 ;;; /home/sdcc-builder/build/sdcc-build/orig/sdcc/src/pic14/gen.c:2086:genCall *{*
                      00419 ;; ***  genCall  2088
                      00420 ;;; /home/sdcc-builder/build/sdcc-build/orig/sdcc/src/pic14/gen.c:1801:saveRegisters *{*
                      00421 ;; ***  saveRegisters  1803
                      00422 ;;      2135 left AOP_LIT
                      00423 ;;; /home/sdcc-builder/build/sdcc-build/orig/sdcc/src/pic14/gen.c:1343:mov2w_op *{*
                      00424 ;; >>> /home/sdcc-builder/build/sdcc-build/orig/sdcc/src/pic14/gen.c:1361:mov2w_op
                      00425         .line   15; "Sebha.c"   SSD_Init(SSD_R,SSD_ON,SSD_0) ;
0036   3000           00426         MOVLW   0x00
                      00427 ;;      2135 left AOP_LIT
                      00428 ;; >>> /home/sdcc-builder/build/sdcc-build/orig/sdcc/src/pic14/gen.c:2143:genCall
                      00429 ;; ***  popRegFromIdx,1042  , rIdx=0x7e
0037   00??           00430         MOVWF   STK01
                      00431 ;;; /home/sdcc-builder/build/sdcc-build/orig/sdcc/src/pic14/gen.c:1343:mov2w_op *{*
                      00432 ;; >>> /home/sdcc-builder/build/sdcc-build/orig/sdcc/src/pic14/gen.c:1361:mov2w_op
0038   3001           00433         MOVLW   0x01
                      00434 ;;      2135 left AOP_LIT
                      00435 ;; >>> /home/sdcc-builder/build/sdcc-build/orig/sdcc/src/pic14/gen.c:2143:genCall
                      00436 ;; ***  popRegFromIdx,1042  , rIdx=0x7f
0039   00??           00437         MOVWF   STK00
                      00438 ;;; /home/sdcc-builder/build/sdcc-build/orig/sdcc/src/pic14/gen.c:1343:mov2w_op *{*
                      00439 ;; >>> /home/sdcc-builder/build/sdcc-build/orig/sdcc/src/pic14/gen.c:1361:mov2w_op
003A   3003           00440         MOVLW   0x03
                      00441 ;; >>> /home/sdcc-builder/build/sdcc-build/orig/sdcc/src/pic14/gen.c:2173:genCall
003B   ???? ????      00442         PAGESEL _SSD_Init
                      00443 ;; >>> /home/sdcc-builder/build/sdcc-build/orig/sdcc/src/pic14/gen.c:2175:genCall
003D   2???           00444         CALL    _SSD_Init
                      00445 ;; >>> /home/sdcc-builder/build/sdcc-build/orig/sdcc/src/pic14/gen.c:2181:genCall
003E   ???? ????      00446         PAGESEL $
                      00447 ;;; /home/sdcc-builder/build/sdcc-build/orig/sdcc/src/pic14/gen.c:1845:unsaveRegisters *{*
                      00448 ;; ***  unsaveRegisters  1847
                      00449 ;;; /home/sdcc-builder/build/sdcc-build/orig/sdcc/src/pic14/gen.c:2316:resultRemat *{*
                      00450 ;;; /home/sdcc-builder/build/sdcc-build/orig/sdcc/src/pic14/gen.c:2760:genLabel *{*
                      00451 ;; ***  genLabel  2763
                      00452 ;;; /home/sdcc-builder/build/sdcc-build/orig/sdcc/src/pic14/gen.c:2316:resultRemat *{*
                      00453 ;;; /home/sdcc-builder/build/sdcc-build/orig/sdcc/src/pic14/gen.c:2086:genCall *{*
                      00454 ;; ***  genCall  2088
                      00455 ;;; /home/sdcc-builder/build/sdcc-build/orig/sdcc/src/pic14/gen.c:1801:saveRegisters *{*
                      00456 ;; ***  saveRegisters  1803
                      00457 ;; >>> /home/sdcc-builder/build/sdcc-build/orig/sdcc/src/pic14/gen.c:2173:genCall
0040                  00458 _00106_DS_
                      00459         .line   18; "Sebha.c"   PB_Update() ;
0040   ???? ????      00460         PAGESEL _PB_Update
                      00461 ;; >>> /home/sdcc-builder/build/sdcc-build/orig/sdcc/src/pic14/gen.c:2175:genCall
0042   2???           00462         CALL    _PB_Update
                      00463 ;; >>> /home/sdcc-builder/build/sdcc-build/orig/sdcc/src/pic14/gen.c:2181:genCall
0043   ???? ????      00464         PAGESEL $
                      00465 ;;; /home/sdcc-builder/build/sdcc-build/orig/sdcc/src/pic14/gen.c:1845:unsaveRegisters *{*
                      00466 ;; ***  unsaveRegisters  1847
                      00467 ;;; /home/sdcc-builder/build/sdcc-build/orig/sdcc/src/pic14/gen.c:2316:resultRemat *{*
gpasm-1.4.0 #1106 (Oct  6 2014) obj\Debug\Seb   5-12-2022  04:44:42         PAGE 10


LOC    OBJECT CODE    LINE  SOURCE TEXT
  VALUE

                      00468 ;;; /home/sdcc-builder/build/sdcc-build/orig/sdcc/src/pic14/gen.c:2086:genCall *{*
                      00469 ;; ***  genCall  2088
                      00470 ;;; /home/sdcc-builder/build/sdcc-build/orig/sdcc/src/pic14/gen.c:1801:saveRegisters *{*
                      00471 ;; ***  saveRegisters  1803
                      00472 ;; >>> /home/sdcc-builder/build/sdcc-build/orig/sdcc/src/pic14/gen.c:2173:genCall
                      00473         .line   19; "Sebha.c"   COUNTER_Update() ;
0045   ???? ????      00474         PAGESEL _COUNTER_Update
                      00475 ;; >>> /home/sdcc-builder/build/sdcc-build/orig/sdcc/src/pic14/gen.c:2175:genCall
0047   2???           00476         CALL    _COUNTER_Update
                      00477 ;; >>> /home/sdcc-builder/build/sdcc-build/orig/sdcc/src/pic14/gen.c:2181:genCall
0048   ???? ????      00478         PAGESEL $
                      00479 ;;; /home/sdcc-builder/build/sdcc-build/orig/sdcc/src/pic14/gen.c:1845:unsaveRegisters *{*
                      00480 ;; ***  unsaveRegisters  1847
                      00481 ;;; /home/sdcc-builder/build/sdcc-build/orig/sdcc/src/pic14/gen.c:2316:resultRemat *{*
                      00482 ;;; /home/sdcc-builder/build/sdcc-build/orig/sdcc/src/pic14/gen.c:2086:genCall *{*
                      00483 ;; ***  genCall  2088
                      00484 ;;; /home/sdcc-builder/build/sdcc-build/orig/sdcc/src/pic14/gen.c:1801:saveRegisters *{*
                      00485 ;; ***  saveRegisters  1803
                      00486 ;; >>> /home/sdcc-builder/build/sdcc-build/orig/sdcc/src/pic14/gen.c:2173:genCall
                      00487         .line   20; "Sebha.c"   SSD_Update() ;
004A   ???? ????      00488         PAGESEL _SSD_Update
                      00489 ;; >>> /home/sdcc-builder/build/sdcc-build/orig/sdcc/src/pic14/gen.c:2175:genCall
004C   2???           00490         CALL    _SSD_Update
                      00491 ;; >>> /home/sdcc-builder/build/sdcc-build/orig/sdcc/src/pic14/gen.c:2181:genCall
004D   ???? ????      00492         PAGESEL $
                      00493 ;;; /home/sdcc-builder/build/sdcc-build/orig/sdcc/src/pic14/gen.c:1845:unsaveRegisters *{*
                      00494 ;; ***  unsaveRegisters  1847
                      00495 ;;; /home/sdcc-builder/build/sdcc-build/orig/sdcc/src/pic14/gen.c:2316:resultRemat *{*
                      00496 ;;; /home/sdcc-builder/build/sdcc-build/orig/sdcc/src/pic14/gen.c:2778:genGoto *{*
                      00497 ;; >>> /home/sdcc-builder/build/sdcc-build/orig/sdcc/src/pic14/gen.c:2780:genGoto
                      00498 ;; ***  popGetLabel  key=2, label offset 4
004F   2???           00499         GOTO    _00106_DS_
                      00500 ;;; /home/sdcc-builder/build/sdcc-build/orig/sdcc/src/pic14/gen.c:2316:resultRemat *{*
                      00501 ;;; /home/sdcc-builder/build/sdcc-build/orig/sdcc/src/pic14/gen.c:2760:genLabel *{*
                      00502 ;; ***  genLabel  2763
                      00503 ;;; /home/sdcc-builder/build/sdcc-build/orig/sdcc/src/pic14/gen.c:2316:resultRemat *{*
                      00504 ;;; /home/sdcc-builder/build/sdcc-build/orig/sdcc/src/pic14/gen.c:2528:genEndFunction *{*
                      00505 ;; ***  genEndFunction  2530
0050   0008           00506         RETURN  
                      00507 ; exit point of _main
                      00508 
                      00509 
                      00510 ;       code size estimation:
                      00511 ;          41+   20 =    61 instructions (  162 byte)
                      00512 
                      00513         end
gpasm-1.4.0 #1106 (Oct  6 2014) obj\Debug\Seb   5-12-2022  04:44:42         PAGE 11


SYMBOL TABLE
  LABEL                             VALUE

ACKDT                             00000005
ACKEN                             00000004
ACKSTAT                           00000006
ADCON0                            0000001F
ADCON1                            0000009F
ADCS0                             00000006
ADCS1                             00000007
ADCS2                             00000006
ADDEN                             00000003
ADFM                              00000007
ADIE                              00000006
ADIF                              00000006
ADON                              00000000
ADRESH                            0000001E
ADRESL                            0000009E
BCLIE                             00000003
BCLIF                             00000003
BF                                00000000
BRGH                              00000002
C                                 00000000
C1INV                             00000004
C1OUT                             00000006
C2INV                             00000005
C2OUT                             00000007
CCP1CON                           00000017
CCP1IE                            00000002
CCP1IF                            00000002
CCP1M0                            00000000
CCP1M1                            00000001
CCP1M2                            00000002
CCP1M3                            00000003
CCP1X                             00000005
CCP1Y                             00000004
CCP2CON                           0000001D
CCP2IE                            00000000
CCP2IF                            00000000
CCP2M0                            00000000
CCP2M1                            00000001
CCP2M2                            00000002
CCP2M3                            00000003
CCP2X                             00000005
CCP2Y                             00000004
CCPR1                             00000015
CCPR1H                            00000016
CCPR1L                            00000015
CCPR2                             0000001B
CCPR2H                            0000001C
CCPR2L                            0000001B
CHS0                              00000003
CHS1                              00000004
CHS2                              00000005
CIS                               00000003
CKE                               00000006
gpasm-1.4.0 #1106 (Oct  6 2014) obj\Debug\Seb   5-12-2022  04:44:42         PAGE 12


SYMBOL TABLE
  LABEL                             VALUE 

CKP                               00000004
CM0                               00000000
CM1                               00000001
CM2                               00000002
CMCON                             0000009C
CMIE                              00000006
CMIF                              00000006
CREN                              00000004
CSRC                              00000007
CVR0                              00000000
CVR1                              00000001
CVR2                              00000002
CVR3                              00000003
CVRCON                            0000009D
CVREN                             00000007
CVROE                             00000006
CVRR                              00000005
D                                 00000005
DATA_ADDRESS                      00000005
DC                                00000001
D_A                               00000005
D_NOT_A                           00000005
EEADR                             0000010D
EEADRH                            0000010F
EECON1                            0000018C
EECON2                            0000018D
EEDATA                            0000010C
EEDATH                            0000010E
EEIE                              00000004
EEIF                              00000004
EEPGD                             00000007
F                                 00000001
FERR                              00000002
FSR                               00000004
GCEN                              00000007
GIE                               00000007
GO                                00000002
GO_DONE                           00000002
GO_NOT_DONE                       00000002
I2C_DATA                          00000005
I2C_READ                          00000002
I2C_START                         00000003
I2C_STOP                          00000004
IBF                               00000007
IBOV                              00000005
INDF                              00000000
INTCON                            0000000B
INTE                              00000004
INTEDG                            00000006
INTF                              00000001
IRP                               00000007
NOT_A                             00000005
NOT_ADDRESS                       00000005
gpasm-1.4.0 #1106 (Oct  6 2014) obj\Debug\Seb   5-12-2022  04:44:42         PAGE 13


SYMBOL TABLE
  LABEL                             VALUE 

NOT_BO                            00000000
NOT_BOR                           00000000
NOT_DONE                          00000002
NOT_PD                            00000003
NOT_POR                           00000001
NOT_RBPU                          00000007
NOT_RC8                           00000006
NOT_T1SYNC                        00000002
NOT_TO                            00000004
NOT_TX8                           00000006
NOT_W                             00000002
NOT_WRITE                         00000002
OBF                               00000006
OERR                              00000001
OPTION_REG                        00000081
P                                 00000004
PCFG0                             00000000
PCFG1                             00000001
PCFG2                             00000002
PCFG3                             00000003
PCL                               00000002
PCLATH                            0000000A
PCON                              0000008E
PEIE                              00000006
PEN                               00000002
PIE1                              0000008C
PIE2                              0000008D
PIR1                              0000000C
PIR2                              0000000D
PORTA                             00000005
PORTB                             00000006
PORTC                             00000007
PORTD                             00000008
PORTE                             00000009
PR2                               00000092
PS0                               00000000
PS1                               00000001
PS2                               00000002
PSA                               00000003
PSAVE                             00000070
PSPIE                             00000007
PSPIF                             00000007
PSPMODE                           00000004
R                                 00000002
RA0                               00000000
RA1                               00000001
RA2                               00000002
RA3                               00000003
RA4                               00000004
RA5                               00000005
RB0                               00000000
RB1                               00000001
RB2                               00000002
gpasm-1.4.0 #1106 (Oct  6 2014) obj\Debug\Seb   5-12-2022  04:44:42         PAGE 14


SYMBOL TABLE
  LABEL                             VALUE 

RB3                               00000003
RB4                               00000004
RB5                               00000005
RB6                               00000006
RB7                               00000007
RBIE                              00000003
RBIF                              00000000
RC0                               00000000
RC1                               00000001
RC2                               00000002
RC3                               00000003
RC4                               00000004
RC5                               00000005
RC6                               00000006
RC7                               00000007
RC8_9                             00000006
RC9                               00000006
RCD8                              00000000
RCEN                              00000003
RCIE                              00000005
RCIF                              00000005
RCREG                             0000001A
RCSTA                             00000018
RD                                00000000
RD0                               00000000
RD1                               00000001
RD2                               00000002
RD3                               00000003
RD4                               00000004
RD5                               00000005
RD6                               00000006
RD7                               00000007
RE0                               00000000
RE1                               00000001
RE2                               00000002
READ_WRITE                        00000002
RP0                               00000005
RP1                               00000006
RSEN                              00000001
RX9                               00000006
RX9D                              00000000
R_NOT_W                           00000002
R_W                               00000002
S                                 00000003
SEN                               00000000
SMP                               00000007
SPBRG                             00000099
SPEN                              00000007
SREN                              00000005
SSAVE                             00000071
SSPADD                            00000093
SSPBUF                            00000013
SSPCON                            00000014
gpasm-1.4.0 #1106 (Oct  6 2014) obj\Debug\Seb   5-12-2022  04:44:42         PAGE 15


SYMBOL TABLE
  LABEL                             VALUE 

SSPCON2                           00000091
SSPEN                             00000005
SSPIE                             00000003
SSPIF                             00000003
SSPM0                             00000000
SSPM1                             00000001
SSPM2                             00000002
SSPM3                             00000003
SSPOV                             00000006
SSPSTAT                           00000094
STATUS                            00000003
STK00                             0000007F
STK01                             0000007E
STK02                             0000007D
STK03                             0000007C
STK04                             0000007B
STK05                             0000007A
STK06                             00000079
STK07                             00000078
STK08                             00000077
STK09                             00000076
STK10                             00000075
STK11                             00000074
STK12                             00000073
SYNC                              00000004
T0CS                              00000005
T0IE                              00000005
T0IF                              00000002
T0SE                              00000004
T1CKPS0                           00000004
T1CKPS1                           00000005
T1CON                             00000010
T1INSYNC                          00000002
T1OSCEN                           00000003
T1SYNC                            00000002
T2CKPS0                           00000000
T2CKPS1                           00000001
T2CON                             00000012
TMR0                              00000001
TMR0IE                            00000005
TMR0IF                            00000002
TMR1                              0000000E
TMR1CS                            00000001
TMR1H                             0000000F
TMR1IE                            00000000
TMR1IF                            00000000
TMR1L                             0000000E
TMR1ON                            00000000
TMR2                              00000011
TMR2IE                            00000001
TMR2IF                            00000001
TMR2ON                            00000002
TOUTPS0                           00000003
gpasm-1.4.0 #1106 (Oct  6 2014) obj\Debug\Seb   5-12-2022  04:44:42         PAGE 16


SYMBOL TABLE
  LABEL                             VALUE 

TOUTPS1                           00000004
TOUTPS2                           00000005
TOUTPS3                           00000006
TRISA                             00000085
TRISA0                            00000000
TRISA1                            00000001
TRISA2                            00000002
TRISA3                            00000003
TRISA4                            00000004
TRISA5                            00000005
TRISB                             00000086
TRISB0                            00000000
TRISB1                            00000001
TRISB2                            00000002
TRISB3                            00000003
TRISB4                            00000004
TRISB5                            00000005
TRISB6                            00000006
TRISB7                            00000007
TRISC                             00000087
TRISC0                            00000000
TRISC1                            00000001
TRISC2                            00000002
TRISC3                            00000003
TRISC4                            00000004
TRISC5                            00000005
TRISC6                            00000006
TRISC7                            00000007
TRISD                             00000088
TRISD0                            00000000
TRISD1                            00000001
TRISD2                            00000002
TRISD3                            00000003
TRISD4                            00000004
TRISD5                            00000005
TRISD6                            00000006
TRISD7                            00000007
TRISE                             00000089
TRISE0                            00000000
TRISE1                            00000001
TRISE2                            00000002
TRMT                              00000001
TX8_9                             00000006
TX9                               00000006
TX9D                              00000000
TXD8                              00000000
TXEN                              00000005
TXIE                              00000004
TXIF                              00000004
TXREG                             00000019
TXSTA                             00000098
UA                                00000001
W                                 00000000
gpasm-1.4.0 #1106 (Oct  6 2014) obj\Debug\Seb   5-12-2022  04:44:42         PAGE 17


SYMBOL TABLE
  LABEL                             VALUE 

WCOL                              00000007
WR                                00000001
WREN                              00000002
WRERR                             00000003
WSAVE                             00000072
Z                                 00000002
_00106_DS_                        00000040
_ADCON0                           00000000
_ADCON0bits                       00000000
_ADCON1                           00000000
_ADCON1bits                       00000000
_ADRESH                           00000000
_ADRESL                           00000000
_BODEN_OFF                        00003FBF
_BODEN_ON                         00003FFF
_BOREN_OFF                        00003FBF
_BOREN_ON                         00003FFF
_CCP1CON                          00000000
_CCP1CONbits                      00000000
_CCP2CON                          00000000
_CCP2CONbits                      00000000
_CCPR1                            00000000
_CCPR1H                           00000000
_CCPR1L                           00000000
_CCPR2                            00000000
_CCPR2H                           00000000
_CCPR2L                           00000000
_CMCON                            00000000
_CMCONbits                        00000000
_CONFIG                           00002007
_COUNTER_GetCount                 00000000
_COUNTER_Init                     00000000
_COUNTER_SetCount                 00000000
_COUNTER_Update                   00000000
_CPD_OFF                          00003FFF
_CPD_ON                           00003EFF
_CP_ALL                           00001FFF
_CP_OFF                           00003FFF
_CP_ON                            00001FFF
_CVRCON                           00000000
_CVRCONbits                       00000000
_DEBUG_OFF                        00003FFF
_DEBUG_ON                         000037FF
_DEVID1                           00002006
_EEADR                            00000000
_EEADRH                           00000000
_EECON1                           00000000
_EECON1bits                       00000000
_EECON2                           00000000
_EEDATA                           00000000
_EEDATH                           00000000
_FOSC_EXTRC                       00003FFF
_FOSC_HS                          00003FFE
gpasm-1.4.0 #1106 (Oct  6 2014) obj\Debug\Seb   5-12-2022  04:44:42         PAGE 18


SYMBOL TABLE
  LABEL                             VALUE 

_FOSC_LP                          00003FFC
_FOSC_XT                          00003FFD
_FSR                              00000000
_HS_OSC                           00003FFE
_IDLOC0                           00002000
_IDLOC1                           00002001
_IDLOC2                           00002002
_IDLOC3                           00002003
_INDF                             00000000
_INTCON                           00000000
_INTCONbits                       00000000
_LP_OSC                           00003FFC
_LVP_OFF                          00003F7F
_LVP_ON                           00003FFF
_OPTION_REG                       00000000
_OPTION_REGbits                   00000000
_PB_GetState                      00000000
_PB_Init                          00000000
_PB_Update                        00000000
_PCL                              00000000
_PCLATH                           00000000
_PCON                             00000000
_PCONbits                         00000000
_PIE1                             00000000
_PIE1bits                         00000000
_PIE2                             00000000
_PIE2bits                         00000000
_PIR1                             00000000
_PIR1bits                         00000000
_PIR2                             00000000
_PIR2bits                         00000000
_PORTA                            00000000
_PORTAbits                        00000000
_PORTB                            00000000
_PORTBbits                        00000000
_PORTC                            00000000
_PORTCbits                        00000000
_PORTD                            00000000
_PORTDbits                        00000000
_PORTE                            00000000
_PORTEbits                        00000000
_PR2                              00000000
_PWRTE_OFF                        00003FFF
_PWRTE_ON                         00003FF7
_RCREG                            00000000
_RCSTA                            00000000
_RCSTAbits                        00000000
_RC_OSC                           00003FFF
_SPBRG                            00000000
_SSD_Init                         00000000
_SSD_SetState                     00000000
_SSD_SetSymbol                    00000000
_SSD_Update                       00000000
gpasm-1.4.0 #1106 (Oct  6 2014) obj\Debug\Seb   5-12-2022  04:44:42         PAGE 19


SYMBOL TABLE
  LABEL                             VALUE 

_SSPADD                           00000000
_SSPBUF                           00000000
_SSPCON                           00000000
_SSPCON2                          00000000
_SSPCON2bits                      00000000
_SSPCONbits                       00000000
_SSPSTAT                          00000000
_SSPSTATbits                      00000000
_STATUS                           00000000
_STATUSbits                       00000000
_T1CON                            00000000
_T1CONbits                        00000000
_T2CON                            00000000
_T2CONbits                        00000000
_TMR0                             00000000
_TMR1                             00000000
_TMR1H                            00000000
_TMR1L                            00000000
_TMR2                             00000000
_TRISA                            00000000
_TRISAbits                        00000000
_TRISB                            00000000
_TRISBbits                        00000000
_TRISC                            00000000
_TRISCbits                        00000000
_TRISD                            00000000
_TRISDbits                        00000000
_TRISE                            00000000
_TRISEbits                        00000000
_TXREG                            00000000
_TXSTA                            00000000
_TXSTAbits                        00000000
_WDTE_OFF                         00003FFB
_WDTE_ON                          00003FFF
_WDT_OFF                          00003FFB
_WDT_ON                           00003FFF
_WRT_1FOURTH                      00003BFF
_WRT_256                          00003DFF
_WRT_HALF                         000039FF
_WRT_OFF                          00003FFF
_XT_OSC                           00003FFD
__16F877A                         00000001
__CODE_END                        00001FFF
__CODE_START                      00000000
__COMMON_RAM_END                  0000007F
__COMMON_RAM_START                00000070
__EEPROM_END                      000021FF
__EEPROM_START                    00002100
__VECTOR_INT                      00000004
__VECTOR_RESET                    00000000
__sdcc_gsinit_startup             00000000
_code_Sebha_0006                  00000006
_code_Sebha_000E                  0000000E
gpasm-1.4.0 #1106 (Oct  6 2014) obj\Debug\Seb   5-12-2022  04:44:42         PAGE 20


SYMBOL TABLE
  LABEL                             VALUE 

_code_Sebha_0016                  00000016
_code_Sebha_0020                  00000020
_code_Sebha_002A                  0000002A
_code_Sebha_0034                  00000034
_code_Sebha_003E                  0000003E
_code_Sebha_0043                  00000043
_code_Sebha_0048                  00000048
_code_Sebha_004D                  0000004D
_main                             00000000

Errors   :     0
Warnings :     0 reported,     0 suppressed
Messages :     0 reported,     0 suppressed

